Added Component: Designator=LED1(LED_5050-SMD_4P-WS2812)
Added Component: Designator=LED2(LED_5050-SMD_4P-WS2812)
Added Component: Designator=LED3(LED_5050-SMD_4P-WS2812)
Added Component: Designator=LED4(LED_5050-SMD_4P-WS2812)
Added Component: Designator=LED5(LED_5050-SMD_4P-WS2812)
Added Component: Designator=LED6(LED_5050-SMD_4P-WS2812)
Added Component: Designator=LED7(LED_5050-SMD_4P-WS2812)
Added Component: Designator=LED8(LED_5050-SMD_4P-WS2812)
Added Component: Designator=LED9(LED_5050-SMD_4P-WS2812)
Added Component: Designator=LED10(LED_5050-SMD_4P-WS2812)
Added Component: Designator=LED11(LED_5050-SMD_4P-WS2812)
Added Component: Designator=LED12(LED_5050-SMD_4P-WS2812)
Added Component: Designator=LED13(LED_5050-SMD_4P-WS2812)
Added Component: Designator=LED14(LED_5050-SMD_4P-WS2812)
Added Component: Designator=LED15(LED_5050-SMD_4P-WS2812)
Added Component: Designator=LED16(LED_5050-SMD_4P-WS2812)
Added Component: Designator=LED17(LED_5050-SMD_4P-WS2812)
Added Component: Designator=LED18(LED_5050-SMD_4P-WS2812)
Added Component: Designator=LED19(LED_5050-SMD_4P-WS2812)
Added Component: Designator=LED20(LED_5050-SMD_4P-WS2812)
Added Component: Designator=LED21(LED_5050-SMD_4P-WS2812)
Added Component: Designator=LED22(LED_5050-SMD_4P-WS2812)
Added Component: Designator=LED23(LED_5050-SMD_4P-WS2812)
Added Component: Designator=LED24(LED_5050-SMD_4P-WS2812)
Added Component: Designator=LED25(LED_5050-SMD_4P-WS2812)
Added Component: Designator=LED26(LED_5050-SMD_4P-WS2812)
Added Component: Designator=LED27(LED_5050-SMD_4P-WS2812)
Added Component: Designator=LED28(LED_5050-SMD_4P-WS2812)
Added Component: Designator=LED29(LED_5050-SMD_4P-WS2812)
Added Component: Designator=LED30(LED_5050-SMD_4P-WS2812)
Added Component: Designator=LED31(LED_5050-SMD_4P-WS2812)
Added Component: Designator=LED32(LED_5050-SMD_4P-WS2812)
Added Component: Designator=LED33(LED_5050-SMD_4P-WS2812)
Added Component: Designator=LED34(LED_5050-SMD_4P-WS2812)
Added Component: Designator=LED35(LED_5050-SMD_4P-WS2812)
Added Component: Designator=LED36(LED_5050-SMD_4P-WS2812)
Added Component: Designator=LED37(LED_5050-SMD_4P-WS2812)
Added Component: Designator=LED38(LED_5050-SMD_4P-WS2812)
Added Component: Designator=LED39(LED_5050-SMD_4P-WS2812)
Added Component: Designator=LED40(LED_5050-SMD_4P-WS2812)
Added Component: Designator=LED41(LED_5050-SMD_4P-WS2812)
Added Component: Designator=LED42(LED_5050-SMD_4P-WS2812)
Added Component: Designator=LED43(LED_5050-SMD_4P-WS2812)
Added Component: Designator=LED44(LED_5050-SMD_4P-WS2812)
Added Component: Designator=LED45(LED_5050-SMD_4P-WS2812)
Added Component: Designator=LED46(LED_5050-SMD_4P-WS2812)
Added Component: Designator=LED47(LED_5050-SMD_4P-WS2812)
Added Component: Designator=LED48(LED_5050-SMD_4P-WS2812)
Added Component: Designator=LED49(LED_5050-SMD_4P-WS2812)
Added Component: Designator=LED50(LED_5050-SMD_4P-WS2812)
Added Component: Designator=LED51(LED_5050-SMD_4P-WS2812)
Added Component: Designator=LED52(LED_5050-SMD_4P-WS2812)
Added Component: Designator=LED53(LED_5050-SMD_4P-WS2812)
Added Component: Designator=LED54(LED_5050-SMD_4P-WS2812)
Added Component: Designator=LED55(LED_5050-SMD_4P-WS2812)
Added Component: Designator=LED56(LED_5050-SMD_4P-WS2812)
Added Component: Designator=LED57(LED_5050-SMD_4P-WS2812)
Added Component: Designator=LED58(LED_5050-SMD_4P-WS2812)
Added Component: Designator=LED59(LED_5050-SMD_4P-WS2812)
Added Component: Designator=LED60(LED_5050-SMD_4P-WS2812)
Added Component: Designator=LED61(LED_5050-SMD_4P-WS2812)
Added Component: Designator=LED62(LED_5050-SMD_4P-WS2812)
Added Component: Designator=LED63(LED_5050-SMD_4P-WS2812)
Added Component: Designator=LED64(LED_5050-SMD_4P-WS2812)
Added Component: Designator=LED65(LED_5050-SMD_4P-WS2812)
Added Component: Designator=LED66(LED_5050-SMD_4P-WS2812)
Added Component: Designator=LED67(LED_5050-SMD_4P-WS2812)
Added Component: Designator=LED68(LED_5050-SMD_4P-WS2812)
Added Component: Designator=LED69(LED_5050-SMD_4P-WS2812)
Added Component: Designator=LED70(LED_5050-SMD_4P-WS2812)
Added Component: Designator=LED71(LED_5050-SMD_4P-WS2812)
Added Component: Designator=LED72(LED_5050-SMD_4P-WS2812)
Added Component: Designator=LED73(LED_5050-SMD_4P-WS2812)
Added Component: Designator=LED74(LED_5050-SMD_4P-WS2812)
Added Component: Designator=LED75(LED_5050-SMD_4P-WS2812)
Added Component: Designator=LED76(LED_5050-SMD_4P-WS2812)
Added Component: Designator=LED77(LED_5050-SMD_4P-WS2812)
Added Component: Designator=LED78(LED_5050-SMD_4P-WS2812)
Added Component: Designator=LED79(LED_5050-SMD_4P-WS2812)
Added Component: Designator=LED80(LED_5050-SMD_4P-WS2812)
Added Component: Designator=LED81(LED_5050-SMD_4P-WS2812)
Added Component: Designator=LED82(LED_5050-SMD_4P-WS2812)
Added Component: Designator=LED83(LED_5050-SMD_4P-WS2812)
Added Component: Designator=LED84(LED_5050-SMD_4P-WS2812)
Added Component: Designator=LED85(LED_5050-SMD_4P-WS2812)
Added Component: Designator=LED86(LED_5050-SMD_4P-WS2812)
Added Component: Designator=LED87(LED_5050-SMD_4P-WS2812)
Added Component: Designator=LED88(LED_5050-SMD_4P-WS2812)
Added Component: Designator=LED89(LED_5050-SMD_4P-WS2812)
Added Component: Designator=LED90(LED_5050-SMD_4P-WS2812)
Added Component: Designator=LED91(LED_5050-SMD_4P-WS2812)
Added Component: Designator=LED92(LED_5050-SMD_4P-WS2812)
Added Component: Designator=LED93(LED_5050-SMD_4P-WS2812)
Added Component: Designator=LED94(LED_5050-SMD_4P-WS2812)
Added Component: Designator=LED95(LED_5050-SMD_4P-WS2812)
Added Component: Designator=LED96(LED_5050-SMD_4P-WS2812)
Added Component: Designator=LED97(LED_5050-SMD_4P-WS2812)
Added Component: Designator=LED98(LED_5050-SMD_4P-WS2812)
Added Component: Designator=LED99(LED_5050-SMD_4P-WS2812)
Added Component: Designator=LED100(LED_5050-SMD_4P-WS2812)
Added Component: Designator=LED101(LED_5050-SMD_4P-WS2812)
Added Component: Designator=LED102(LED_5050-SMD_4P-WS2812)
Added Component: Designator=LED103(LED_5050-SMD_4P-WS2812)
Added Component: Designator=LED104(LED_5050-SMD_4P-WS2812)
Added Component: Designator=LED105(LED_5050-SMD_4P-WS2812)
Added Component: Designator=LED106(LED_5050-SMD_4P-WS2812)
Added Component: Designator=LED107(LED_5050-SMD_4P-WS2812)
Added Component: Designator=LED108(LED_5050-SMD_4P-WS2812)
Added Component: Designator=LED109(LED_5050-SMD_4P-WS2812)
Added Component: Designator=LED110(LED_5050-SMD_4P-WS2812)
Added Component: Designator=LED111(LED_5050-SMD_4P-WS2812)
Added Component: Designator=LED112(LED_5050-SMD_4P-WS2812)
Added Component: Designator=LED113(LED_5050-SMD_4P-WS2812)
Added Component: Designator=LED114(LED_5050-SMD_4P-WS2812)
Added Component: Designator=LED115(LED_5050-SMD_4P-WS2812)
Added Component: Designator=LED116(LED_5050-SMD_4P-WS2812)
Added Component: Designator=LED117(LED_5050-SMD_4P-WS2812)
Added Component: Designator=LED118(LED_5050-SMD_4P-WS2812)
Added Component: Designator=LED119(LED_5050-SMD_4P-WS2812)
Added Component: Designator=LED120(LED_5050-SMD_4P-WS2812)
Added Component: Designator=LED121(LED_5050-SMD_4P-WS2812)
Added Component: Designator=LED122(LED_5050-SMD_4P-WS2812)
Added Component: Designator=LED123(LED_5050-SMD_4P-WS2812)
Added Component: Designator=LED124(LED_5050-SMD_4P-WS2812)
Added Component: Designator=LED125(LED_5050-SMD_4P-WS2812)
Added Component: Designator=LED126(LED_5050-SMD_4P-WS2812)
Added Component: Designator=LED127(LED_5050-SMD_4P-WS2812)
Added Component: Designator=LED128(LED_5050-SMD_4P-WS2812)
Added Component: Designator=LED129(LED_5050-SMD_4P-WS2812)
Added Component: Designator=LED130(LED_5050-SMD_4P-WS2812)
Added Component: Designator=LED131(LED_5050-SMD_4P-WS2812)
Added Component: Designator=LED132(LED_5050-SMD_4P-WS2812)
Added Component: Designator=LED133(LED_5050-SMD_4P-WS2812)
Added Component: Designator=LED134(LED_5050-SMD_4P-WS2812)
Added Component: Designator=LED135(LED_5050-SMD_4P-WS2812)
Added Component: Designator=LED136(LED_5050-SMD_4P-WS2812)
Added Component: Designator=LED137(LED_5050-SMD_4P-WS2812)
Added Component: Designator=LED138(LED_5050-SMD_4P-WS2812)
Added Component: Designator=LED139(LED_5050-SMD_4P-WS2812)
Added Component: Designator=LED140(LED_5050-SMD_4P-WS2812)
Added Component: Designator=LED141(LED_5050-SMD_4P-WS2812)
Added Component: Designator=LED142(LED_5050-SMD_4P-WS2812)
Added Component: Designator=LED143(LED_5050-SMD_4P-WS2812)
Added Component: Designator=LED144(LED_5050-SMD_4P-WS2812)
Added Component: Designator=LED145(LED_5050-SMD_4P-WS2812)
Added Component: Designator=LED146(LED_5050-SMD_4P-WS2812)
Added Component: Designator=LED147(LED_5050-SMD_4P-WS2812)
Added Component: Designator=LED148(LED_5050-SMD_4P-WS2812)
Added Component: Designator=LED149(LED_5050-SMD_4P-WS2812)
Added Component: Designator=LED150(LED_5050-SMD_4P-WS2812)
Added Component: Designator=LED151(LED_5050-SMD_4P-WS2812)
Added Component: Designator=LED152(LED_5050-SMD_4P-WS2812)
Added Component: Designator=LED153(LED_5050-SMD_4P-WS2812)
Added Component: Designator=LED154(LED_5050-SMD_4P-WS2812)
Added Component: Designator=LED155(LED_5050-SMD_4P-WS2812)
Added Component: Designator=LED156(LED_5050-SMD_4P-WS2812)
Added Component: Designator=LED157(LED_5050-SMD_4P-WS2812)
Added Component: Designator=LED158(LED_5050-SMD_4P-WS2812)
Added Component: Designator=LED159(LED_5050-SMD_4P-WS2812)
Added Component: Designator=LED160(LED_5050-SMD_4P-WS2812)
Added Component: Designator=LED161(LED_5050-SMD_4P-WS2812)
Added Component: Designator=LED162(LED_5050-SMD_4P-WS2812)
Added Component: Designator=LED163(LED_5050-SMD_4P-WS2812)
Added Component: Designator=LED164(LED_5050-SMD_4P-WS2812)
Added Component: Designator=LED165(LED_5050-SMD_4P-WS2812)
Added Component: Designator=LED166(LED_5050-SMD_4P-WS2812)
Added Component: Designator=LED167(LED_5050-SMD_4P-WS2812)
Added Component: Designator=LED168(LED_5050-SMD_4P-WS2812)
Added Component: Designator=LED169(LED_5050-SMD_4P-WS2812)
Added Component: Designator=LED170(LED_5050-SMD_4P-WS2812)
Added Component: Designator=LED171(LED_5050-SMD_4P-WS2812)
Added Component: Designator=LED172(LED_5050-SMD_4P-WS2812)
Added Component: Designator=LED173(LED_5050-SMD_4P-WS2812)
Added Component: Designator=LED174(LED_5050-SMD_4P-WS2812)
Added Component: Designator=LED175(LED_5050-SMD_4P-WS2812)
Added Component: Designator=LED176(LED_5050-SMD_4P-WS2812)
Added Component: Designator=LED177(LED_5050-SMD_4P-WS2812)
Added Component: Designator=LED178(LED_5050-SMD_4P-WS2812)
Added Component: Designator=LED179(LED_5050-SMD_4P-WS2812)
Added Component: Designator=LED180(LED_5050-SMD_4P-WS2812)
Added Component: Designator=LED181(LED_5050-SMD_4P-WS2812)
Added Component: Designator=LED182(LED_5050-SMD_4P-WS2812)
Added Component: Designator=LED183(LED_5050-SMD_4P-WS2812)
Added Component: Designator=LED184(LED_5050-SMD_4P-WS2812)
Added Component: Designator=LED185(LED_5050-SMD_4P-WS2812)
Added Component: Designator=LED186(LED_5050-SMD_4P-WS2812)
Added Component: Designator=LED187(LED_5050-SMD_4P-WS2812)
Added Component: Designator=LED188(LED_5050-SMD_4P-WS2812)
Added Component: Designator=LED189(LED_5050-SMD_4P-WS2812)
Added Component: Designator=LED190(LED_5050-SMD_4P-WS2812)
Added Component: Designator=LED191(LED_5050-SMD_4P-WS2812)
Added Component: Designator=LED192(LED_5050-SMD_4P-WS2812)
Added Component: Designator=LED193(LED_5050-SMD_4P-WS2812)
Added Component: Designator=LED194(LED_5050-SMD_4P-WS2812)
Added Component: Designator=LED195(LED_5050-SMD_4P-WS2812)
Added Component: Designator=LED196(LED_5050-SMD_4P-WS2812)
Added Component: Designator=LED197(LED_5050-SMD_4P-WS2812)
Added Component: Designator=LED198(LED_5050-SMD_4P-WS2812)
Added Component: Designator=LED199(LED_5050-SMD_4P-WS2812)
Added Component: Designator=LED200(LED_5050-SMD_4P-WS2812)
Added Component: Designator=LED201(LED_5050-SMD_4P-WS2812)
Added Component: Designator=LED202(LED_5050-SMD_4P-WS2812)
Added Component: Designator=LED203(LED_5050-SMD_4P-WS2812)
Added Component: Designator=LED204(LED_5050-SMD_4P-WS2812)
Added Component: Designator=LED205(LED_5050-SMD_4P-WS2812)
Added Component: Designator=LED206(LED_5050-SMD_4P-WS2812)
Added Component: Designator=LED207(LED_5050-SMD_4P-WS2812)
Added Component: Designator=LED208(LED_5050-SMD_4P-WS2812)
Added Component: Designator=LED209(LED_5050-SMD_4P-WS2812)
Added Component: Designator=LED210(LED_5050-SMD_4P-WS2812)
Added Component: Designator=LED211(LED_5050-SMD_4P-WS2812)
Added Component: Designator=LED212(LED_5050-SMD_4P-WS2812)
Added Component: Designator=LED213(LED_5050-SMD_4P-WS2812)
Added Component: Designator=LED214(LED_5050-SMD_4P-WS2812)
Added Component: Designator=LED215(LED_5050-SMD_4P-WS2812)
Added Component: Designator=LED216(LED_5050-SMD_4P-WS2812)
Added Component: Designator=LED217(LED_5050-SMD_4P-WS2812)
Added Component: Designator=LED218(LED_5050-SMD_4P-WS2812)
Added Component: Designator=LED219(LED_5050-SMD_4P-WS2812)
Added Component: Designator=LED220(LED_5050-SMD_4P-WS2812)
Added Component: Designator=LED221(LED_5050-SMD_4P-WS2812)
Added Component: Designator=LED222(LED_5050-SMD_4P-WS2812)
Added Component: Designator=LED223(LED_5050-SMD_4P-WS2812)
Added Component: Designator=LED224(LED_5050-SMD_4P-WS2812)
Added Component: Designator=LED225(LED_5050-SMD_4P-WS2812)
Added Component: Designator=LED226(LED_5050-SMD_4P-WS2812)
Added Component: Designator=LED227(LED_5050-SMD_4P-WS2812)
Added Component: Designator=LED228(LED_5050-SMD_4P-WS2812)
Added Component: Designator=LED229(LED_5050-SMD_4P-WS2812)
Added Component: Designator=LED230(LED_5050-SMD_4P-WS2812)
Added Component: Designator=LED231(LED_5050-SMD_4P-WS2812)
Added Component: Designator=LED232(LED_5050-SMD_4P-WS2812)
Added Component: Designator=LED233(LED_5050-SMD_4P-WS2812)
Added Component: Designator=LED234(LED_5050-SMD_4P-WS2812)
Added Component: Designator=LED235(LED_5050-SMD_4P-WS2812)
Added Component: Designator=LED236(LED_5050-SMD_4P-WS2812)
Added Component: Designator=LED237(LED_5050-SMD_4P-WS2812)
Added Component: Designator=LED238(LED_5050-SMD_4P-WS2812)
Added Component: Designator=LED239(LED_5050-SMD_4P-WS2812)
Added Component: Designator=LED240(LED_5050-SMD_4P-WS2812)
Added Component: Designator=LED241(LED_5050-SMD_4P-WS2812)
Added Component: Designator=LED242(LED_5050-SMD_4P-WS2812)
Added Component: Designator=LED243(LED_5050-SMD_4P-WS2812)
Added Component: Designator=LED244(LED_5050-SMD_4P-WS2812)
Added Component: Designator=LED245(LED_5050-SMD_4P-WS2812)
Added Component: Designator=LED246(LED_5050-SMD_4P-WS2812)
Added Component: Designator=LED247(LED_5050-SMD_4P-WS2812)
Added Component: Designator=LED248(LED_5050-SMD_4P-WS2812)
Added Component: Designator=LED249(LED_5050-SMD_4P-WS2812)
Added Component: Designator=LED250(LED_5050-SMD_4P-WS2812)
Added Component: Designator=LED251(LED_5050-SMD_4P-WS2812)
Added Component: Designator=LED252(LED_5050-SMD_4P-WS2812)
Added Component: Designator=LED253(LED_5050-SMD_4P-WS2812)
Added Component: Designator=LED254(LED_5050-SMD_4P-WS2812)
Added Component: Designator=LED255(LED_5050-SMD_4P-WS2812)
Added Component: Designator=LED256(LED_5050-SMD_4P-WS2812)
Added Pin To Net: NetName=VCC Pin=LED1-1
Added Pin To Net: NetName=NetLED1_2 Pin=LED1-2
Added Pin To Net: NetName=GND Pin=LED1-3
Added Pin To Net: NetName=DIN Pin=LED1-4
Added Pin To Net: NetName=VCC Pin=LED2-1
Added Pin To Net: NetName=NetLED2_2 Pin=LED2-2
Added Pin To Net: NetName=GND Pin=LED2-3
Added Pin To Net: NetName=NetLED1_2 Pin=LED2-4
Added Pin To Net: NetName=VCC Pin=LED3-1
Added Pin To Net: NetName=NetLED3_2 Pin=LED3-2
Added Pin To Net: NetName=GND Pin=LED3-3
Added Pin To Net: NetName=NetLED2_2 Pin=LED3-4
Added Pin To Net: NetName=VCC Pin=LED4-1
Added Pin To Net: NetName=NetLED4_2 Pin=LED4-2
Added Pin To Net: NetName=GND Pin=LED4-3
Added Pin To Net: NetName=NetLED3_2 Pin=LED4-4
Added Pin To Net: NetName=VCC Pin=LED5-1
Added Pin To Net: NetName=NetLED5_2 Pin=LED5-2
Added Pin To Net: NetName=GND Pin=LED5-3
Added Pin To Net: NetName=NetLED4_2 Pin=LED5-4
Added Pin To Net: NetName=VCC Pin=LED6-1
Added Pin To Net: NetName=NetLED6_2 Pin=LED6-2
Added Pin To Net: NetName=GND Pin=LED6-3
Added Pin To Net: NetName=NetLED5_2 Pin=LED6-4
Added Pin To Net: NetName=VCC Pin=LED7-1
Added Pin To Net: NetName=NetLED7_2 Pin=LED7-2
Added Pin To Net: NetName=GND Pin=LED7-3
Added Pin To Net: NetName=NetLED6_2 Pin=LED7-4
Added Pin To Net: NetName=VCC Pin=LED8-1
Added Pin To Net: NetName=NetLED8_2 Pin=LED8-2
Added Pin To Net: NetName=GND Pin=LED8-3
Added Pin To Net: NetName=NetLED7_2 Pin=LED8-4
Added Pin To Net: NetName=VCC Pin=LED9-1
Added Pin To Net: NetName=NetLED9_2 Pin=LED9-2
Added Pin To Net: NetName=GND Pin=LED9-3
Added Pin To Net: NetName=NetLED8_2 Pin=LED9-4
Added Pin To Net: NetName=VCC Pin=LED10-1
Added Pin To Net: NetName=NetLED10_2 Pin=LED10-2
Added Pin To Net: NetName=GND Pin=LED10-3
Added Pin To Net: NetName=NetLED9_2 Pin=LED10-4
Added Pin To Net: NetName=VCC Pin=LED11-1
Added Pin To Net: NetName=NetLED11_2 Pin=LED11-2
Added Pin To Net: NetName=GND Pin=LED11-3
Added Pin To Net: NetName=NetLED10_2 Pin=LED11-4
Added Pin To Net: NetName=VCC Pin=LED12-1
Added Pin To Net: NetName=NetLED12_2 Pin=LED12-2
Added Pin To Net: NetName=GND Pin=LED12-3
Added Pin To Net: NetName=NetLED11_2 Pin=LED12-4
Added Pin To Net: NetName=VCC Pin=LED13-1
Added Pin To Net: NetName=NetLED13_2 Pin=LED13-2
Added Pin To Net: NetName=GND Pin=LED13-3
Added Pin To Net: NetName=NetLED12_2 Pin=LED13-4
Added Pin To Net: NetName=VCC Pin=LED14-1
Added Pin To Net: NetName=NetLED14_2 Pin=LED14-2
Added Pin To Net: NetName=GND Pin=LED14-3
Added Pin To Net: NetName=NetLED13_2 Pin=LED14-4
Added Pin To Net: NetName=VCC Pin=LED15-1
Added Pin To Net: NetName=NetLED15_2 Pin=LED15-2
Added Pin To Net: NetName=GND Pin=LED15-3
Added Pin To Net: NetName=NetLED14_2 Pin=LED15-4
Added Pin To Net: NetName=VCC Pin=LED16-1
Added Pin To Net: NetName=DOUT1 Pin=LED16-2
Added Pin To Net: NetName=GND Pin=LED16-3
Added Pin To Net: NetName=NetLED15_2 Pin=LED16-4
Added Pin To Net: NetName=VCC Pin=LED17-1
Added Pin To Net: NetName=NetLED17_2 Pin=LED17-2
Added Pin To Net: NetName=GND Pin=LED17-3
Added Pin To Net: NetName=DOUT1 Pin=LED17-4
Added Pin To Net: NetName=VCC Pin=LED18-1
Added Pin To Net: NetName=NetLED18_2 Pin=LED18-2
Added Pin To Net: NetName=GND Pin=LED18-3
Added Pin To Net: NetName=NetLED17_2 Pin=LED18-4
Added Pin To Net: NetName=VCC Pin=LED19-1
Added Pin To Net: NetName=NetLED19_2 Pin=LED19-2
Added Pin To Net: NetName=GND Pin=LED19-3
Added Pin To Net: NetName=NetLED18_2 Pin=LED19-4
Added Pin To Net: NetName=VCC Pin=LED20-1
Added Pin To Net: NetName=NetLED20_2 Pin=LED20-2
Added Pin To Net: NetName=GND Pin=LED20-3
Added Pin To Net: NetName=NetLED19_2 Pin=LED20-4
Added Pin To Net: NetName=VCC Pin=LED21-1
Added Pin To Net: NetName=NetLED21_2 Pin=LED21-2
Added Pin To Net: NetName=GND Pin=LED21-3
Added Pin To Net: NetName=NetLED20_2 Pin=LED21-4
Added Pin To Net: NetName=VCC Pin=LED22-1
Added Pin To Net: NetName=NetLED22_2 Pin=LED22-2
Added Pin To Net: NetName=GND Pin=LED22-3
Added Pin To Net: NetName=NetLED21_2 Pin=LED22-4
Added Pin To Net: NetName=VCC Pin=LED23-1
Added Pin To Net: NetName=NetLED23_2 Pin=LED23-2
Added Pin To Net: NetName=GND Pin=LED23-3
Added Pin To Net: NetName=NetLED22_2 Pin=LED23-4
Added Pin To Net: NetName=VCC Pin=LED24-1
Added Pin To Net: NetName=NetLED24_2 Pin=LED24-2
Added Pin To Net: NetName=GND Pin=LED24-3
Added Pin To Net: NetName=NetLED23_2 Pin=LED24-4
Added Pin To Net: NetName=VCC Pin=LED25-1
Added Pin To Net: NetName=NetLED25_2 Pin=LED25-2
Added Pin To Net: NetName=GND Pin=LED25-3
Added Pin To Net: NetName=NetLED24_2 Pin=LED25-4
Added Pin To Net: NetName=VCC Pin=LED26-1
Added Pin To Net: NetName=NetLED26_2 Pin=LED26-2
Added Pin To Net: NetName=GND Pin=LED26-3
Added Pin To Net: NetName=NetLED25_2 Pin=LED26-4
Added Pin To Net: NetName=VCC Pin=LED27-1
Added Pin To Net: NetName=NetLED27_2 Pin=LED27-2
Added Pin To Net: NetName=GND Pin=LED27-3
Added Pin To Net: NetName=NetLED26_2 Pin=LED27-4
Added Pin To Net: NetName=VCC Pin=LED28-1
Added Pin To Net: NetName=NetLED28_2 Pin=LED28-2
Added Pin To Net: NetName=GND Pin=LED28-3
Added Pin To Net: NetName=NetLED27_2 Pin=LED28-4
Added Pin To Net: NetName=VCC Pin=LED29-1
Added Pin To Net: NetName=NetLED29_2 Pin=LED29-2
Added Pin To Net: NetName=GND Pin=LED29-3
Added Pin To Net: NetName=NetLED28_2 Pin=LED29-4
Added Pin To Net: NetName=VCC Pin=LED30-1
Added Pin To Net: NetName=NetLED30_2 Pin=LED30-2
Added Pin To Net: NetName=GND Pin=LED30-3
Added Pin To Net: NetName=NetLED29_2 Pin=LED30-4
Added Pin To Net: NetName=VCC Pin=LED31-1
Added Pin To Net: NetName=NetLED31_2 Pin=LED31-2
Added Pin To Net: NetName=GND Pin=LED31-3
Added Pin To Net: NetName=NetLED30_2 Pin=LED31-4
Added Pin To Net: NetName=VCC Pin=LED32-1
Added Pin To Net: NetName=DOUT2 Pin=LED32-2
Added Pin To Net: NetName=GND Pin=LED32-3
Added Pin To Net: NetName=NetLED31_2 Pin=LED32-4
Added Pin To Net: NetName=VCC Pin=LED33-1
Added Pin To Net: NetName=NetLED33_2 Pin=LED33-2
Added Pin To Net: NetName=GND Pin=LED33-3
Added Pin To Net: NetName=DOUT2 Pin=LED33-4
Added Pin To Net: NetName=VCC Pin=LED34-1
Added Pin To Net: NetName=NetLED34_2 Pin=LED34-2
Added Pin To Net: NetName=GND Pin=LED34-3
Added Pin To Net: NetName=NetLED33_2 Pin=LED34-4
Added Pin To Net: NetName=VCC Pin=LED35-1
Added Pin To Net: NetName=NetLED35_2 Pin=LED35-2
Added Pin To Net: NetName=GND Pin=LED35-3
Added Pin To Net: NetName=NetLED34_2 Pin=LED35-4
Added Pin To Net: NetName=VCC Pin=LED36-1
Added Pin To Net: NetName=NetLED36_2 Pin=LED36-2
Added Pin To Net: NetName=GND Pin=LED36-3
Added Pin To Net: NetName=NetLED35_2 Pin=LED36-4
Added Pin To Net: NetName=VCC Pin=LED37-1
Added Pin To Net: NetName=NetLED37_2 Pin=LED37-2
Added Pin To Net: NetName=GND Pin=LED37-3
Added Pin To Net: NetName=NetLED36_2 Pin=LED37-4
Added Pin To Net: NetName=VCC Pin=LED38-1
Added Pin To Net: NetName=NetLED38_2 Pin=LED38-2
Added Pin To Net: NetName=GND Pin=LED38-3
Added Pin To Net: NetName=NetLED37_2 Pin=LED38-4
Added Pin To Net: NetName=VCC Pin=LED39-1
Added Pin To Net: NetName=NetLED39_2 Pin=LED39-2
Added Pin To Net: NetName=GND Pin=LED39-3
Added Pin To Net: NetName=NetLED38_2 Pin=LED39-4
Added Pin To Net: NetName=VCC Pin=LED40-1
Added Pin To Net: NetName=NetLED40_2 Pin=LED40-2
Added Pin To Net: NetName=GND Pin=LED40-3
Added Pin To Net: NetName=NetLED39_2 Pin=LED40-4
Added Pin To Net: NetName=VCC Pin=LED41-1
Added Pin To Net: NetName=NetLED41_2 Pin=LED41-2
Added Pin To Net: NetName=GND Pin=LED41-3
Added Pin To Net: NetName=NetLED40_2 Pin=LED41-4
Added Pin To Net: NetName=VCC Pin=LED42-1
Added Pin To Net: NetName=NetLED42_2 Pin=LED42-2
Added Pin To Net: NetName=GND Pin=LED42-3
Added Pin To Net: NetName=NetLED41_2 Pin=LED42-4
Added Pin To Net: NetName=VCC Pin=LED43-1
Added Pin To Net: NetName=NetLED43_2 Pin=LED43-2
Added Pin To Net: NetName=GND Pin=LED43-3
Added Pin To Net: NetName=NetLED42_2 Pin=LED43-4
Added Pin To Net: NetName=VCC Pin=LED44-1
Added Pin To Net: NetName=NetLED44_2 Pin=LED44-2
Added Pin To Net: NetName=GND Pin=LED44-3
Added Pin To Net: NetName=NetLED43_2 Pin=LED44-4
Added Pin To Net: NetName=VCC Pin=LED45-1
Added Pin To Net: NetName=NetLED45_2 Pin=LED45-2
Added Pin To Net: NetName=GND Pin=LED45-3
Added Pin To Net: NetName=NetLED44_2 Pin=LED45-4
Added Pin To Net: NetName=VCC Pin=LED46-1
Added Pin To Net: NetName=NetLED46_2 Pin=LED46-2
Added Pin To Net: NetName=GND Pin=LED46-3
Added Pin To Net: NetName=NetLED45_2 Pin=LED46-4
Added Pin To Net: NetName=VCC Pin=LED47-1
Added Pin To Net: NetName=NetLED47_2 Pin=LED47-2
Added Pin To Net: NetName=GND Pin=LED47-3
Added Pin To Net: NetName=NetLED46_2 Pin=LED47-4
Added Pin To Net: NetName=VCC Pin=LED48-1
Added Pin To Net: NetName=DOUT3 Pin=LED48-2
Added Pin To Net: NetName=GND Pin=LED48-3
Added Pin To Net: NetName=NetLED47_2 Pin=LED48-4
Added Pin To Net: NetName=VCC Pin=LED49-1
Added Pin To Net: NetName=NetLED49_2 Pin=LED49-2
Added Pin To Net: NetName=GND Pin=LED49-3
Added Pin To Net: NetName=DOUT3 Pin=LED49-4
Added Pin To Net: NetName=VCC Pin=LED50-1
Added Pin To Net: NetName=NetLED50_2 Pin=LED50-2
Added Pin To Net: NetName=GND Pin=LED50-3
Added Pin To Net: NetName=NetLED49_2 Pin=LED50-4
Added Pin To Net: NetName=VCC Pin=LED51-1
Added Pin To Net: NetName=NetLED51_2 Pin=LED51-2
Added Pin To Net: NetName=GND Pin=LED51-3
Added Pin To Net: NetName=NetLED50_2 Pin=LED51-4
Added Pin To Net: NetName=VCC Pin=LED52-1
Added Pin To Net: NetName=NetLED52_2 Pin=LED52-2
Added Pin To Net: NetName=GND Pin=LED52-3
Added Pin To Net: NetName=NetLED51_2 Pin=LED52-4
Added Pin To Net: NetName=VCC Pin=LED53-1
Added Pin To Net: NetName=NetLED53_2 Pin=LED53-2
Added Pin To Net: NetName=GND Pin=LED53-3
Added Pin To Net: NetName=NetLED52_2 Pin=LED53-4
Added Pin To Net: NetName=VCC Pin=LED54-1
Added Pin To Net: NetName=NetLED54_2 Pin=LED54-2
Added Pin To Net: NetName=GND Pin=LED54-3
Added Pin To Net: NetName=NetLED53_2 Pin=LED54-4
Added Pin To Net: NetName=VCC Pin=LED55-1
Added Pin To Net: NetName=NetLED55_2 Pin=LED55-2
Added Pin To Net: NetName=GND Pin=LED55-3
Added Pin To Net: NetName=NetLED54_2 Pin=LED55-4
Added Pin To Net: NetName=VCC Pin=LED56-1
Added Pin To Net: NetName=NetLED56_2 Pin=LED56-2
Added Pin To Net: NetName=GND Pin=LED56-3
Added Pin To Net: NetName=NetLED55_2 Pin=LED56-4
Added Pin To Net: NetName=VCC Pin=LED57-1
Added Pin To Net: NetName=NetLED57_2 Pin=LED57-2
Added Pin To Net: NetName=GND Pin=LED57-3
Added Pin To Net: NetName=NetLED56_2 Pin=LED57-4
Added Pin To Net: NetName=VCC Pin=LED58-1
Added Pin To Net: NetName=NetLED58_2 Pin=LED58-2
Added Pin To Net: NetName=GND Pin=LED58-3
Added Pin To Net: NetName=NetLED57_2 Pin=LED58-4
Added Pin To Net: NetName=VCC Pin=LED59-1
Added Pin To Net: NetName=NetLED59_2 Pin=LED59-2
Added Pin To Net: NetName=GND Pin=LED59-3
Added Pin To Net: NetName=NetLED58_2 Pin=LED59-4
Added Pin To Net: NetName=VCC Pin=LED60-1
Added Pin To Net: NetName=NetLED60_2 Pin=LED60-2
Added Pin To Net: NetName=GND Pin=LED60-3
Added Pin To Net: NetName=NetLED59_2 Pin=LED60-4
Added Pin To Net: NetName=VCC Pin=LED61-1
Added Pin To Net: NetName=NetLED61_2 Pin=LED61-2
Added Pin To Net: NetName=GND Pin=LED61-3
Added Pin To Net: NetName=NetLED60_2 Pin=LED61-4
Added Pin To Net: NetName=VCC Pin=LED62-1
Added Pin To Net: NetName=NetLED62_2 Pin=LED62-2
Added Pin To Net: NetName=GND Pin=LED62-3
Added Pin To Net: NetName=NetLED61_2 Pin=LED62-4
Added Pin To Net: NetName=VCC Pin=LED63-1
Added Pin To Net: NetName=NetLED63_2 Pin=LED63-2
Added Pin To Net: NetName=GND Pin=LED63-3
Added Pin To Net: NetName=NetLED62_2 Pin=LED63-4
Added Pin To Net: NetName=VCC Pin=LED64-1
Added Pin To Net: NetName=DOUT4 Pin=LED64-2
Added Pin To Net: NetName=GND Pin=LED64-3
Added Pin To Net: NetName=NetLED63_2 Pin=LED64-4
Added Pin To Net: NetName=VCC Pin=LED65-1
Added Pin To Net: NetName=NetLED65_2 Pin=LED65-2
Added Pin To Net: NetName=GND Pin=LED65-3
Added Pin To Net: NetName=DOUT4 Pin=LED65-4
Added Pin To Net: NetName=VCC Pin=LED66-1
Added Pin To Net: NetName=NetLED66_2 Pin=LED66-2
Added Pin To Net: NetName=GND Pin=LED66-3
Added Pin To Net: NetName=NetLED65_2 Pin=LED66-4
Added Pin To Net: NetName=VCC Pin=LED67-1
Added Pin To Net: NetName=NetLED67_2 Pin=LED67-2
Added Pin To Net: NetName=GND Pin=LED67-3
Added Pin To Net: NetName=NetLED66_2 Pin=LED67-4
Added Pin To Net: NetName=VCC Pin=LED68-1
Added Pin To Net: NetName=NetLED68_2 Pin=LED68-2
Added Pin To Net: NetName=GND Pin=LED68-3
Added Pin To Net: NetName=NetLED67_2 Pin=LED68-4
Added Pin To Net: NetName=VCC Pin=LED69-1
Added Pin To Net: NetName=NetLED69_2 Pin=LED69-2
Added Pin To Net: NetName=GND Pin=LED69-3
Added Pin To Net: NetName=NetLED68_2 Pin=LED69-4
Added Pin To Net: NetName=VCC Pin=LED70-1
Added Pin To Net: NetName=NetLED70_2 Pin=LED70-2
Added Pin To Net: NetName=GND Pin=LED70-3
Added Pin To Net: NetName=NetLED69_2 Pin=LED70-4
Added Pin To Net: NetName=VCC Pin=LED71-1
Added Pin To Net: NetName=NetLED71_2 Pin=LED71-2
Added Pin To Net: NetName=GND Pin=LED71-3
Added Pin To Net: NetName=NetLED70_2 Pin=LED71-4
Added Pin To Net: NetName=VCC Pin=LED72-1
Added Pin To Net: NetName=NetLED72_2 Pin=LED72-2
Added Pin To Net: NetName=GND Pin=LED72-3
Added Pin To Net: NetName=NetLED71_2 Pin=LED72-4
Added Pin To Net: NetName=VCC Pin=LED73-1
Added Pin To Net: NetName=NetLED73_2 Pin=LED73-2
Added Pin To Net: NetName=GND Pin=LED73-3
Added Pin To Net: NetName=NetLED72_2 Pin=LED73-4
Added Pin To Net: NetName=VCC Pin=LED74-1
Added Pin To Net: NetName=NetLED74_2 Pin=LED74-2
Added Pin To Net: NetName=GND Pin=LED74-3
Added Pin To Net: NetName=NetLED73_2 Pin=LED74-4
Added Pin To Net: NetName=VCC Pin=LED75-1
Added Pin To Net: NetName=NetLED75_2 Pin=LED75-2
Added Pin To Net: NetName=GND Pin=LED75-3
Added Pin To Net: NetName=NetLED74_2 Pin=LED75-4
Added Pin To Net: NetName=VCC Pin=LED76-1
Added Pin To Net: NetName=NetLED76_2 Pin=LED76-2
Added Pin To Net: NetName=GND Pin=LED76-3
Added Pin To Net: NetName=NetLED75_2 Pin=LED76-4
Added Pin To Net: NetName=VCC Pin=LED77-1
Added Pin To Net: NetName=NetLED77_2 Pin=LED77-2
Added Pin To Net: NetName=GND Pin=LED77-3
Added Pin To Net: NetName=NetLED76_2 Pin=LED77-4
Added Pin To Net: NetName=VCC Pin=LED78-1
Added Pin To Net: NetName=NetLED78_2 Pin=LED78-2
Added Pin To Net: NetName=GND Pin=LED78-3
Added Pin To Net: NetName=NetLED77_2 Pin=LED78-4
Added Pin To Net: NetName=VCC Pin=LED79-1
Added Pin To Net: NetName=NetLED79_2 Pin=LED79-2
Added Pin To Net: NetName=GND Pin=LED79-3
Added Pin To Net: NetName=NetLED78_2 Pin=LED79-4
Added Pin To Net: NetName=VCC Pin=LED80-1
Added Pin To Net: NetName=DOUT5 Pin=LED80-2
Added Pin To Net: NetName=GND Pin=LED80-3
Added Pin To Net: NetName=NetLED79_2 Pin=LED80-4
Added Pin To Net: NetName=VCC Pin=LED81-1
Added Pin To Net: NetName=NetLED81_2 Pin=LED81-2
Added Pin To Net: NetName=GND Pin=LED81-3
Added Pin To Net: NetName=DOUT5 Pin=LED81-4
Added Pin To Net: NetName=VCC Pin=LED82-1
Added Pin To Net: NetName=NetLED82_2 Pin=LED82-2
Added Pin To Net: NetName=GND Pin=LED82-3
Added Pin To Net: NetName=NetLED81_2 Pin=LED82-4
Added Pin To Net: NetName=VCC Pin=LED83-1
Added Pin To Net: NetName=NetLED83_2 Pin=LED83-2
Added Pin To Net: NetName=GND Pin=LED83-3
Added Pin To Net: NetName=NetLED82_2 Pin=LED83-4
Added Pin To Net: NetName=VCC Pin=LED84-1
Added Pin To Net: NetName=NetLED84_2 Pin=LED84-2
Added Pin To Net: NetName=GND Pin=LED84-3
Added Pin To Net: NetName=NetLED83_2 Pin=LED84-4
Added Pin To Net: NetName=VCC Pin=LED85-1
Added Pin To Net: NetName=NetLED85_2 Pin=LED85-2
Added Pin To Net: NetName=GND Pin=LED85-3
Added Pin To Net: NetName=NetLED84_2 Pin=LED85-4
Added Pin To Net: NetName=VCC Pin=LED86-1
Added Pin To Net: NetName=NetLED86_2 Pin=LED86-2
Added Pin To Net: NetName=GND Pin=LED86-3
Added Pin To Net: NetName=NetLED85_2 Pin=LED86-4
Added Pin To Net: NetName=VCC Pin=LED87-1
Added Pin To Net: NetName=NetLED87_2 Pin=LED87-2
Added Pin To Net: NetName=GND Pin=LED87-3
Added Pin To Net: NetName=NetLED86_2 Pin=LED87-4
Added Pin To Net: NetName=VCC Pin=LED88-1
Added Pin To Net: NetName=NetLED88_2 Pin=LED88-2
Added Pin To Net: NetName=GND Pin=LED88-3
Added Pin To Net: NetName=NetLED87_2 Pin=LED88-4
Added Pin To Net: NetName=VCC Pin=LED89-1
Added Pin To Net: NetName=NetLED89_2 Pin=LED89-2
Added Pin To Net: NetName=GND Pin=LED89-3
Added Pin To Net: NetName=NetLED88_2 Pin=LED89-4
Added Pin To Net: NetName=VCC Pin=LED90-1
Added Pin To Net: NetName=NetLED90_2 Pin=LED90-2
Added Pin To Net: NetName=GND Pin=LED90-3
Added Pin To Net: NetName=NetLED89_2 Pin=LED90-4
Added Pin To Net: NetName=VCC Pin=LED91-1
Added Pin To Net: NetName=NetLED91_2 Pin=LED91-2
Added Pin To Net: NetName=GND Pin=LED91-3
Added Pin To Net: NetName=NetLED90_2 Pin=LED91-4
Added Pin To Net: NetName=VCC Pin=LED92-1
Added Pin To Net: NetName=NetLED92_2 Pin=LED92-2
Added Pin To Net: NetName=GND Pin=LED92-3
Added Pin To Net: NetName=NetLED91_2 Pin=LED92-4
Added Pin To Net: NetName=VCC Pin=LED93-1
Added Pin To Net: NetName=NetLED93_2 Pin=LED93-2
Added Pin To Net: NetName=GND Pin=LED93-3
Added Pin To Net: NetName=NetLED92_2 Pin=LED93-4
Added Pin To Net: NetName=VCC Pin=LED94-1
Added Pin To Net: NetName=NetLED94_2 Pin=LED94-2
Added Pin To Net: NetName=GND Pin=LED94-3
Added Pin To Net: NetName=NetLED93_2 Pin=LED94-4
Added Pin To Net: NetName=VCC Pin=LED95-1
Added Pin To Net: NetName=NetLED95_2 Pin=LED95-2
Added Pin To Net: NetName=GND Pin=LED95-3
Added Pin To Net: NetName=NetLED94_2 Pin=LED95-4
Added Pin To Net: NetName=VCC Pin=LED96-1
Added Pin To Net: NetName=DOUT6 Pin=LED96-2
Added Pin To Net: NetName=GND Pin=LED96-3
Added Pin To Net: NetName=NetLED95_2 Pin=LED96-4
Added Pin To Net: NetName=VCC Pin=LED97-1
Added Pin To Net: NetName=NetLED97_2 Pin=LED97-2
Added Pin To Net: NetName=GND Pin=LED97-3
Added Pin To Net: NetName=DOUT6 Pin=LED97-4
Added Pin To Net: NetName=VCC Pin=LED98-1
Added Pin To Net: NetName=NetLED98_2 Pin=LED98-2
Added Pin To Net: NetName=GND Pin=LED98-3
Added Pin To Net: NetName=NetLED97_2 Pin=LED98-4
Added Pin To Net: NetName=VCC Pin=LED99-1
Added Pin To Net: NetName=NetLED99_2 Pin=LED99-2
Added Pin To Net: NetName=GND Pin=LED99-3
Added Pin To Net: NetName=NetLED98_2 Pin=LED99-4
Added Pin To Net: NetName=VCC Pin=LED100-1
Added Pin To Net: NetName=NetLED100_2 Pin=LED100-2
Added Pin To Net: NetName=GND Pin=LED100-3
Added Pin To Net: NetName=NetLED99_2 Pin=LED100-4
Added Pin To Net: NetName=VCC Pin=LED101-1
Added Pin To Net: NetName=NetLED101_2 Pin=LED101-2
Added Pin To Net: NetName=GND Pin=LED101-3
Added Pin To Net: NetName=NetLED100_2 Pin=LED101-4
Added Pin To Net: NetName=VCC Pin=LED102-1
Added Pin To Net: NetName=NetLED102_2 Pin=LED102-2
Added Pin To Net: NetName=GND Pin=LED102-3
Added Pin To Net: NetName=NetLED101_2 Pin=LED102-4
Added Pin To Net: NetName=VCC Pin=LED103-1
Added Pin To Net: NetName=NetLED103_2 Pin=LED103-2
Added Pin To Net: NetName=GND Pin=LED103-3
Added Pin To Net: NetName=NetLED102_2 Pin=LED103-4
Added Pin To Net: NetName=VCC Pin=LED104-1
Added Pin To Net: NetName=NetLED104_2 Pin=LED104-2
Added Pin To Net: NetName=GND Pin=LED104-3
Added Pin To Net: NetName=NetLED103_2 Pin=LED104-4
Added Pin To Net: NetName=VCC Pin=LED105-1
Added Pin To Net: NetName=NetLED105_2 Pin=LED105-2
Added Pin To Net: NetName=GND Pin=LED105-3
Added Pin To Net: NetName=NetLED104_2 Pin=LED105-4
Added Pin To Net: NetName=VCC Pin=LED106-1
Added Pin To Net: NetName=NetLED106_2 Pin=LED106-2
Added Pin To Net: NetName=GND Pin=LED106-3
Added Pin To Net: NetName=NetLED105_2 Pin=LED106-4
Added Pin To Net: NetName=VCC Pin=LED107-1
Added Pin To Net: NetName=NetLED107_2 Pin=LED107-2
Added Pin To Net: NetName=GND Pin=LED107-3
Added Pin To Net: NetName=NetLED106_2 Pin=LED107-4
Added Pin To Net: NetName=VCC Pin=LED108-1
Added Pin To Net: NetName=NetLED108_2 Pin=LED108-2
Added Pin To Net: NetName=GND Pin=LED108-3
Added Pin To Net: NetName=NetLED107_2 Pin=LED108-4
Added Pin To Net: NetName=VCC Pin=LED109-1
Added Pin To Net: NetName=NetLED109_2 Pin=LED109-2
Added Pin To Net: NetName=GND Pin=LED109-3
Added Pin To Net: NetName=NetLED108_2 Pin=LED109-4
Added Pin To Net: NetName=VCC Pin=LED110-1
Added Pin To Net: NetName=NetLED110_2 Pin=LED110-2
Added Pin To Net: NetName=GND Pin=LED110-3
Added Pin To Net: NetName=NetLED109_2 Pin=LED110-4
Added Pin To Net: NetName=VCC Pin=LED111-1
Added Pin To Net: NetName=NetLED111_2 Pin=LED111-2
Added Pin To Net: NetName=GND Pin=LED111-3
Added Pin To Net: NetName=NetLED110_2 Pin=LED111-4
Added Pin To Net: NetName=VCC Pin=LED112-1
Added Pin To Net: NetName=DOUT7 Pin=LED112-2
Added Pin To Net: NetName=GND Pin=LED112-3
Added Pin To Net: NetName=NetLED111_2 Pin=LED112-4
Added Pin To Net: NetName=VCC Pin=LED113-1
Added Pin To Net: NetName=NetLED113_2 Pin=LED113-2
Added Pin To Net: NetName=GND Pin=LED113-3
Added Pin To Net: NetName=DOUT7 Pin=LED113-4
Added Pin To Net: NetName=VCC Pin=LED114-1
Added Pin To Net: NetName=NetLED114_2 Pin=LED114-2
Added Pin To Net: NetName=GND Pin=LED114-3
Added Pin To Net: NetName=NetLED113_2 Pin=LED114-4
Added Pin To Net: NetName=VCC Pin=LED115-1
Added Pin To Net: NetName=NetLED115_2 Pin=LED115-2
Added Pin To Net: NetName=GND Pin=LED115-3
Added Pin To Net: NetName=NetLED114_2 Pin=LED115-4
Added Pin To Net: NetName=VCC Pin=LED116-1
Added Pin To Net: NetName=NetLED116_2 Pin=LED116-2
Added Pin To Net: NetName=GND Pin=LED116-3
Added Pin To Net: NetName=NetLED115_2 Pin=LED116-4
Added Pin To Net: NetName=VCC Pin=LED117-1
Added Pin To Net: NetName=NetLED117_2 Pin=LED117-2
Added Pin To Net: NetName=GND Pin=LED117-3
Added Pin To Net: NetName=NetLED116_2 Pin=LED117-4
Added Pin To Net: NetName=VCC Pin=LED118-1
Added Pin To Net: NetName=NetLED118_2 Pin=LED118-2
Added Pin To Net: NetName=GND Pin=LED118-3
Added Pin To Net: NetName=NetLED117_2 Pin=LED118-4
Added Pin To Net: NetName=VCC Pin=LED119-1
Added Pin To Net: NetName=NetLED119_2 Pin=LED119-2
Added Pin To Net: NetName=GND Pin=LED119-3
Added Pin To Net: NetName=NetLED118_2 Pin=LED119-4
Added Pin To Net: NetName=VCC Pin=LED120-1
Added Pin To Net: NetName=NetLED120_2 Pin=LED120-2
Added Pin To Net: NetName=GND Pin=LED120-3
Added Pin To Net: NetName=NetLED119_2 Pin=LED120-4
Added Pin To Net: NetName=VCC Pin=LED121-1
Added Pin To Net: NetName=NetLED121_2 Pin=LED121-2
Added Pin To Net: NetName=GND Pin=LED121-3
Added Pin To Net: NetName=NetLED120_2 Pin=LED121-4
Added Pin To Net: NetName=VCC Pin=LED122-1
Added Pin To Net: NetName=NetLED122_2 Pin=LED122-2
Added Pin To Net: NetName=GND Pin=LED122-3
Added Pin To Net: NetName=NetLED121_2 Pin=LED122-4
Added Pin To Net: NetName=VCC Pin=LED123-1
Added Pin To Net: NetName=NetLED123_2 Pin=LED123-2
Added Pin To Net: NetName=GND Pin=LED123-3
Added Pin To Net: NetName=NetLED122_2 Pin=LED123-4
Added Pin To Net: NetName=VCC Pin=LED124-1
Added Pin To Net: NetName=NetLED124_2 Pin=LED124-2
Added Pin To Net: NetName=GND Pin=LED124-3
Added Pin To Net: NetName=NetLED123_2 Pin=LED124-4
Added Pin To Net: NetName=VCC Pin=LED125-1
Added Pin To Net: NetName=NetLED125_2 Pin=LED125-2
Added Pin To Net: NetName=GND Pin=LED125-3
Added Pin To Net: NetName=NetLED124_2 Pin=LED125-4
Added Pin To Net: NetName=VCC Pin=LED126-1
Added Pin To Net: NetName=NetLED126_2 Pin=LED126-2
Added Pin To Net: NetName=GND Pin=LED126-3
Added Pin To Net: NetName=NetLED125_2 Pin=LED126-4
Added Pin To Net: NetName=VCC Pin=LED127-1
Added Pin To Net: NetName=NetLED127_2 Pin=LED127-2
Added Pin To Net: NetName=GND Pin=LED127-3
Added Pin To Net: NetName=NetLED126_2 Pin=LED127-4
Added Pin To Net: NetName=VCC Pin=LED128-1
Added Pin To Net: NetName=DOUT8 Pin=LED128-2
Added Pin To Net: NetName=GND Pin=LED128-3
Added Pin To Net: NetName=NetLED127_2 Pin=LED128-4
Added Pin To Net: NetName=VCC Pin=LED129-1
Added Pin To Net: NetName=NetLED129_2 Pin=LED129-2
Added Pin To Net: NetName=GND Pin=LED129-3
Added Pin To Net: NetName=DOUT8 Pin=LED129-4
Added Pin To Net: NetName=VCC Pin=LED130-1
Added Pin To Net: NetName=NetLED130_2 Pin=LED130-2
Added Pin To Net: NetName=GND Pin=LED130-3
Added Pin To Net: NetName=NetLED129_2 Pin=LED130-4
Added Pin To Net: NetName=VCC Pin=LED131-1
Added Pin To Net: NetName=NetLED131_2 Pin=LED131-2
Added Pin To Net: NetName=GND Pin=LED131-3
Added Pin To Net: NetName=NetLED130_2 Pin=LED131-4
Added Pin To Net: NetName=VCC Pin=LED132-1
Added Pin To Net: NetName=NetLED132_2 Pin=LED132-2
Added Pin To Net: NetName=GND Pin=LED132-3
Added Pin To Net: NetName=NetLED131_2 Pin=LED132-4
Added Pin To Net: NetName=VCC Pin=LED133-1
Added Pin To Net: NetName=NetLED133_2 Pin=LED133-2
Added Pin To Net: NetName=GND Pin=LED133-3
Added Pin To Net: NetName=NetLED132_2 Pin=LED133-4
Added Pin To Net: NetName=VCC Pin=LED134-1
Added Pin To Net: NetName=NetLED134_2 Pin=LED134-2
Added Pin To Net: NetName=GND Pin=LED134-3
Added Pin To Net: NetName=NetLED133_2 Pin=LED134-4
Added Pin To Net: NetName=VCC Pin=LED135-1
Added Pin To Net: NetName=NetLED135_2 Pin=LED135-2
Added Pin To Net: NetName=GND Pin=LED135-3
Added Pin To Net: NetName=NetLED134_2 Pin=LED135-4
Added Pin To Net: NetName=VCC Pin=LED136-1
Added Pin To Net: NetName=NetLED136_2 Pin=LED136-2
Added Pin To Net: NetName=GND Pin=LED136-3
Added Pin To Net: NetName=NetLED135_2 Pin=LED136-4
Added Pin To Net: NetName=VCC Pin=LED137-1
Added Pin To Net: NetName=NetLED137_2 Pin=LED137-2
Added Pin To Net: NetName=GND Pin=LED137-3
Added Pin To Net: NetName=NetLED136_2 Pin=LED137-4
Added Pin To Net: NetName=VCC Pin=LED138-1
Added Pin To Net: NetName=NetLED138_2 Pin=LED138-2
Added Pin To Net: NetName=GND Pin=LED138-3
Added Pin To Net: NetName=NetLED137_2 Pin=LED138-4
Added Pin To Net: NetName=VCC Pin=LED139-1
Added Pin To Net: NetName=NetLED139_2 Pin=LED139-2
Added Pin To Net: NetName=GND Pin=LED139-3
Added Pin To Net: NetName=NetLED138_2 Pin=LED139-4
Added Pin To Net: NetName=VCC Pin=LED140-1
Added Pin To Net: NetName=NetLED140_2 Pin=LED140-2
Added Pin To Net: NetName=GND Pin=LED140-3
Added Pin To Net: NetName=NetLED139_2 Pin=LED140-4
Added Pin To Net: NetName=VCC Pin=LED141-1
Added Pin To Net: NetName=NetLED141_2 Pin=LED141-2
Added Pin To Net: NetName=GND Pin=LED141-3
Added Pin To Net: NetName=NetLED140_2 Pin=LED141-4
Added Pin To Net: NetName=VCC Pin=LED142-1
Added Pin To Net: NetName=NetLED142_2 Pin=LED142-2
Added Pin To Net: NetName=GND Pin=LED142-3
Added Pin To Net: NetName=NetLED141_2 Pin=LED142-4
Added Pin To Net: NetName=VCC Pin=LED143-1
Added Pin To Net: NetName=NetLED143_2 Pin=LED143-2
Added Pin To Net: NetName=GND Pin=LED143-3
Added Pin To Net: NetName=NetLED142_2 Pin=LED143-4
Added Pin To Net: NetName=VCC Pin=LED144-1
Added Pin To Net: NetName=DOUT9 Pin=LED144-2
Added Pin To Net: NetName=GND Pin=LED144-3
Added Pin To Net: NetName=NetLED143_2 Pin=LED144-4
Added Pin To Net: NetName=VCC Pin=LED145-1
Added Pin To Net: NetName=NetLED145_2 Pin=LED145-2
Added Pin To Net: NetName=GND Pin=LED145-3
Added Pin To Net: NetName=DOUT9 Pin=LED145-4
Added Pin To Net: NetName=VCC Pin=LED146-1
Added Pin To Net: NetName=NetLED146_2 Pin=LED146-2
Added Pin To Net: NetName=GND Pin=LED146-3
Added Pin To Net: NetName=NetLED145_2 Pin=LED146-4
Added Pin To Net: NetName=VCC Pin=LED147-1
Added Pin To Net: NetName=NetLED147_2 Pin=LED147-2
Added Pin To Net: NetName=GND Pin=LED147-3
Added Pin To Net: NetName=NetLED146_2 Pin=LED147-4
Added Pin To Net: NetName=VCC Pin=LED148-1
Added Pin To Net: NetName=NetLED148_2 Pin=LED148-2
Added Pin To Net: NetName=GND Pin=LED148-3
Added Pin To Net: NetName=NetLED147_2 Pin=LED148-4
Added Pin To Net: NetName=VCC Pin=LED149-1
Added Pin To Net: NetName=NetLED149_2 Pin=LED149-2
Added Pin To Net: NetName=GND Pin=LED149-3
Added Pin To Net: NetName=NetLED148_2 Pin=LED149-4
Added Pin To Net: NetName=VCC Pin=LED150-1
Added Pin To Net: NetName=NetLED150_2 Pin=LED150-2
Added Pin To Net: NetName=GND Pin=LED150-3
Added Pin To Net: NetName=NetLED149_2 Pin=LED150-4
Added Pin To Net: NetName=VCC Pin=LED151-1
Added Pin To Net: NetName=NetLED151_2 Pin=LED151-2
Added Pin To Net: NetName=GND Pin=LED151-3
Added Pin To Net: NetName=NetLED150_2 Pin=LED151-4
Added Pin To Net: NetName=VCC Pin=LED152-1
Added Pin To Net: NetName=NetLED152_2 Pin=LED152-2
Added Pin To Net: NetName=GND Pin=LED152-3
Added Pin To Net: NetName=NetLED151_2 Pin=LED152-4
Added Pin To Net: NetName=VCC Pin=LED153-1
Added Pin To Net: NetName=NetLED153_2 Pin=LED153-2
Added Pin To Net: NetName=GND Pin=LED153-3
Added Pin To Net: NetName=NetLED152_2 Pin=LED153-4
Added Pin To Net: NetName=VCC Pin=LED154-1
Added Pin To Net: NetName=NetLED154_2 Pin=LED154-2
Added Pin To Net: NetName=GND Pin=LED154-3
Added Pin To Net: NetName=NetLED153_2 Pin=LED154-4
Added Pin To Net: NetName=VCC Pin=LED155-1
Added Pin To Net: NetName=NetLED155_2 Pin=LED155-2
Added Pin To Net: NetName=GND Pin=LED155-3
Added Pin To Net: NetName=NetLED154_2 Pin=LED155-4
Added Pin To Net: NetName=VCC Pin=LED156-1
Added Pin To Net: NetName=NetLED156_2 Pin=LED156-2
Added Pin To Net: NetName=GND Pin=LED156-3
Added Pin To Net: NetName=NetLED155_2 Pin=LED156-4
Added Pin To Net: NetName=VCC Pin=LED157-1
Added Pin To Net: NetName=NetLED157_2 Pin=LED157-2
Added Pin To Net: NetName=GND Pin=LED157-3
Added Pin To Net: NetName=NetLED156_2 Pin=LED157-4
Added Pin To Net: NetName=VCC Pin=LED158-1
Added Pin To Net: NetName=NetLED158_2 Pin=LED158-2
Added Pin To Net: NetName=GND Pin=LED158-3
Added Pin To Net: NetName=NetLED157_2 Pin=LED158-4
Added Pin To Net: NetName=VCC Pin=LED159-1
Added Pin To Net: NetName=NetLED159_2 Pin=LED159-2
Added Pin To Net: NetName=GND Pin=LED159-3
Added Pin To Net: NetName=NetLED158_2 Pin=LED159-4
Added Pin To Net: NetName=VCC Pin=LED160-1
Added Pin To Net: NetName=DOUT10 Pin=LED160-2
Added Pin To Net: NetName=GND Pin=LED160-3
Added Pin To Net: NetName=NetLED159_2 Pin=LED160-4
Added Pin To Net: NetName=VCC Pin=LED161-1
Added Pin To Net: NetName=NetLED161_2 Pin=LED161-2
Added Pin To Net: NetName=GND Pin=LED161-3
Added Pin To Net: NetName=DOUT10 Pin=LED161-4
Added Pin To Net: NetName=VCC Pin=LED162-1
Added Pin To Net: NetName=NetLED162_2 Pin=LED162-2
Added Pin To Net: NetName=GND Pin=LED162-3
Added Pin To Net: NetName=NetLED161_2 Pin=LED162-4
Added Pin To Net: NetName=VCC Pin=LED163-1
Added Pin To Net: NetName=NetLED163_2 Pin=LED163-2
Added Pin To Net: NetName=GND Pin=LED163-3
Added Pin To Net: NetName=NetLED162_2 Pin=LED163-4
Added Pin To Net: NetName=VCC Pin=LED164-1
Added Pin To Net: NetName=NetLED164_2 Pin=LED164-2
Added Pin To Net: NetName=GND Pin=LED164-3
Added Pin To Net: NetName=NetLED163_2 Pin=LED164-4
Added Pin To Net: NetName=VCC Pin=LED165-1
Added Pin To Net: NetName=NetLED165_2 Pin=LED165-2
Added Pin To Net: NetName=GND Pin=LED165-3
Added Pin To Net: NetName=NetLED164_2 Pin=LED165-4
Added Pin To Net: NetName=VCC Pin=LED166-1
Added Pin To Net: NetName=NetLED166_2 Pin=LED166-2
Added Pin To Net: NetName=GND Pin=LED166-3
Added Pin To Net: NetName=NetLED165_2 Pin=LED166-4
Added Pin To Net: NetName=VCC Pin=LED167-1
Added Pin To Net: NetName=NetLED167_2 Pin=LED167-2
Added Pin To Net: NetName=GND Pin=LED167-3
Added Pin To Net: NetName=NetLED166_2 Pin=LED167-4
Added Pin To Net: NetName=VCC Pin=LED168-1
Added Pin To Net: NetName=NetLED168_2 Pin=LED168-2
Added Pin To Net: NetName=GND Pin=LED168-3
Added Pin To Net: NetName=NetLED167_2 Pin=LED168-4
Added Pin To Net: NetName=VCC Pin=LED169-1
Added Pin To Net: NetName=NetLED169_2 Pin=LED169-2
Added Pin To Net: NetName=GND Pin=LED169-3
Added Pin To Net: NetName=NetLED168_2 Pin=LED169-4
Added Pin To Net: NetName=VCC Pin=LED170-1
Added Pin To Net: NetName=NetLED170_2 Pin=LED170-2
Added Pin To Net: NetName=GND Pin=LED170-3
Added Pin To Net: NetName=NetLED169_2 Pin=LED170-4
Added Pin To Net: NetName=VCC Pin=LED171-1
Added Pin To Net: NetName=NetLED171_2 Pin=LED171-2
Added Pin To Net: NetName=GND Pin=LED171-3
Added Pin To Net: NetName=NetLED170_2 Pin=LED171-4
Added Pin To Net: NetName=VCC Pin=LED172-1
Added Pin To Net: NetName=NetLED172_2 Pin=LED172-2
Added Pin To Net: NetName=GND Pin=LED172-3
Added Pin To Net: NetName=NetLED171_2 Pin=LED172-4
Added Pin To Net: NetName=VCC Pin=LED173-1
Added Pin To Net: NetName=NetLED173_2 Pin=LED173-2
Added Pin To Net: NetName=GND Pin=LED173-3
Added Pin To Net: NetName=NetLED172_2 Pin=LED173-4
Added Pin To Net: NetName=VCC Pin=LED174-1
Added Pin To Net: NetName=NetLED174_2 Pin=LED174-2
Added Pin To Net: NetName=GND Pin=LED174-3
Added Pin To Net: NetName=NetLED173_2 Pin=LED174-4
Added Pin To Net: NetName=VCC Pin=LED175-1
Added Pin To Net: NetName=NetLED175_2 Pin=LED175-2
Added Pin To Net: NetName=GND Pin=LED175-3
Added Pin To Net: NetName=NetLED174_2 Pin=LED175-4
Added Pin To Net: NetName=VCC Pin=LED176-1
Added Pin To Net: NetName=DOUT11 Pin=LED176-2
Added Pin To Net: NetName=GND Pin=LED176-3
Added Pin To Net: NetName=NetLED175_2 Pin=LED176-4
Added Pin To Net: NetName=VCC Pin=LED177-1
Added Pin To Net: NetName=NetLED177_2 Pin=LED177-2
Added Pin To Net: NetName=GND Pin=LED177-3
Added Pin To Net: NetName=DOUT11 Pin=LED177-4
Added Pin To Net: NetName=VCC Pin=LED178-1
Added Pin To Net: NetName=NetLED178_2 Pin=LED178-2
Added Pin To Net: NetName=GND Pin=LED178-3
Added Pin To Net: NetName=NetLED177_2 Pin=LED178-4
Added Pin To Net: NetName=VCC Pin=LED179-1
Added Pin To Net: NetName=NetLED179_2 Pin=LED179-2
Added Pin To Net: NetName=GND Pin=LED179-3
Added Pin To Net: NetName=NetLED178_2 Pin=LED179-4
Added Pin To Net: NetName=VCC Pin=LED180-1
Added Pin To Net: NetName=NetLED180_2 Pin=LED180-2
Added Pin To Net: NetName=GND Pin=LED180-3
Added Pin To Net: NetName=NetLED179_2 Pin=LED180-4
Added Pin To Net: NetName=VCC Pin=LED181-1
Added Pin To Net: NetName=NetLED181_2 Pin=LED181-2
Added Pin To Net: NetName=GND Pin=LED181-3
Added Pin To Net: NetName=NetLED180_2 Pin=LED181-4
Added Pin To Net: NetName=VCC Pin=LED182-1
Added Pin To Net: NetName=NetLED182_2 Pin=LED182-2
Added Pin To Net: NetName=GND Pin=LED182-3
Added Pin To Net: NetName=NetLED181_2 Pin=LED182-4
Added Pin To Net: NetName=VCC Pin=LED183-1
Added Pin To Net: NetName=NetLED183_2 Pin=LED183-2
Added Pin To Net: NetName=GND Pin=LED183-3
Added Pin To Net: NetName=NetLED182_2 Pin=LED183-4
Added Pin To Net: NetName=VCC Pin=LED184-1
Added Pin To Net: NetName=NetLED184_2 Pin=LED184-2
Added Pin To Net: NetName=GND Pin=LED184-3
Added Pin To Net: NetName=NetLED183_2 Pin=LED184-4
Added Pin To Net: NetName=VCC Pin=LED185-1
Added Pin To Net: NetName=NetLED185_2 Pin=LED185-2
Added Pin To Net: NetName=GND Pin=LED185-3
Added Pin To Net: NetName=NetLED184_2 Pin=LED185-4
Added Pin To Net: NetName=VCC Pin=LED186-1
Added Pin To Net: NetName=NetLED186_2 Pin=LED186-2
Added Pin To Net: NetName=GND Pin=LED186-3
Added Pin To Net: NetName=NetLED185_2 Pin=LED186-4
Added Pin To Net: NetName=VCC Pin=LED187-1
Added Pin To Net: NetName=NetLED187_2 Pin=LED187-2
Added Pin To Net: NetName=GND Pin=LED187-3
Added Pin To Net: NetName=NetLED186_2 Pin=LED187-4
Added Pin To Net: NetName=VCC Pin=LED188-1
Added Pin To Net: NetName=NetLED188_2 Pin=LED188-2
Added Pin To Net: NetName=GND Pin=LED188-3
Added Pin To Net: NetName=NetLED187_2 Pin=LED188-4
Added Pin To Net: NetName=VCC Pin=LED189-1
Added Pin To Net: NetName=NetLED189_2 Pin=LED189-2
Added Pin To Net: NetName=GND Pin=LED189-3
Added Pin To Net: NetName=NetLED188_2 Pin=LED189-4
Added Pin To Net: NetName=VCC Pin=LED190-1
Added Pin To Net: NetName=NetLED190_2 Pin=LED190-2
Added Pin To Net: NetName=GND Pin=LED190-3
Added Pin To Net: NetName=NetLED189_2 Pin=LED190-4
Added Pin To Net: NetName=VCC Pin=LED191-1
Added Pin To Net: NetName=NetLED191_2 Pin=LED191-2
Added Pin To Net: NetName=GND Pin=LED191-3
Added Pin To Net: NetName=NetLED190_2 Pin=LED191-4
Added Pin To Net: NetName=VCC Pin=LED192-1
Added Pin To Net: NetName=DOUT12 Pin=LED192-2
Added Pin To Net: NetName=GND Pin=LED192-3
Added Pin To Net: NetName=NetLED191_2 Pin=LED192-4
Added Pin To Net: NetName=VCC Pin=LED193-1
Added Pin To Net: NetName=NetLED193_2 Pin=LED193-2
Added Pin To Net: NetName=GND Pin=LED193-3
Added Pin To Net: NetName=DOUT12 Pin=LED193-4
Added Pin To Net: NetName=VCC Pin=LED194-1
Added Pin To Net: NetName=NetLED194_2 Pin=LED194-2
Added Pin To Net: NetName=GND Pin=LED194-3
Added Pin To Net: NetName=NetLED193_2 Pin=LED194-4
Added Pin To Net: NetName=VCC Pin=LED195-1
Added Pin To Net: NetName=NetLED195_2 Pin=LED195-2
Added Pin To Net: NetName=GND Pin=LED195-3
Added Pin To Net: NetName=NetLED194_2 Pin=LED195-4
Added Pin To Net: NetName=VCC Pin=LED196-1
Added Pin To Net: NetName=NetLED196_2 Pin=LED196-2
Added Pin To Net: NetName=GND Pin=LED196-3
Added Pin To Net: NetName=NetLED195_2 Pin=LED196-4
Added Pin To Net: NetName=VCC Pin=LED197-1
Added Pin To Net: NetName=NetLED197_2 Pin=LED197-2
Added Pin To Net: NetName=GND Pin=LED197-3
Added Pin To Net: NetName=NetLED196_2 Pin=LED197-4
Added Pin To Net: NetName=VCC Pin=LED198-1
Added Pin To Net: NetName=NetLED198_2 Pin=LED198-2
Added Pin To Net: NetName=GND Pin=LED198-3
Added Pin To Net: NetName=NetLED197_2 Pin=LED198-4
Added Pin To Net: NetName=VCC Pin=LED199-1
Added Pin To Net: NetName=NetLED199_2 Pin=LED199-2
Added Pin To Net: NetName=GND Pin=LED199-3
Added Pin To Net: NetName=NetLED198_2 Pin=LED199-4
Added Pin To Net: NetName=VCC Pin=LED200-1
Added Pin To Net: NetName=NetLED200_2 Pin=LED200-2
Added Pin To Net: NetName=GND Pin=LED200-3
Added Pin To Net: NetName=NetLED199_2 Pin=LED200-4
Added Pin To Net: NetName=VCC Pin=LED201-1
Added Pin To Net: NetName=NetLED201_2 Pin=LED201-2
Added Pin To Net: NetName=GND Pin=LED201-3
Added Pin To Net: NetName=NetLED200_2 Pin=LED201-4
Added Pin To Net: NetName=VCC Pin=LED202-1
Added Pin To Net: NetName=NetLED202_2 Pin=LED202-2
Added Pin To Net: NetName=GND Pin=LED202-3
Added Pin To Net: NetName=NetLED201_2 Pin=LED202-4
Added Pin To Net: NetName=VCC Pin=LED203-1
Added Pin To Net: NetName=NetLED203_2 Pin=LED203-2
Added Pin To Net: NetName=GND Pin=LED203-3
Added Pin To Net: NetName=NetLED202_2 Pin=LED203-4
Added Pin To Net: NetName=VCC Pin=LED204-1
Added Pin To Net: NetName=NetLED204_2 Pin=LED204-2
Added Pin To Net: NetName=GND Pin=LED204-3
Added Pin To Net: NetName=NetLED203_2 Pin=LED204-4
Added Pin To Net: NetName=VCC Pin=LED205-1
Added Pin To Net: NetName=NetLED205_2 Pin=LED205-2
Added Pin To Net: NetName=GND Pin=LED205-3
Added Pin To Net: NetName=NetLED204_2 Pin=LED205-4
Added Pin To Net: NetName=VCC Pin=LED206-1
Added Pin To Net: NetName=NetLED206_2 Pin=LED206-2
Added Pin To Net: NetName=GND Pin=LED206-3
Added Pin To Net: NetName=NetLED205_2 Pin=LED206-4
Added Pin To Net: NetName=VCC Pin=LED207-1
Added Pin To Net: NetName=NetLED207_2 Pin=LED207-2
Added Pin To Net: NetName=GND Pin=LED207-3
Added Pin To Net: NetName=NetLED206_2 Pin=LED207-4
Added Pin To Net: NetName=VCC Pin=LED208-1
Added Pin To Net: NetName=DOUT13 Pin=LED208-2
Added Pin To Net: NetName=GND Pin=LED208-3
Added Pin To Net: NetName=NetLED207_2 Pin=LED208-4
Added Pin To Net: NetName=VCC Pin=LED209-1
Added Pin To Net: NetName=NetLED209_2 Pin=LED209-2
Added Pin To Net: NetName=GND Pin=LED209-3
Added Pin To Net: NetName=DOUT13 Pin=LED209-4
Added Pin To Net: NetName=VCC Pin=LED210-1
Added Pin To Net: NetName=NetLED210_2 Pin=LED210-2
Added Pin To Net: NetName=GND Pin=LED210-3
Added Pin To Net: NetName=NetLED209_2 Pin=LED210-4
Added Pin To Net: NetName=VCC Pin=LED211-1
Added Pin To Net: NetName=NetLED211_2 Pin=LED211-2
Added Pin To Net: NetName=GND Pin=LED211-3
Added Pin To Net: NetName=NetLED210_2 Pin=LED211-4
Added Pin To Net: NetName=VCC Pin=LED212-1
Added Pin To Net: NetName=NetLED212_2 Pin=LED212-2
Added Pin To Net: NetName=GND Pin=LED212-3
Added Pin To Net: NetName=NetLED211_2 Pin=LED212-4
Added Pin To Net: NetName=VCC Pin=LED213-1
Added Pin To Net: NetName=NetLED213_2 Pin=LED213-2
Added Pin To Net: NetName=GND Pin=LED213-3
Added Pin To Net: NetName=NetLED212_2 Pin=LED213-4
Added Pin To Net: NetName=VCC Pin=LED214-1
Added Pin To Net: NetName=NetLED214_2 Pin=LED214-2
Added Pin To Net: NetName=GND Pin=LED214-3
Added Pin To Net: NetName=NetLED213_2 Pin=LED214-4
Added Pin To Net: NetName=VCC Pin=LED215-1
Added Pin To Net: NetName=NetLED215_2 Pin=LED215-2
Added Pin To Net: NetName=GND Pin=LED215-3
Added Pin To Net: NetName=NetLED214_2 Pin=LED215-4
Added Pin To Net: NetName=VCC Pin=LED216-1
Added Pin To Net: NetName=NetLED216_2 Pin=LED216-2
Added Pin To Net: NetName=GND Pin=LED216-3
Added Pin To Net: NetName=NetLED215_2 Pin=LED216-4
Added Pin To Net: NetName=VCC Pin=LED217-1
Added Pin To Net: NetName=NetLED217_2 Pin=LED217-2
Added Pin To Net: NetName=GND Pin=LED217-3
Added Pin To Net: NetName=NetLED216_2 Pin=LED217-4
Added Pin To Net: NetName=VCC Pin=LED218-1
Added Pin To Net: NetName=NetLED218_2 Pin=LED218-2
Added Pin To Net: NetName=GND Pin=LED218-3
Added Pin To Net: NetName=NetLED217_2 Pin=LED218-4
Added Pin To Net: NetName=VCC Pin=LED219-1
Added Pin To Net: NetName=NetLED219_2 Pin=LED219-2
Added Pin To Net: NetName=GND Pin=LED219-3
Added Pin To Net: NetName=NetLED218_2 Pin=LED219-4
Added Pin To Net: NetName=VCC Pin=LED220-1
Added Pin To Net: NetName=NetLED220_2 Pin=LED220-2
Added Pin To Net: NetName=GND Pin=LED220-3
Added Pin To Net: NetName=NetLED219_2 Pin=LED220-4
Added Pin To Net: NetName=VCC Pin=LED221-1
Added Pin To Net: NetName=NetLED221_2 Pin=LED221-2
Added Pin To Net: NetName=GND Pin=LED221-3
Added Pin To Net: NetName=NetLED220_2 Pin=LED221-4
Added Pin To Net: NetName=VCC Pin=LED222-1
Added Pin To Net: NetName=NetLED222_2 Pin=LED222-2
Added Pin To Net: NetName=GND Pin=LED222-3
Added Pin To Net: NetName=NetLED221_2 Pin=LED222-4
Added Pin To Net: NetName=VCC Pin=LED223-1
Added Pin To Net: NetName=NetLED223_2 Pin=LED223-2
Added Pin To Net: NetName=GND Pin=LED223-3
Added Pin To Net: NetName=NetLED222_2 Pin=LED223-4
Added Pin To Net: NetName=VCC Pin=LED224-1
Added Pin To Net: NetName=DOUT14 Pin=LED224-2
Added Pin To Net: NetName=GND Pin=LED224-3
Added Pin To Net: NetName=NetLED223_2 Pin=LED224-4
Added Pin To Net: NetName=VCC Pin=LED225-1
Added Pin To Net: NetName=NetLED225_2 Pin=LED225-2
Added Pin To Net: NetName=GND Pin=LED225-3
Added Pin To Net: NetName=DOUT14 Pin=LED225-4
Added Pin To Net: NetName=VCC Pin=LED226-1
Added Pin To Net: NetName=NetLED226_2 Pin=LED226-2
Added Pin To Net: NetName=GND Pin=LED226-3
Added Pin To Net: NetName=NetLED225_2 Pin=LED226-4
Added Pin To Net: NetName=VCC Pin=LED227-1
Added Pin To Net: NetName=NetLED227_2 Pin=LED227-2
Added Pin To Net: NetName=GND Pin=LED227-3
Added Pin To Net: NetName=NetLED226_2 Pin=LED227-4
Added Pin To Net: NetName=VCC Pin=LED228-1
Added Pin To Net: NetName=NetLED228_2 Pin=LED228-2
Added Pin To Net: NetName=GND Pin=LED228-3
Added Pin To Net: NetName=NetLED227_2 Pin=LED228-4
Added Pin To Net: NetName=VCC Pin=LED229-1
Added Pin To Net: NetName=NetLED229_2 Pin=LED229-2
Added Pin To Net: NetName=GND Pin=LED229-3
Added Pin To Net: NetName=NetLED228_2 Pin=LED229-4
Added Pin To Net: NetName=VCC Pin=LED230-1
Added Pin To Net: NetName=NetLED230_2 Pin=LED230-2
Added Pin To Net: NetName=GND Pin=LED230-3
Added Pin To Net: NetName=NetLED229_2 Pin=LED230-4
Added Pin To Net: NetName=VCC Pin=LED231-1
Added Pin To Net: NetName=NetLED231_2 Pin=LED231-2
Added Pin To Net: NetName=GND Pin=LED231-3
Added Pin To Net: NetName=NetLED230_2 Pin=LED231-4
Added Pin To Net: NetName=VCC Pin=LED232-1
Added Pin To Net: NetName=NetLED232_2 Pin=LED232-2
Added Pin To Net: NetName=GND Pin=LED232-3
Added Pin To Net: NetName=NetLED231_2 Pin=LED232-4
Added Pin To Net: NetName=VCC Pin=LED233-1
Added Pin To Net: NetName=NetLED233_2 Pin=LED233-2
Added Pin To Net: NetName=GND Pin=LED233-3
Added Pin To Net: NetName=NetLED232_2 Pin=LED233-4
Added Pin To Net: NetName=VCC Pin=LED234-1
Added Pin To Net: NetName=NetLED234_2 Pin=LED234-2
Added Pin To Net: NetName=GND Pin=LED234-3
Added Pin To Net: NetName=NetLED233_2 Pin=LED234-4
Added Pin To Net: NetName=VCC Pin=LED235-1
Added Pin To Net: NetName=NetLED235_2 Pin=LED235-2
Added Pin To Net: NetName=GND Pin=LED235-3
Added Pin To Net: NetName=NetLED234_2 Pin=LED235-4
Added Pin To Net: NetName=VCC Pin=LED236-1
Added Pin To Net: NetName=NetLED236_2 Pin=LED236-2
Added Pin To Net: NetName=GND Pin=LED236-3
Added Pin To Net: NetName=NetLED235_2 Pin=LED236-4
Added Pin To Net: NetName=VCC Pin=LED237-1
Added Pin To Net: NetName=NetLED237_2 Pin=LED237-2
Added Pin To Net: NetName=GND Pin=LED237-3
Added Pin To Net: NetName=NetLED236_2 Pin=LED237-4
Added Pin To Net: NetName=VCC Pin=LED238-1
Added Pin To Net: NetName=NetLED238_2 Pin=LED238-2
Added Pin To Net: NetName=GND Pin=LED238-3
Added Pin To Net: NetName=NetLED237_2 Pin=LED238-4
Added Pin To Net: NetName=VCC Pin=LED239-1
Added Pin To Net: NetName=NetLED239_2 Pin=LED239-2
Added Pin To Net: NetName=GND Pin=LED239-3
Added Pin To Net: NetName=NetLED238_2 Pin=LED239-4
Added Pin To Net: NetName=VCC Pin=LED240-1
Added Pin To Net: NetName=DOUT15 Pin=LED240-2
Added Pin To Net: NetName=GND Pin=LED240-3
Added Pin To Net: NetName=NetLED239_2 Pin=LED240-4
Added Pin To Net: NetName=VCC Pin=LED241-1
Added Pin To Net: NetName=NetLED241_2 Pin=LED241-2
Added Pin To Net: NetName=GND Pin=LED241-3
Added Pin To Net: NetName=DOUT15 Pin=LED241-4
Added Pin To Net: NetName=VCC Pin=LED242-1
Added Pin To Net: NetName=NetLED242_2 Pin=LED242-2
Added Pin To Net: NetName=GND Pin=LED242-3
Added Pin To Net: NetName=NetLED241_2 Pin=LED242-4
Added Pin To Net: NetName=VCC Pin=LED243-1
Added Pin To Net: NetName=NetLED243_2 Pin=LED243-2
Added Pin To Net: NetName=GND Pin=LED243-3
Added Pin To Net: NetName=NetLED242_2 Pin=LED243-4
Added Pin To Net: NetName=VCC Pin=LED244-1
Added Pin To Net: NetName=NetLED244_2 Pin=LED244-2
Added Pin To Net: NetName=GND Pin=LED244-3
Added Pin To Net: NetName=NetLED243_2 Pin=LED244-4
Added Pin To Net: NetName=VCC Pin=LED245-1
Added Pin To Net: NetName=NetLED245_2 Pin=LED245-2
Added Pin To Net: NetName=GND Pin=LED245-3
Added Pin To Net: NetName=NetLED244_2 Pin=LED245-4
Added Pin To Net: NetName=VCC Pin=LED246-1
Added Pin To Net: NetName=NetLED246_2 Pin=LED246-2
Added Pin To Net: NetName=GND Pin=LED246-3
Added Pin To Net: NetName=NetLED245_2 Pin=LED246-4
Added Pin To Net: NetName=VCC Pin=LED247-1
Added Pin To Net: NetName=NetLED247_2 Pin=LED247-2
Added Pin To Net: NetName=GND Pin=LED247-3
Added Pin To Net: NetName=NetLED246_2 Pin=LED247-4
Added Pin To Net: NetName=VCC Pin=LED248-1
Added Pin To Net: NetName=NetLED248_2 Pin=LED248-2
Added Pin To Net: NetName=GND Pin=LED248-3
Added Pin To Net: NetName=NetLED247_2 Pin=LED248-4
Added Pin To Net: NetName=VCC Pin=LED249-1
Added Pin To Net: NetName=NetLED249_2 Pin=LED249-2
Added Pin To Net: NetName=GND Pin=LED249-3
Added Pin To Net: NetName=NetLED248_2 Pin=LED249-4
Added Pin To Net: NetName=VCC Pin=LED250-1
Added Pin To Net: NetName=NetLED250_2 Pin=LED250-2
Added Pin To Net: NetName=GND Pin=LED250-3
Added Pin To Net: NetName=NetLED249_2 Pin=LED250-4
Added Pin To Net: NetName=VCC Pin=LED251-1
Added Pin To Net: NetName=NetLED251_2 Pin=LED251-2
Added Pin To Net: NetName=GND Pin=LED251-3
Added Pin To Net: NetName=NetLED250_2 Pin=LED251-4
Added Pin To Net: NetName=VCC Pin=LED252-1
Added Pin To Net: NetName=NetLED252_2 Pin=LED252-2
Added Pin To Net: NetName=GND Pin=LED252-3
Added Pin To Net: NetName=NetLED251_2 Pin=LED252-4
Added Pin To Net: NetName=VCC Pin=LED253-1
Added Pin To Net: NetName=NetLED253_2 Pin=LED253-2
Added Pin To Net: NetName=GND Pin=LED253-3
Added Pin To Net: NetName=NetLED252_2 Pin=LED253-4
Added Pin To Net: NetName=VCC Pin=LED254-1
Added Pin To Net: NetName=NetLED254_2 Pin=LED254-2
Added Pin To Net: NetName=GND Pin=LED254-3
Added Pin To Net: NetName=NetLED253_2 Pin=LED254-4
Added Pin To Net: NetName=VCC Pin=LED255-1
Added Pin To Net: NetName=NetLED255_2 Pin=LED255-2
Added Pin To Net: NetName=GND Pin=LED255-3
Added Pin To Net: NetName=NetLED254_2 Pin=LED255-4
Added Pin To Net: NetName=VCC Pin=LED256-1
Added Pin To Net: NetName=GND Pin=LED256-3
Added Pin To Net: NetName=NetLED255_2 Pin=LED256-4
Added Member To Class: ClassName=ScreenRGB Member=Component LED1 RGB_WS2812C
Added Member To Class: ClassName=ScreenRGB Member=Component LED2 RGB_WS2812C
Added Member To Class: ClassName=ScreenRGB Member=Component LED3 RGB_WS2812C
Added Member To Class: ClassName=ScreenRGB Member=Component LED4 RGB_WS2812C
Added Member To Class: ClassName=ScreenRGB Member=Component LED5 RGB_WS2812C
Added Member To Class: ClassName=ScreenRGB Member=Component LED6 RGB_WS2812C
Added Member To Class: ClassName=ScreenRGB Member=Component LED7 RGB_WS2812C
Added Member To Class: ClassName=ScreenRGB Member=Component LED8 RGB_WS2812C
Added Member To Class: ClassName=ScreenRGB Member=Component LED9 RGB_WS2812C
Added Member To Class: ClassName=ScreenRGB Member=Component LED10 RGB_WS2812C
Added Member To Class: ClassName=ScreenRGB Member=Component LED11 RGB_WS2812C
Added Member To Class: ClassName=ScreenRGB Member=Component LED12 RGB_WS2812C
Added Member To Class: ClassName=ScreenRGB Member=Component LED13 RGB_WS2812C
Added Member To Class: ClassName=ScreenRGB Member=Component LED14 RGB_WS2812C
Added Member To Class: ClassName=ScreenRGB Member=Component LED15 RGB_WS2812C
Added Member To Class: ClassName=ScreenRGB Member=Component LED16 RGB_WS2812C
Added Member To Class: ClassName=ScreenRGB Member=Component LED17 RGB_WS2812C
Added Member To Class: ClassName=ScreenRGB Member=Component LED18 RGB_WS2812C
Added Member To Class: ClassName=ScreenRGB Member=Component LED19 RGB_WS2812C
Added Member To Class: ClassName=ScreenRGB Member=Component LED20 RGB_WS2812C
Added Member To Class: ClassName=ScreenRGB Member=Component LED21 RGB_WS2812C
Added Member To Class: ClassName=ScreenRGB Member=Component LED22 RGB_WS2812C
Added Member To Class: ClassName=ScreenRGB Member=Component LED23 RGB_WS2812C
Added Member To Class: ClassName=ScreenRGB Member=Component LED24 RGB_WS2812C
Added Member To Class: ClassName=ScreenRGB Member=Component LED25 RGB_WS2812C
Added Member To Class: ClassName=ScreenRGB Member=Component LED26 RGB_WS2812C
Added Member To Class: ClassName=ScreenRGB Member=Component LED27 RGB_WS2812C
Added Member To Class: ClassName=ScreenRGB Member=Component LED28 RGB_WS2812C
Added Member To Class: ClassName=ScreenRGB Member=Component LED29 RGB_WS2812C
Added Member To Class: ClassName=ScreenRGB Member=Component LED30 RGB_WS2812C
Added Member To Class: ClassName=ScreenRGB Member=Component LED31 RGB_WS2812C
Added Member To Class: ClassName=ScreenRGB Member=Component LED32 RGB_WS2812C
Added Member To Class: ClassName=ScreenRGB Member=Component LED33 RGB_WS2812C
Added Member To Class: ClassName=ScreenRGB Member=Component LED34 RGB_WS2812C
Added Member To Class: ClassName=ScreenRGB Member=Component LED35 RGB_WS2812C
Added Member To Class: ClassName=ScreenRGB Member=Component LED36 RGB_WS2812C
Added Member To Class: ClassName=ScreenRGB Member=Component LED37 RGB_WS2812C
Added Member To Class: ClassName=ScreenRGB Member=Component LED38 RGB_WS2812C
Added Member To Class: ClassName=ScreenRGB Member=Component LED39 RGB_WS2812C
Added Member To Class: ClassName=ScreenRGB Member=Component LED40 RGB_WS2812C
Added Member To Class: ClassName=ScreenRGB Member=Component LED41 RGB_WS2812C
Added Member To Class: ClassName=ScreenRGB Member=Component LED42 RGB_WS2812C
Added Member To Class: ClassName=ScreenRGB Member=Component LED43 RGB_WS2812C
Added Member To Class: ClassName=ScreenRGB Member=Component LED44 RGB_WS2812C
Added Member To Class: ClassName=ScreenRGB Member=Component LED45 RGB_WS2812C
Added Member To Class: ClassName=ScreenRGB Member=Component LED46 RGB_WS2812C
Added Member To Class: ClassName=ScreenRGB Member=Component LED47 RGB_WS2812C
Added Member To Class: ClassName=ScreenRGB Member=Component LED48 RGB_WS2812C
Added Member To Class: ClassName=ScreenRGB Member=Component LED49 RGB_WS2812C
Added Member To Class: ClassName=ScreenRGB Member=Component LED50 RGB_WS2812C
Added Member To Class: ClassName=ScreenRGB Member=Component LED51 RGB_WS2812C
Added Member To Class: ClassName=ScreenRGB Member=Component LED52 RGB_WS2812C
Added Member To Class: ClassName=ScreenRGB Member=Component LED53 RGB_WS2812C
Added Member To Class: ClassName=ScreenRGB Member=Component LED54 RGB_WS2812C
Added Member To Class: ClassName=ScreenRGB Member=Component LED55 RGB_WS2812C
Added Member To Class: ClassName=ScreenRGB Member=Component LED56 RGB_WS2812C
Added Member To Class: ClassName=ScreenRGB Member=Component LED57 RGB_WS2812C
Added Member To Class: ClassName=ScreenRGB Member=Component LED58 RGB_WS2812C
Added Member To Class: ClassName=ScreenRGB Member=Component LED59 RGB_WS2812C
Added Member To Class: ClassName=ScreenRGB Member=Component LED60 RGB_WS2812C
Added Member To Class: ClassName=ScreenRGB Member=Component LED61 RGB_WS2812C
Added Member To Class: ClassName=ScreenRGB Member=Component LED62 RGB_WS2812C
Added Member To Class: ClassName=ScreenRGB Member=Component LED63 RGB_WS2812C
Added Member To Class: ClassName=ScreenRGB Member=Component LED64 RGB_WS2812C
Added Member To Class: ClassName=ScreenRGB Member=Component LED65 RGB_WS2812C
Added Member To Class: ClassName=ScreenRGB Member=Component LED66 RGB_WS2812C
Added Member To Class: ClassName=ScreenRGB Member=Component LED67 RGB_WS2812C
Added Member To Class: ClassName=ScreenRGB Member=Component LED68 RGB_WS2812C
Added Member To Class: ClassName=ScreenRGB Member=Component LED69 RGB_WS2812C
Added Member To Class: ClassName=ScreenRGB Member=Component LED70 RGB_WS2812C
Added Member To Class: ClassName=ScreenRGB Member=Component LED71 RGB_WS2812C
Added Member To Class: ClassName=ScreenRGB Member=Component LED72 RGB_WS2812C
Added Member To Class: ClassName=ScreenRGB Member=Component LED73 RGB_WS2812C
Added Member To Class: ClassName=ScreenRGB Member=Component LED74 RGB_WS2812C
Added Member To Class: ClassName=ScreenRGB Member=Component LED75 RGB_WS2812C
Added Member To Class: ClassName=ScreenRGB Member=Component LED76 RGB_WS2812C
Added Member To Class: ClassName=ScreenRGB Member=Component LED77 RGB_WS2812C
Added Member To Class: ClassName=ScreenRGB Member=Component LED78 RGB_WS2812C
Added Member To Class: ClassName=ScreenRGB Member=Component LED79 RGB_WS2812C
Added Member To Class: ClassName=ScreenRGB Member=Component LED80 RGB_WS2812C
Added Member To Class: ClassName=ScreenRGB Member=Component LED81 RGB_WS2812C
Added Member To Class: ClassName=ScreenRGB Member=Component LED82 RGB_WS2812C
Added Member To Class: ClassName=ScreenRGB Member=Component LED83 RGB_WS2812C
Added Member To Class: ClassName=ScreenRGB Member=Component LED84 RGB_WS2812C
Added Member To Class: ClassName=ScreenRGB Member=Component LED85 RGB_WS2812C
Added Member To Class: ClassName=ScreenRGB Member=Component LED86 RGB_WS2812C
Added Member To Class: ClassName=ScreenRGB Member=Component LED87 RGB_WS2812C
Added Member To Class: ClassName=ScreenRGB Member=Component LED88 RGB_WS2812C
Added Member To Class: ClassName=ScreenRGB Member=Component LED89 RGB_WS2812C
Added Member To Class: ClassName=ScreenRGB Member=Component LED90 RGB_WS2812C
Added Member To Class: ClassName=ScreenRGB Member=Component LED91 RGB_WS2812C
Added Member To Class: ClassName=ScreenRGB Member=Component LED92 RGB_WS2812C
Added Member To Class: ClassName=ScreenRGB Member=Component LED93 RGB_WS2812C
Added Member To Class: ClassName=ScreenRGB Member=Component LED94 RGB_WS2812C
Added Member To Class: ClassName=ScreenRGB Member=Component LED95 RGB_WS2812C
Added Member To Class: ClassName=ScreenRGB Member=Component LED96 RGB_WS2812C
Added Member To Class: ClassName=ScreenRGB Member=Component LED97 RGB_WS2812C
Added Member To Class: ClassName=ScreenRGB Member=Component LED98 RGB_WS2812C
Added Member To Class: ClassName=ScreenRGB Member=Component LED99 RGB_WS2812C
Added Member To Class: ClassName=ScreenRGB Member=Component LED100 RGB_WS2812C
Added Member To Class: ClassName=ScreenRGB Member=Component LED101 RGB_WS2812C
Added Member To Class: ClassName=ScreenRGB Member=Component LED102 RGB_WS2812C
Added Member To Class: ClassName=ScreenRGB Member=Component LED103 RGB_WS2812C
Added Member To Class: ClassName=ScreenRGB Member=Component LED104 RGB_WS2812C
Added Member To Class: ClassName=ScreenRGB Member=Component LED105 RGB_WS2812C
Added Member To Class: ClassName=ScreenRGB Member=Component LED106 RGB_WS2812C
Added Member To Class: ClassName=ScreenRGB Member=Component LED107 RGB_WS2812C
Added Member To Class: ClassName=ScreenRGB Member=Component LED108 RGB_WS2812C
Added Member To Class: ClassName=ScreenRGB Member=Component LED109 RGB_WS2812C
Added Member To Class: ClassName=ScreenRGB Member=Component LED110 RGB_WS2812C
Added Member To Class: ClassName=ScreenRGB Member=Component LED111 RGB_WS2812C
Added Member To Class: ClassName=ScreenRGB Member=Component LED112 RGB_WS2812C
Added Member To Class: ClassName=ScreenRGB Member=Component LED113 RGB_WS2812C
Added Member To Class: ClassName=ScreenRGB Member=Component LED114 RGB_WS2812C
Added Member To Class: ClassName=ScreenRGB Member=Component LED115 RGB_WS2812C
Added Member To Class: ClassName=ScreenRGB Member=Component LED116 RGB_WS2812C
Added Member To Class: ClassName=ScreenRGB Member=Component LED117 RGB_WS2812C
Added Member To Class: ClassName=ScreenRGB Member=Component LED118 RGB_WS2812C
Added Member To Class: ClassName=ScreenRGB Member=Component LED119 RGB_WS2812C
Added Member To Class: ClassName=ScreenRGB Member=Component LED120 RGB_WS2812C
Added Member To Class: ClassName=ScreenRGB Member=Component LED121 RGB_WS2812C
Added Member To Class: ClassName=ScreenRGB Member=Component LED122 RGB_WS2812C
Added Member To Class: ClassName=ScreenRGB Member=Component LED123 RGB_WS2812C
Added Member To Class: ClassName=ScreenRGB Member=Component LED124 RGB_WS2812C
Added Member To Class: ClassName=ScreenRGB Member=Component LED125 RGB_WS2812C
Added Member To Class: ClassName=ScreenRGB Member=Component LED126 RGB_WS2812C
Added Member To Class: ClassName=ScreenRGB Member=Component LED127 RGB_WS2812C
Added Member To Class: ClassName=ScreenRGB Member=Component LED128 RGB_WS2812C
Added Member To Class: ClassName=ScreenRGB Member=Component LED129 RGB_WS2812C
Added Member To Class: ClassName=ScreenRGB Member=Component LED130 RGB_WS2812C
Added Member To Class: ClassName=ScreenRGB Member=Component LED131 RGB_WS2812C
Added Member To Class: ClassName=ScreenRGB Member=Component LED132 RGB_WS2812C
Added Member To Class: ClassName=ScreenRGB Member=Component LED133 RGB_WS2812C
Added Member To Class: ClassName=ScreenRGB Member=Component LED134 RGB_WS2812C
Added Member To Class: ClassName=ScreenRGB Member=Component LED135 RGB_WS2812C
Added Member To Class: ClassName=ScreenRGB Member=Component LED136 RGB_WS2812C
Added Member To Class: ClassName=ScreenRGB Member=Component LED137 RGB_WS2812C
Added Member To Class: ClassName=ScreenRGB Member=Component LED138 RGB_WS2812C
Added Member To Class: ClassName=ScreenRGB Member=Component LED139 RGB_WS2812C
Added Member To Class: ClassName=ScreenRGB Member=Component LED140 RGB_WS2812C
Added Member To Class: ClassName=ScreenRGB Member=Component LED141 RGB_WS2812C
Added Member To Class: ClassName=ScreenRGB Member=Component LED142 RGB_WS2812C
Added Member To Class: ClassName=ScreenRGB Member=Component LED143 RGB_WS2812C
Added Member To Class: ClassName=ScreenRGB Member=Component LED144 RGB_WS2812C
Added Member To Class: ClassName=ScreenRGB Member=Component LED145 RGB_WS2812C
Added Member To Class: ClassName=ScreenRGB Member=Component LED146 RGB_WS2812C
Added Member To Class: ClassName=ScreenRGB Member=Component LED147 RGB_WS2812C
Added Member To Class: ClassName=ScreenRGB Member=Component LED148 RGB_WS2812C
Added Member To Class: ClassName=ScreenRGB Member=Component LED149 RGB_WS2812C
Added Member To Class: ClassName=ScreenRGB Member=Component LED150 RGB_WS2812C
Added Member To Class: ClassName=ScreenRGB Member=Component LED151 RGB_WS2812C
Added Member To Class: ClassName=ScreenRGB Member=Component LED152 RGB_WS2812C
Added Member To Class: ClassName=ScreenRGB Member=Component LED153 RGB_WS2812C
Added Member To Class: ClassName=ScreenRGB Member=Component LED154 RGB_WS2812C
Added Member To Class: ClassName=ScreenRGB Member=Component LED155 RGB_WS2812C
Added Member To Class: ClassName=ScreenRGB Member=Component LED156 RGB_WS2812C
Added Member To Class: ClassName=ScreenRGB Member=Component LED157 RGB_WS2812C
Added Member To Class: ClassName=ScreenRGB Member=Component LED158 RGB_WS2812C
Added Member To Class: ClassName=ScreenRGB Member=Component LED159 RGB_WS2812C
Added Member To Class: ClassName=ScreenRGB Member=Component LED160 RGB_WS2812C
Added Member To Class: ClassName=ScreenRGB Member=Component LED161 RGB_WS2812C
Added Member To Class: ClassName=ScreenRGB Member=Component LED162 RGB_WS2812C
Added Member To Class: ClassName=ScreenRGB Member=Component LED163 RGB_WS2812C
Added Member To Class: ClassName=ScreenRGB Member=Component LED164 RGB_WS2812C
Added Member To Class: ClassName=ScreenRGB Member=Component LED165 RGB_WS2812C
Added Member To Class: ClassName=ScreenRGB Member=Component LED166 RGB_WS2812C
Added Member To Class: ClassName=ScreenRGB Member=Component LED167 RGB_WS2812C
Added Member To Class: ClassName=ScreenRGB Member=Component LED168 RGB_WS2812C
Added Member To Class: ClassName=ScreenRGB Member=Component LED169 RGB_WS2812C
Added Member To Class: ClassName=ScreenRGB Member=Component LED170 RGB_WS2812C
Added Member To Class: ClassName=ScreenRGB Member=Component LED171 RGB_WS2812C
Added Member To Class: ClassName=ScreenRGB Member=Component LED172 RGB_WS2812C
Added Member To Class: ClassName=ScreenRGB Member=Component LED173 RGB_WS2812C
Added Member To Class: ClassName=ScreenRGB Member=Component LED174 RGB_WS2812C
Added Member To Class: ClassName=ScreenRGB Member=Component LED175 RGB_WS2812C
Added Member To Class: ClassName=ScreenRGB Member=Component LED176 RGB_WS2812C
Added Member To Class: ClassName=ScreenRGB Member=Component LED177 RGB_WS2812C
Added Member To Class: ClassName=ScreenRGB Member=Component LED178 RGB_WS2812C
Added Member To Class: ClassName=ScreenRGB Member=Component LED179 RGB_WS2812C
Added Member To Class: ClassName=ScreenRGB Member=Component LED180 RGB_WS2812C
Added Member To Class: ClassName=ScreenRGB Member=Component LED181 RGB_WS2812C
Added Member To Class: ClassName=ScreenRGB Member=Component LED182 RGB_WS2812C
Added Member To Class: ClassName=ScreenRGB Member=Component LED183 RGB_WS2812C
Added Member To Class: ClassName=ScreenRGB Member=Component LED184 RGB_WS2812C
Added Member To Class: ClassName=ScreenRGB Member=Component LED185 RGB_WS2812C
Added Member To Class: ClassName=ScreenRGB Member=Component LED186 RGB_WS2812C
Added Member To Class: ClassName=ScreenRGB Member=Component LED187 RGB_WS2812C
Added Member To Class: ClassName=ScreenRGB Member=Component LED188 RGB_WS2812C
Added Member To Class: ClassName=ScreenRGB Member=Component LED189 RGB_WS2812C
Added Member To Class: ClassName=ScreenRGB Member=Component LED190 RGB_WS2812C
Added Member To Class: ClassName=ScreenRGB Member=Component LED191 RGB_WS2812C
Added Member To Class: ClassName=ScreenRGB Member=Component LED192 RGB_WS2812C
Added Member To Class: ClassName=ScreenRGB Member=Component LED193 RGB_WS2812C
Added Member To Class: ClassName=ScreenRGB Member=Component LED194 RGB_WS2812C
Added Member To Class: ClassName=ScreenRGB Member=Component LED195 RGB_WS2812C
Added Member To Class: ClassName=ScreenRGB Member=Component LED196 RGB_WS2812C
Added Member To Class: ClassName=ScreenRGB Member=Component LED197 RGB_WS2812C
Added Member To Class: ClassName=ScreenRGB Member=Component LED198 RGB_WS2812C
Added Member To Class: ClassName=ScreenRGB Member=Component LED199 RGB_WS2812C
Added Member To Class: ClassName=ScreenRGB Member=Component LED200 RGB_WS2812C
Added Member To Class: ClassName=ScreenRGB Member=Component LED201 RGB_WS2812C
Added Member To Class: ClassName=ScreenRGB Member=Component LED202 RGB_WS2812C
Added Member To Class: ClassName=ScreenRGB Member=Component LED203 RGB_WS2812C
Added Member To Class: ClassName=ScreenRGB Member=Component LED204 RGB_WS2812C
Added Member To Class: ClassName=ScreenRGB Member=Component LED205 RGB_WS2812C
Added Member To Class: ClassName=ScreenRGB Member=Component LED206 RGB_WS2812C
Added Member To Class: ClassName=ScreenRGB Member=Component LED207 RGB_WS2812C
Added Member To Class: ClassName=ScreenRGB Member=Component LED208 RGB_WS2812C
Added Member To Class: ClassName=ScreenRGB Member=Component LED209 RGB_WS2812C
Added Member To Class: ClassName=ScreenRGB Member=Component LED210 RGB_WS2812C
Added Member To Class: ClassName=ScreenRGB Member=Component LED211 RGB_WS2812C
Added Member To Class: ClassName=ScreenRGB Member=Component LED212 RGB_WS2812C
Added Member To Class: ClassName=ScreenRGB Member=Component LED213 RGB_WS2812C
Added Member To Class: ClassName=ScreenRGB Member=Component LED214 RGB_WS2812C
Added Member To Class: ClassName=ScreenRGB Member=Component LED215 RGB_WS2812C
Added Member To Class: ClassName=ScreenRGB Member=Component LED216 RGB_WS2812C
Added Member To Class: ClassName=ScreenRGB Member=Component LED217 RGB_WS2812C
Added Member To Class: ClassName=ScreenRGB Member=Component LED218 RGB_WS2812C
Added Member To Class: ClassName=ScreenRGB Member=Component LED219 RGB_WS2812C
Added Member To Class: ClassName=ScreenRGB Member=Component LED220 RGB_WS2812C
Added Member To Class: ClassName=ScreenRGB Member=Component LED221 RGB_WS2812C
Added Member To Class: ClassName=ScreenRGB Member=Component LED222 RGB_WS2812C
Added Member To Class: ClassName=ScreenRGB Member=Component LED223 RGB_WS2812C
Added Member To Class: ClassName=ScreenRGB Member=Component LED224 RGB_WS2812C
Added Member To Class: ClassName=ScreenRGB Member=Component LED225 RGB_WS2812C
Added Member To Class: ClassName=ScreenRGB Member=Component LED226 RGB_WS2812C
Added Member To Class: ClassName=ScreenRGB Member=Component LED227 RGB_WS2812C
Added Member To Class: ClassName=ScreenRGB Member=Component LED228 RGB_WS2812C
Added Member To Class: ClassName=ScreenRGB Member=Component LED229 RGB_WS2812C
Added Member To Class: ClassName=ScreenRGB Member=Component LED230 RGB_WS2812C
Added Member To Class: ClassName=ScreenRGB Member=Component LED231 RGB_WS2812C
Added Member To Class: ClassName=ScreenRGB Member=Component LED232 RGB_WS2812C
Added Member To Class: ClassName=ScreenRGB Member=Component LED233 RGB_WS2812C
Added Member To Class: ClassName=ScreenRGB Member=Component LED234 RGB_WS2812C
Added Member To Class: ClassName=ScreenRGB Member=Component LED235 RGB_WS2812C
Added Member To Class: ClassName=ScreenRGB Member=Component LED236 RGB_WS2812C
Added Member To Class: ClassName=ScreenRGB Member=Component LED237 RGB_WS2812C
Added Member To Class: ClassName=ScreenRGB Member=Component LED238 RGB_WS2812C
Added Member To Class: ClassName=ScreenRGB Member=Component LED239 RGB_WS2812C
Added Member To Class: ClassName=ScreenRGB Member=Component LED240 RGB_WS2812C
Added Member To Class: ClassName=ScreenRGB Member=Component LED241 RGB_WS2812C
Added Member To Class: ClassName=ScreenRGB Member=Component LED242 RGB_WS2812C
Added Member To Class: ClassName=ScreenRGB Member=Component LED243 RGB_WS2812C
Added Member To Class: ClassName=ScreenRGB Member=Component LED244 RGB_WS2812C
Added Member To Class: ClassName=ScreenRGB Member=Component LED245 RGB_WS2812C
Added Member To Class: ClassName=ScreenRGB Member=Component LED246 RGB_WS2812C
Added Member To Class: ClassName=ScreenRGB Member=Component LED247 RGB_WS2812C
Added Member To Class: ClassName=ScreenRGB Member=Component LED248 RGB_WS2812C
Added Member To Class: ClassName=ScreenRGB Member=Component LED249 RGB_WS2812C
Added Member To Class: ClassName=ScreenRGB Member=Component LED250 RGB_WS2812C
Added Member To Class: ClassName=ScreenRGB Member=Component LED251 RGB_WS2812C
Added Member To Class: ClassName=ScreenRGB Member=Component LED252 RGB_WS2812C
Added Member To Class: ClassName=ScreenRGB Member=Component LED253 RGB_WS2812C
Added Member To Class: ClassName=ScreenRGB Member=Component LED254 RGB_WS2812C
Added Member To Class: ClassName=ScreenRGB Member=Component LED255 RGB_WS2812C
Added Member To Class: ClassName=ScreenRGB Member=Component LED256 RGB_WS2812C
Added Room: Name=ScreenRGB
