Removed Pin From Net: NetName=VCC Pin=LED225-1
Removed Pin From Net: NetName=GND Pin=LED225-3
Removed Pin From Net: NetName=DOUT14 Pin=LED225-4
Removed Pin From Net: NetName=VCC Pin=LED226-1
Removed Pin From Net: NetName=GND Pin=LED226-3
Removed Pin From Net: NetName=VCC Pin=LED227-1
Removed Pin From Net: NetName=GND Pin=LED227-3
Removed Pin From Net: NetName=VCC Pin=LED228-1
Removed Pin From Net: NetName=GND Pin=LED228-3
Removed Pin From Net: NetName=VCC Pin=LED229-1
Removed Pin From Net: NetName=GND Pin=LED229-3
Removed Pin From Net: NetName=VCC Pin=LED230-1
Removed Pin From Net: NetName=GND Pin=LED230-3
Removed Pin From Net: NetName=VCC Pin=LED231-1
Removed Pin From Net: NetName=GND Pin=LED231-3
Removed Pin From Net: NetName=VCC Pin=LED232-1
Removed Pin From Net: NetName=GND Pin=LED232-3
Removed Pin From Net: NetName=VCC Pin=LED233-1
Removed Pin From Net: NetName=GND Pin=LED233-3
Removed Pin From Net: NetName=VCC Pin=LED234-1
Removed Pin From Net: NetName=GND Pin=LED234-3
Removed Pin From Net: NetName=VCC Pin=LED235-1
Removed Pin From Net: NetName=GND Pin=LED235-3
Removed Pin From Net: NetName=VCC Pin=LED236-1
Removed Pin From Net: NetName=GND Pin=LED236-3
Removed Pin From Net: NetName=VCC Pin=LED237-1
Removed Pin From Net: NetName=GND Pin=LED237-3
Removed Pin From Net: NetName=VCC Pin=LED238-1
Removed Pin From Net: NetName=GND Pin=LED238-3
Removed Pin From Net: NetName=VCC Pin=LED239-1
Removed Pin From Net: NetName=GND Pin=LED239-3
Removed Pin From Net: NetName=VCC Pin=LED240-1
Removed Pin From Net: NetName=GND Pin=LED240-3
Removed Pin From Net: NetName=VCC Pin=LED241-1
Removed Pin From Net: NetName=GND Pin=LED241-3
Removed Pin From Net: NetName=VCC Pin=LED242-1
Removed Pin From Net: NetName=GND Pin=LED242-3
Removed Pin From Net: NetName=VCC Pin=LED243-1
Removed Pin From Net: NetName=GND Pin=LED243-3
Removed Pin From Net: NetName=VCC Pin=LED244-1
Removed Pin From Net: NetName=GND Pin=LED244-3
Removed Pin From Net: NetName=VCC Pin=LED245-1
Removed Pin From Net: NetName=GND Pin=LED245-3
Removed Pin From Net: NetName=VCC Pin=LED246-1
Removed Pin From Net: NetName=GND Pin=LED246-3
Removed Pin From Net: NetName=VCC Pin=LED247-1
Removed Pin From Net: NetName=GND Pin=LED247-3
Removed Pin From Net: NetName=VCC Pin=LED248-1
Removed Pin From Net: NetName=GND Pin=LED248-3
Removed Pin From Net: NetName=VCC Pin=LED249-1
Removed Pin From Net: NetName=GND Pin=LED249-3
Removed Pin From Net: NetName=VCC Pin=LED250-1
Removed Pin From Net: NetName=GND Pin=LED250-3
Removed Pin From Net: NetName=VCC Pin=LED251-1
Removed Pin From Net: NetName=GND Pin=LED251-3
Removed Pin From Net: NetName=VCC Pin=LED252-1
Removed Pin From Net: NetName=GND Pin=LED252-3
Removed Pin From Net: NetName=VCC Pin=LED253-1
Removed Pin From Net: NetName=GND Pin=LED253-3
Removed Pin From Net: NetName=VCC Pin=LED254-1
Removed Pin From Net: NetName=GND Pin=LED254-3
Removed Pin From Net: NetName=VCC Pin=LED255-1
Removed Pin From Net: NetName=GND Pin=LED255-3
Removed Pin From Net: NetName=VCC Pin=LED256-1
Removed Pin From Net: NetName=GND Pin=LED256-3
Removed Member From Class: ClassName=ScreenRGB Member=LED225
Removed Member From Class: ClassName=ScreenRGB Member=LED226
Removed Member From Class: ClassName=ScreenRGB Member=LED227
Removed Member From Class: ClassName=ScreenRGB Member=LED228
Removed Member From Class: ClassName=ScreenRGB Member=LED229
Removed Member From Class: ClassName=ScreenRGB Member=LED230
Removed Member From Class: ClassName=ScreenRGB Member=LED231
Removed Member From Class: ClassName=ScreenRGB Member=LED232
Removed Member From Class: ClassName=ScreenRGB Member=LED233
Removed Member From Class: ClassName=ScreenRGB Member=LED234
Removed Member From Class: ClassName=ScreenRGB Member=LED235
Removed Member From Class: ClassName=ScreenRGB Member=LED236
Removed Member From Class: ClassName=ScreenRGB Member=LED237
Removed Member From Class: ClassName=ScreenRGB Member=LED238
Removed Member From Class: ClassName=ScreenRGB Member=LED239
Removed Member From Class: ClassName=ScreenRGB Member=LED240
Removed Member From Class: ClassName=ScreenRGB Member=LED241
Removed Member From Class: ClassName=ScreenRGB Member=LED242
Removed Member From Class: ClassName=ScreenRGB Member=LED243
Removed Member From Class: ClassName=ScreenRGB Member=LED244
Removed Member From Class: ClassName=ScreenRGB Member=LED245
Removed Member From Class: ClassName=ScreenRGB Member=LED246
Removed Member From Class: ClassName=ScreenRGB Member=LED247
Removed Member From Class: ClassName=ScreenRGB Member=LED248
Removed Member From Class: ClassName=ScreenRGB Member=LED249
Removed Member From Class: ClassName=ScreenRGB Member=LED250
Removed Member From Class: ClassName=ScreenRGB Member=LED251
Removed Member From Class: ClassName=ScreenRGB Member=LED252
Removed Member From Class: ClassName=ScreenRGB Member=LED253
Removed Member From Class: ClassName=ScreenRGB Member=LED254
Removed Member From Class: ClassName=ScreenRGB Member=LED255
Removed Member From Class: ClassName=ScreenRGB Member=LED256
Added Room: Name=ScreenRGB
