Added Component: Designator=LED1(LED_5050-SMD_4P-WS2812)
Added Component: Designator=LED2(LED_5050-SMD_4P-WS2812)
Added Component: Designator=LED3(LED_5050-SMD_4P-WS2812)
Added Component: Designator=LED4(LED_5050-SMD_4P-WS2812)
Added Component: Designator=LED5(LED_5050-SMD_4P-WS2812)
Added Component: Designator=LED6(LED_5050-SMD_4P-WS2812)
Added Component: Designator=LED7(LED_5050-SMD_4P-WS2812)
Added Component: Designator=LED8(LED_5050-SMD_4P-WS2812)
Added Component: Designator=LED9(LED_5050-SMD_4P-WS2812)
Added Component: Designator=LED10(LED_5050-SMD_4P-WS2812)
Added Component: Designator=LED11(LED_5050-SMD_4P-WS2812)
Added Component: Designator=LED12(LED_5050-SMD_4P-WS2812)
Added Component: Designator=LED13(LED_5050-SMD_4P-WS2812)
Added Component: Designator=LED14(LED_5050-SMD_4P-WS2812)
Added Component: Designator=LED15(LED_5050-SMD_4P-WS2812)
Added Component: Designator=LED16(LED_5050-SMD_4P-WS2812)
Added Component: Designator=LED17(LED_5050-SMD_4P-WS2812)
Added Component: Designator=LED18(LED_5050-SMD_4P-WS2812)
Added Component: Designator=LED19(LED_5050-SMD_4P-WS2812)
Added Component: Designator=LED20(LED_5050-SMD_4P-WS2812)
Added Component: Designator=LED21(LED_5050-SMD_4P-WS2812)
Added Component: Designator=LED22(LED_5050-SMD_4P-WS2812)
Added Component: Designator=LED23(LED_5050-SMD_4P-WS2812)
Added Component: Designator=LED24(LED_5050-SMD_4P-WS2812)
Added Component: Designator=LED25(LED_5050-SMD_4P-WS2812)
Added Component: Designator=LED26(LED_5050-SMD_4P-WS2812)
Added Component: Designator=LED27(LED_5050-SMD_4P-WS2812)
Added Component: Designator=LED28(LED_5050-SMD_4P-WS2812)
Added Component: Designator=LED29(LED_5050-SMD_4P-WS2812)
Added Component: Designator=LED30(LED_5050-SMD_4P-WS2812)
Added Component: Designator=LED31(LED_5050-SMD_4P-WS2812)
Added Component: Designator=LED32(LED_5050-SMD_4P-WS2812)
Added Component: Designator=LED33(LED_5050-SMD_4P-WS2812)
Added Component: Designator=LED34(LED_5050-SMD_4P-WS2812)
Added Component: Designator=LED35(LED_5050-SMD_4P-WS2812)
Added Component: Designator=LED36(LED_5050-SMD_4P-WS2812)
Added Component: Designator=LED37(LED_5050-SMD_4P-WS2812)
Added Component: Designator=LED38(LED_5050-SMD_4P-WS2812)
Added Component: Designator=LED39(LED_5050-SMD_4P-WS2812)
Added Component: Designator=LED40(LED_5050-SMD_4P-WS2812)
Added Component: Designator=LED41(LED_5050-SMD_4P-WS2812)
Added Component: Designator=LED42(LED_5050-SMD_4P-WS2812)
Added Component: Designator=LED43(LED_5050-SMD_4P-WS2812)
Added Component: Designator=LED44(LED_5050-SMD_4P-WS2812)
Added Component: Designator=LED45(LED_5050-SMD_4P-WS2812)
Added Component: Designator=LED46(LED_5050-SMD_4P-WS2812)
Added Component: Designator=LED47(LED_5050-SMD_4P-WS2812)
Added Component: Designator=LED48(LED_5050-SMD_4P-WS2812)
Added Component: Designator=LED49(LED_5050-SMD_4P-WS2812)
Added Component: Designator=LED50(LED_5050-SMD_4P-WS2812)
Added Component: Designator=LED51(LED_5050-SMD_4P-WS2812)
Added Component: Designator=LED52(LED_5050-SMD_4P-WS2812)
Added Component: Designator=LED53(LED_5050-SMD_4P-WS2812)
Added Component: Designator=LED54(LED_5050-SMD_4P-WS2812)
Added Component: Designator=LED55(LED_5050-SMD_4P-WS2812)
Added Component: Designator=LED56(LED_5050-SMD_4P-WS2812)
Added Component: Designator=LED57(LED_5050-SMD_4P-WS2812)
Added Component: Designator=LED58(LED_5050-SMD_4P-WS2812)
Added Component: Designator=LED59(LED_5050-SMD_4P-WS2812)
Added Component: Designator=LED60(LED_5050-SMD_4P-WS2812)
Added Component: Designator=LED61(LED_5050-SMD_4P-WS2812)
Added Component: Designator=LED62(LED_5050-SMD_4P-WS2812)
Added Component: Designator=LED63(LED_5050-SMD_4P-WS2812)
Added Component: Designator=LED64(LED_5050-SMD_4P-WS2812)
Added Component: Designator=LED65(LED_5050-SMD_4P-WS2812)
Added Component: Designator=LED66(LED_5050-SMD_4P-WS2812)
Added Component: Designator=LED67(LED_5050-SMD_4P-WS2812)
Added Component: Designator=LED68(LED_5050-SMD_4P-WS2812)
Added Component: Designator=LED69(LED_5050-SMD_4P-WS2812)
Added Component: Designator=LED70(LED_5050-SMD_4P-WS2812)
Added Component: Designator=LED71(LED_5050-SMD_4P-WS2812)
Added Component: Designator=LED72(LED_5050-SMD_4P-WS2812)
Added Component: Designator=LED73(LED_5050-SMD_4P-WS2812)
Added Component: Designator=LED74(LED_5050-SMD_4P-WS2812)
Added Component: Designator=LED75(LED_5050-SMD_4P-WS2812)
Added Component: Designator=LED76(LED_5050-SMD_4P-WS2812)
Added Component: Designator=LED77(LED_5050-SMD_4P-WS2812)
Added Component: Designator=LED78(LED_5050-SMD_4P-WS2812)
Added Component: Designator=LED79(LED_5050-SMD_4P-WS2812)
Added Component: Designator=LED80(LED_5050-SMD_4P-WS2812)
Added Component: Designator=LED81(LED_5050-SMD_4P-WS2812)
Added Component: Designator=LED82(LED_5050-SMD_4P-WS2812)
Added Component: Designator=LED83(LED_5050-SMD_4P-WS2812)
Added Component: Designator=LED84(LED_5050-SMD_4P-WS2812)
Added Component: Designator=LED85(LED_5050-SMD_4P-WS2812)
Added Component: Designator=LED86(LED_5050-SMD_4P-WS2812)
Added Component: Designator=LED87(LED_5050-SMD_4P-WS2812)
Added Component: Designator=LED88(LED_5050-SMD_4P-WS2812)
Added Component: Designator=LED89(LED_5050-SMD_4P-WS2812)
Added Component: Designator=LED90(LED_5050-SMD_4P-WS2812)
Added Component: Designator=LED91(LED_5050-SMD_4P-WS2812)
Added Component: Designator=LED92(LED_5050-SMD_4P-WS2812)
Added Component: Designator=LED93(LED_5050-SMD_4P-WS2812)
Added Component: Designator=LED94(LED_5050-SMD_4P-WS2812)
Added Component: Designator=LED95(LED_5050-SMD_4P-WS2812)
Added Component: Designator=LED96(LED_5050-SMD_4P-WS2812)
Added Component: Designator=LED97(LED_5050-SMD_4P-WS2812)
Added Component: Designator=LED98(LED_5050-SMD_4P-WS2812)
Added Component: Designator=LED99(LED_5050-SMD_4P-WS2812)
Added Component: Designator=LED100(LED_5050-SMD_4P-WS2812)
Added Component: Designator=LED101(LED_5050-SMD_4P-WS2812)
Added Component: Designator=LED102(LED_5050-SMD_4P-WS2812)
Added Component: Designator=LED103(LED_5050-SMD_4P-WS2812)
Added Component: Designator=LED104(LED_5050-SMD_4P-WS2812)
Added Component: Designator=LED105(LED_5050-SMD_4P-WS2812)
Added Component: Designator=LED106(LED_5050-SMD_4P-WS2812)
Added Component: Designator=LED107(LED_5050-SMD_4P-WS2812)
Added Component: Designator=LED108(LED_5050-SMD_4P-WS2812)
Added Component: Designator=LED109(LED_5050-SMD_4P-WS2812)
Added Component: Designator=LED110(LED_5050-SMD_4P-WS2812)
Added Component: Designator=LED111(LED_5050-SMD_4P-WS2812)
Added Component: Designator=LED112(LED_5050-SMD_4P-WS2812)
Added Component: Designator=LED113(LED_5050-SMD_4P-WS2812)
Added Component: Designator=LED114(LED_5050-SMD_4P-WS2812)
Added Component: Designator=LED115(LED_5050-SMD_4P-WS2812)
Added Component: Designator=LED116(LED_5050-SMD_4P-WS2812)
Added Component: Designator=LED117(LED_5050-SMD_4P-WS2812)
Added Component: Designator=LED118(LED_5050-SMD_4P-WS2812)
Added Component: Designator=LED119(LED_5050-SMD_4P-WS2812)
Added Component: Designator=LED120(LED_5050-SMD_4P-WS2812)
Added Component: Designator=LED121(LED_5050-SMD_4P-WS2812)
Added Component: Designator=LED122(LED_5050-SMD_4P-WS2812)
Added Component: Designator=LED123(LED_5050-SMD_4P-WS2812)
Added Component: Designator=LED124(LED_5050-SMD_4P-WS2812)
Added Component: Designator=LED125(LED_5050-SMD_4P-WS2812)
Added Component: Designator=LED126(LED_5050-SMD_4P-WS2812)
Added Component: Designator=LED127(LED_5050-SMD_4P-WS2812)
Added Component: Designator=LED128(LED_5050-SMD_4P-WS2812)
Added Pin To Net: NetName=DIN Pin=LED1-4
Added Net: Name=DIN
Added Pin To Net: NetName=DOUT1 Pin=LED16-2
Added Pin To Net: NetName=DOUT1 Pin=LED17-4
Added Net: Name=DOUT1
Added Pin To Net: NetName=DOUT2 Pin=LED32-2
Added Pin To Net: NetName=DOUT2 Pin=LED33-4
Added Net: Name=DOUT2
Added Pin To Net: NetName=DOUT3 Pin=LED48-2
Added Pin To Net: NetName=DOUT3 Pin=LED49-4
Added Net: Name=DOUT3
Added Pin To Net: NetName=DOUT4 Pin=LED64-2
Added Pin To Net: NetName=DOUT4 Pin=LED65-4
Added Net: Name=DOUT4
Added Pin To Net: NetName=DOUT5 Pin=LED80-2
Added Pin To Net: NetName=DOUT5 Pin=LED81-4
Added Net: Name=DOUT5
Added Pin To Net: NetName=DOUT6 Pin=LED96-2
Added Pin To Net: NetName=DOUT6 Pin=LED97-4
Added Net: Name=DOUT6
Added Pin To Net: NetName=DOUT7 Pin=LED112-2
Added Pin To Net: NetName=DOUT7 Pin=LED113-4
Added Net: Name=DOUT7
Added Pin To Net: NetName=DOUT8 Pin=LED128-2
Added Net: Name=DOUT8
Added Pin To Net: NetName=GND Pin=LED1-3
Added Pin To Net: NetName=GND Pin=LED2-3
Added Pin To Net: NetName=GND Pin=LED3-3
Added Pin To Net: NetName=GND Pin=LED4-3
Added Pin To Net: NetName=GND Pin=LED5-3
Added Pin To Net: NetName=GND Pin=LED6-3
Added Pin To Net: NetName=GND Pin=LED7-3
Added Pin To Net: NetName=GND Pin=LED8-3
Added Pin To Net: NetName=GND Pin=LED9-3
Added Pin To Net: NetName=GND Pin=LED10-3
Added Pin To Net: NetName=GND Pin=LED11-3
Added Pin To Net: NetName=GND Pin=LED12-3
Added Pin To Net: NetName=GND Pin=LED13-3
Added Pin To Net: NetName=GND Pin=LED14-3
Added Pin To Net: NetName=GND Pin=LED15-3
Added Pin To Net: NetName=GND Pin=LED16-3
Added Pin To Net: NetName=GND Pin=LED17-3
Added Pin To Net: NetName=GND Pin=LED18-3
Added Pin To Net: NetName=GND Pin=LED19-3
Added Pin To Net: NetName=GND Pin=LED20-3
Added Pin To Net: NetName=GND Pin=LED21-3
Added Pin To Net: NetName=GND Pin=LED22-3
Added Pin To Net: NetName=GND Pin=LED23-3
Added Pin To Net: NetName=GND Pin=LED24-3
Added Pin To Net: NetName=GND Pin=LED25-3
Added Pin To Net: NetName=GND Pin=LED26-3
Added Pin To Net: NetName=GND Pin=LED27-3
Added Pin To Net: NetName=GND Pin=LED28-3
Added Pin To Net: NetName=GND Pin=LED29-3
Added Pin To Net: NetName=GND Pin=LED30-3
Added Pin To Net: NetName=GND Pin=LED31-3
Added Pin To Net: NetName=GND Pin=LED32-3
Added Pin To Net: NetName=GND Pin=LED33-3
Added Pin To Net: NetName=GND Pin=LED34-3
Added Pin To Net: NetName=GND Pin=LED35-3
Added Pin To Net: NetName=GND Pin=LED36-3
Added Pin To Net: NetName=GND Pin=LED37-3
Added Pin To Net: NetName=GND Pin=LED38-3
Added Pin To Net: NetName=GND Pin=LED39-3
Added Pin To Net: NetName=GND Pin=LED40-3
Added Pin To Net: NetName=GND Pin=LED41-3
Added Pin To Net: NetName=GND Pin=LED42-3
Added Pin To Net: NetName=GND Pin=LED43-3
Added Pin To Net: NetName=GND Pin=LED44-3
Added Pin To Net: NetName=GND Pin=LED45-3
Added Pin To Net: NetName=GND Pin=LED46-3
Added Pin To Net: NetName=GND Pin=LED47-3
Added Pin To Net: NetName=GND Pin=LED48-3
Added Pin To Net: NetName=GND Pin=LED49-3
Added Pin To Net: NetName=GND Pin=LED50-3
Added Pin To Net: NetName=GND Pin=LED51-3
Added Pin To Net: NetName=GND Pin=LED52-3
Added Pin To Net: NetName=GND Pin=LED53-3
Added Pin To Net: NetName=GND Pin=LED54-3
Added Pin To Net: NetName=GND Pin=LED55-3
Added Pin To Net: NetName=GND Pin=LED56-3
Added Pin To Net: NetName=GND Pin=LED57-3
Added Pin To Net: NetName=GND Pin=LED58-3
Added Pin To Net: NetName=GND Pin=LED59-3
Added Pin To Net: NetName=GND Pin=LED60-3
Added Pin To Net: NetName=GND Pin=LED61-3
Added Pin To Net: NetName=GND Pin=LED62-3
Added Pin To Net: NetName=GND Pin=LED63-3
Added Pin To Net: NetName=GND Pin=LED64-3
Added Pin To Net: NetName=GND Pin=LED65-3
Added Pin To Net: NetName=GND Pin=LED66-3
Added Pin To Net: NetName=GND Pin=LED67-3
Added Pin To Net: NetName=GND Pin=LED68-3
Added Pin To Net: NetName=GND Pin=LED69-3
Added Pin To Net: NetName=GND Pin=LED70-3
Added Pin To Net: NetName=GND Pin=LED71-3
Added Pin To Net: NetName=GND Pin=LED72-3
Added Pin To Net: NetName=GND Pin=LED73-3
Added Pin To Net: NetName=GND Pin=LED74-3
Added Pin To Net: NetName=GND Pin=LED75-3
Added Pin To Net: NetName=GND Pin=LED76-3
Added Pin To Net: NetName=GND Pin=LED77-3
Added Pin To Net: NetName=GND Pin=LED78-3
Added Pin To Net: NetName=GND Pin=LED79-3
Added Pin To Net: NetName=GND Pin=LED80-3
Added Pin To Net: NetName=GND Pin=LED81-3
Added Pin To Net: NetName=GND Pin=LED82-3
Added Pin To Net: NetName=GND Pin=LED83-3
Added Pin To Net: NetName=GND Pin=LED84-3
Added Pin To Net: NetName=GND Pin=LED85-3
Added Pin To Net: NetName=GND Pin=LED86-3
Added Pin To Net: NetName=GND Pin=LED87-3
Added Pin To Net: NetName=GND Pin=LED88-3
Added Pin To Net: NetName=GND Pin=LED89-3
Added Pin To Net: NetName=GND Pin=LED90-3
Added Pin To Net: NetName=GND Pin=LED91-3
Added Pin To Net: NetName=GND Pin=LED92-3
Added Pin To Net: NetName=GND Pin=LED93-3
Added Pin To Net: NetName=GND Pin=LED94-3
Added Pin To Net: NetName=GND Pin=LED95-3
Added Pin To Net: NetName=GND Pin=LED96-3
Added Pin To Net: NetName=GND Pin=LED97-3
Added Pin To Net: NetName=GND Pin=LED98-3
Added Pin To Net: NetName=GND Pin=LED99-3
Added Pin To Net: NetName=GND Pin=LED100-3
Added Pin To Net: NetName=GND Pin=LED101-3
Added Pin To Net: NetName=GND Pin=LED102-3
Added Pin To Net: NetName=GND Pin=LED103-3
Added Pin To Net: NetName=GND Pin=LED104-3
Added Pin To Net: NetName=GND Pin=LED105-3
Added Pin To Net: NetName=GND Pin=LED106-3
Added Pin To Net: NetName=GND Pin=LED107-3
Added Pin To Net: NetName=GND Pin=LED108-3
Added Pin To Net: NetName=GND Pin=LED109-3
Added Pin To Net: NetName=GND Pin=LED110-3
Added Pin To Net: NetName=GND Pin=LED111-3
Added Pin To Net: NetName=GND Pin=LED112-3
Added Pin To Net: NetName=GND Pin=LED113-3
Added Pin To Net: NetName=GND Pin=LED114-3
Added Pin To Net: NetName=GND Pin=LED115-3
Added Pin To Net: NetName=GND Pin=LED116-3
Added Pin To Net: NetName=GND Pin=LED117-3
Added Pin To Net: NetName=GND Pin=LED118-3
Added Pin To Net: NetName=GND Pin=LED119-3
Added Pin To Net: NetName=GND Pin=LED120-3
Added Pin To Net: NetName=GND Pin=LED121-3
Added Pin To Net: NetName=GND Pin=LED122-3
Added Pin To Net: NetName=GND Pin=LED123-3
Added Pin To Net: NetName=GND Pin=LED124-3
Added Pin To Net: NetName=GND Pin=LED125-3
Added Pin To Net: NetName=GND Pin=LED126-3
Added Pin To Net: NetName=GND Pin=LED127-3
Added Pin To Net: NetName=GND Pin=LED128-3
Added Net: Name=GND
Added Pin To Net: NetName=NetLED1_2 Pin=LED1-2
Added Pin To Net: NetName=NetLED1_2 Pin=LED2-4
Added Net: Name=NetLED1_2
Added Pin To Net: NetName=NetLED2_2 Pin=LED2-2
Added Pin To Net: NetName=NetLED2_2 Pin=LED3-4
Added Net: Name=NetLED2_2
Added Pin To Net: NetName=NetLED3_2 Pin=LED3-2
Added Pin To Net: NetName=NetLED3_2 Pin=LED4-4
Added Net: Name=NetLED3_2
Added Pin To Net: NetName=NetLED4_2 Pin=LED4-2
Added Pin To Net: NetName=NetLED4_2 Pin=LED5-4
Added Net: Name=NetLED4_2
Added Pin To Net: NetName=NetLED5_2 Pin=LED5-2
Added Pin To Net: NetName=NetLED5_2 Pin=LED6-4
Added Net: Name=NetLED5_2
Added Pin To Net: NetName=NetLED6_2 Pin=LED6-2
Added Pin To Net: NetName=NetLED6_2 Pin=LED7-4
Added Net: Name=NetLED6_2
Added Pin To Net: NetName=NetLED7_2 Pin=LED7-2
Added Pin To Net: NetName=NetLED7_2 Pin=LED8-4
Added Net: Name=NetLED7_2
Added Pin To Net: NetName=NetLED8_2 Pin=LED8-2
Added Pin To Net: NetName=NetLED8_2 Pin=LED9-4
Added Net: Name=NetLED8_2
Added Pin To Net: NetName=NetLED9_2 Pin=LED9-2
Added Pin To Net: NetName=NetLED9_2 Pin=LED10-4
Added Net: Name=NetLED9_2
Added Pin To Net: NetName=NetLED10_2 Pin=LED10-2
Added Pin To Net: NetName=NetLED10_2 Pin=LED11-4
Added Net: Name=NetLED10_2
Added Pin To Net: NetName=NetLED11_2 Pin=LED11-2
Added Pin To Net: NetName=NetLED11_2 Pin=LED12-4
Added Net: Name=NetLED11_2
Added Pin To Net: NetName=NetLED12_2 Pin=LED12-2
Added Pin To Net: NetName=NetLED12_2 Pin=LED13-4
Added Net: Name=NetLED12_2
Added Pin To Net: NetName=NetLED13_2 Pin=LED13-2
Added Pin To Net: NetName=NetLED13_2 Pin=LED14-4
Added Net: Name=NetLED13_2
Added Pin To Net: NetName=NetLED14_2 Pin=LED14-2
Added Pin To Net: NetName=NetLED14_2 Pin=LED15-4
Added Net: Name=NetLED14_2
Added Pin To Net: NetName=NetLED15_2 Pin=LED15-2
Added Pin To Net: NetName=NetLED15_2 Pin=LED16-4
Added Net: Name=NetLED15_2
Added Pin To Net: NetName=NetLED17_2 Pin=LED17-2
Added Pin To Net: NetName=NetLED17_2 Pin=LED18-4
Added Net: Name=NetLED17_2
Added Pin To Net: NetName=NetLED18_2 Pin=LED18-2
Added Pin To Net: NetName=NetLED18_2 Pin=LED19-4
Added Net: Name=NetLED18_2
Added Pin To Net: NetName=NetLED19_2 Pin=LED19-2
Added Pin To Net: NetName=NetLED19_2 Pin=LED20-4
Added Net: Name=NetLED19_2
Added Pin To Net: NetName=NetLED20_2 Pin=LED20-2
Added Pin To Net: NetName=NetLED20_2 Pin=LED21-4
Added Net: Name=NetLED20_2
Added Pin To Net: NetName=NetLED21_2 Pin=LED21-2
Added Pin To Net: NetName=NetLED21_2 Pin=LED22-4
Added Net: Name=NetLED21_2
Added Pin To Net: NetName=NetLED22_2 Pin=LED22-2
Added Pin To Net: NetName=NetLED22_2 Pin=LED23-4
Added Net: Name=NetLED22_2
Added Pin To Net: NetName=NetLED23_2 Pin=LED23-2
Added Pin To Net: NetName=NetLED23_2 Pin=LED24-4
Added Net: Name=NetLED23_2
Added Pin To Net: NetName=NetLED24_2 Pin=LED24-2
Added Pin To Net: NetName=NetLED24_2 Pin=LED25-4
Added Net: Name=NetLED24_2
Added Pin To Net: NetName=NetLED25_2 Pin=LED25-2
Added Pin To Net: NetName=NetLED25_2 Pin=LED26-4
Added Net: Name=NetLED25_2
Added Pin To Net: NetName=NetLED26_2 Pin=LED26-2
Added Pin To Net: NetName=NetLED26_2 Pin=LED27-4
Added Net: Name=NetLED26_2
Added Pin To Net: NetName=NetLED27_2 Pin=LED27-2
Added Pin To Net: NetName=NetLED27_2 Pin=LED28-4
Added Net: Name=NetLED27_2
Added Pin To Net: NetName=NetLED28_2 Pin=LED28-2
Added Pin To Net: NetName=NetLED28_2 Pin=LED29-4
Added Net: Name=NetLED28_2
Added Pin To Net: NetName=NetLED29_2 Pin=LED29-2
Added Pin To Net: NetName=NetLED29_2 Pin=LED30-4
Added Net: Name=NetLED29_2
Added Pin To Net: NetName=NetLED30_2 Pin=LED30-2
Added Pin To Net: NetName=NetLED30_2 Pin=LED31-4
Added Net: Name=NetLED30_2
Added Pin To Net: NetName=NetLED31_2 Pin=LED31-2
Added Pin To Net: NetName=NetLED31_2 Pin=LED32-4
Added Net: Name=NetLED31_2
Added Pin To Net: NetName=NetLED33_2 Pin=LED33-2
Added Pin To Net: NetName=NetLED33_2 Pin=LED34-4
Added Net: Name=NetLED33_2
Added Pin To Net: NetName=NetLED34_2 Pin=LED34-2
Added Pin To Net: NetName=NetLED34_2 Pin=LED35-4
Added Net: Name=NetLED34_2
Added Pin To Net: NetName=NetLED35_2 Pin=LED35-2
Added Pin To Net: NetName=NetLED35_2 Pin=LED36-4
Added Net: Name=NetLED35_2
Added Pin To Net: NetName=NetLED36_2 Pin=LED36-2
Added Pin To Net: NetName=NetLED36_2 Pin=LED37-4
Added Net: Name=NetLED36_2
Added Pin To Net: NetName=NetLED37_2 Pin=LED37-2
Added Pin To Net: NetName=NetLED37_2 Pin=LED38-4
Added Net: Name=NetLED37_2
Added Pin To Net: NetName=NetLED38_2 Pin=LED38-2
Added Pin To Net: NetName=NetLED38_2 Pin=LED39-4
Added Net: Name=NetLED38_2
Added Pin To Net: NetName=NetLED39_2 Pin=LED39-2
Added Pin To Net: NetName=NetLED39_2 Pin=LED40-4
Added Net: Name=NetLED39_2
Added Pin To Net: NetName=NetLED40_2 Pin=LED40-2
Added Pin To Net: NetName=NetLED40_2 Pin=LED41-4
Added Net: Name=NetLED40_2
Added Pin To Net: NetName=NetLED41_2 Pin=LED41-2
Added Pin To Net: NetName=NetLED41_2 Pin=LED42-4
Added Net: Name=NetLED41_2
Added Pin To Net: NetName=NetLED42_2 Pin=LED42-2
Added Pin To Net: NetName=NetLED42_2 Pin=LED43-4
Added Net: Name=NetLED42_2
Added Pin To Net: NetName=NetLED43_2 Pin=LED43-2
Added Pin To Net: NetName=NetLED43_2 Pin=LED44-4
Added Net: Name=NetLED43_2
Added Pin To Net: NetName=NetLED44_2 Pin=LED44-2
Added Pin To Net: NetName=NetLED44_2 Pin=LED45-4
Added Net: Name=NetLED44_2
Added Pin To Net: NetName=NetLED45_2 Pin=LED45-2
Added Pin To Net: NetName=NetLED45_2 Pin=LED46-4
Added Net: Name=NetLED45_2
Added Pin To Net: NetName=NetLED46_2 Pin=LED46-2
Added Pin To Net: NetName=NetLED46_2 Pin=LED47-4
Added Net: Name=NetLED46_2
Added Pin To Net: NetName=NetLED47_2 Pin=LED47-2
Added Pin To Net: NetName=NetLED47_2 Pin=LED48-4
Added Net: Name=NetLED47_2
Added Pin To Net: NetName=NetLED49_2 Pin=LED49-2
Added Pin To Net: NetName=NetLED49_2 Pin=LED50-4
Added Net: Name=NetLED49_2
Added Pin To Net: NetName=NetLED50_2 Pin=LED50-2
Added Pin To Net: NetName=NetLED50_2 Pin=LED51-4
Added Net: Name=NetLED50_2
Added Pin To Net: NetName=NetLED51_2 Pin=LED51-2
Added Pin To Net: NetName=NetLED51_2 Pin=LED52-4
Added Net: Name=NetLED51_2
Added Pin To Net: NetName=NetLED52_2 Pin=LED52-2
Added Pin To Net: NetName=NetLED52_2 Pin=LED53-4
Added Net: Name=NetLED52_2
Added Pin To Net: NetName=NetLED53_2 Pin=LED53-2
Added Pin To Net: NetName=NetLED53_2 Pin=LED54-4
Added Net: Name=NetLED53_2
Added Pin To Net: NetName=NetLED54_2 Pin=LED54-2
Added Pin To Net: NetName=NetLED54_2 Pin=LED55-4
Added Net: Name=NetLED54_2
Added Pin To Net: NetName=NetLED55_2 Pin=LED55-2
Added Pin To Net: NetName=NetLED55_2 Pin=LED56-4
Added Net: Name=NetLED55_2
Added Pin To Net: NetName=NetLED56_2 Pin=LED56-2
Added Pin To Net: NetName=NetLED56_2 Pin=LED57-4
Added Net: Name=NetLED56_2
Added Pin To Net: NetName=NetLED57_2 Pin=LED57-2
Added Pin To Net: NetName=NetLED57_2 Pin=LED58-4
Added Net: Name=NetLED57_2
Added Pin To Net: NetName=NetLED58_2 Pin=LED58-2
Added Pin To Net: NetName=NetLED58_2 Pin=LED59-4
Added Net: Name=NetLED58_2
Added Pin To Net: NetName=NetLED59_2 Pin=LED59-2
Added Pin To Net: NetName=NetLED59_2 Pin=LED60-4
Added Net: Name=NetLED59_2
Added Pin To Net: NetName=NetLED60_2 Pin=LED60-2
Added Pin To Net: NetName=NetLED60_2 Pin=LED61-4
Added Net: Name=NetLED60_2
Added Pin To Net: NetName=NetLED61_2 Pin=LED61-2
Added Pin To Net: NetName=NetLED61_2 Pin=LED62-4
Added Net: Name=NetLED61_2
Added Pin To Net: NetName=NetLED62_2 Pin=LED62-2
Added Pin To Net: NetName=NetLED62_2 Pin=LED63-4
Added Net: Name=NetLED62_2
Added Pin To Net: NetName=NetLED63_2 Pin=LED63-2
Added Pin To Net: NetName=NetLED63_2 Pin=LED64-4
Added Net: Name=NetLED63_2
Added Pin To Net: NetName=NetLED65_2 Pin=LED65-2
Added Pin To Net: NetName=NetLED65_2 Pin=LED66-4
Added Net: Name=NetLED65_2
Added Pin To Net: NetName=NetLED66_2 Pin=LED66-2
Added Pin To Net: NetName=NetLED66_2 Pin=LED67-4
Added Net: Name=NetLED66_2
Added Pin To Net: NetName=NetLED67_2 Pin=LED67-2
Added Pin To Net: NetName=NetLED67_2 Pin=LED68-4
Added Net: Name=NetLED67_2
Added Pin To Net: NetName=NetLED68_2 Pin=LED68-2
Added Pin To Net: NetName=NetLED68_2 Pin=LED69-4
Added Net: Name=NetLED68_2
Added Pin To Net: NetName=NetLED69_2 Pin=LED69-2
Added Pin To Net: NetName=NetLED69_2 Pin=LED70-4
Added Net: Name=NetLED69_2
Added Pin To Net: NetName=NetLED70_2 Pin=LED70-2
Added Pin To Net: NetName=NetLED70_2 Pin=LED71-4
Added Net: Name=NetLED70_2
Added Pin To Net: NetName=NetLED71_2 Pin=LED71-2
Added Pin To Net: NetName=NetLED71_2 Pin=LED72-4
Added Net: Name=NetLED71_2
Added Pin To Net: NetName=NetLED72_2 Pin=LED72-2
Added Pin To Net: NetName=NetLED72_2 Pin=LED73-4
Added Net: Name=NetLED72_2
Added Pin To Net: NetName=NetLED73_2 Pin=LED73-2
Added Pin To Net: NetName=NetLED73_2 Pin=LED74-4
Added Net: Name=NetLED73_2
Added Pin To Net: NetName=NetLED74_2 Pin=LED74-2
Added Pin To Net: NetName=NetLED74_2 Pin=LED75-4
Added Net: Name=NetLED74_2
Added Pin To Net: NetName=NetLED75_2 Pin=LED75-2
Added Pin To Net: NetName=NetLED75_2 Pin=LED76-4
Added Net: Name=NetLED75_2
Added Pin To Net: NetName=NetLED76_2 Pin=LED76-2
Added Pin To Net: NetName=NetLED76_2 Pin=LED77-4
Added Net: Name=NetLED76_2
Added Pin To Net: NetName=NetLED77_2 Pin=LED77-2
Added Pin To Net: NetName=NetLED77_2 Pin=LED78-4
Added Net: Name=NetLED77_2
Added Pin To Net: NetName=NetLED78_2 Pin=LED78-2
Added Pin To Net: NetName=NetLED78_2 Pin=LED79-4
Added Net: Name=NetLED78_2
Added Pin To Net: NetName=NetLED79_2 Pin=LED79-2
Added Pin To Net: NetName=NetLED79_2 Pin=LED80-4
Added Net: Name=NetLED79_2
Added Pin To Net: NetName=NetLED81_2 Pin=LED81-2
Added Pin To Net: NetName=NetLED81_2 Pin=LED82-4
Added Net: Name=NetLED81_2
Added Pin To Net: NetName=NetLED82_2 Pin=LED82-2
Added Pin To Net: NetName=NetLED82_2 Pin=LED83-4
Added Net: Name=NetLED82_2
Added Pin To Net: NetName=NetLED83_2 Pin=LED83-2
Added Pin To Net: NetName=NetLED83_2 Pin=LED84-4
Added Net: Name=NetLED83_2
Added Pin To Net: NetName=NetLED84_2 Pin=LED84-2
Added Pin To Net: NetName=NetLED84_2 Pin=LED85-4
Added Net: Name=NetLED84_2
Added Pin To Net: NetName=NetLED85_2 Pin=LED85-2
Added Pin To Net: NetName=NetLED85_2 Pin=LED86-4
Added Net: Name=NetLED85_2
Added Pin To Net: NetName=NetLED86_2 Pin=LED86-2
Added Pin To Net: NetName=NetLED86_2 Pin=LED87-4
Added Net: Name=NetLED86_2
Added Pin To Net: NetName=NetLED87_2 Pin=LED87-2
Added Pin To Net: NetName=NetLED87_2 Pin=LED88-4
Added Net: Name=NetLED87_2
Added Pin To Net: NetName=NetLED88_2 Pin=LED88-2
Added Pin To Net: NetName=NetLED88_2 Pin=LED89-4
Added Net: Name=NetLED88_2
Added Pin To Net: NetName=NetLED89_2 Pin=LED89-2
Added Pin To Net: NetName=NetLED89_2 Pin=LED90-4
Added Net: Name=NetLED89_2
Added Pin To Net: NetName=NetLED90_2 Pin=LED90-2
Added Pin To Net: NetName=NetLED90_2 Pin=LED91-4
Added Net: Name=NetLED90_2
Added Pin To Net: NetName=NetLED91_2 Pin=LED91-2
Added Pin To Net: NetName=NetLED91_2 Pin=LED92-4
Added Net: Name=NetLED91_2
Added Pin To Net: NetName=NetLED92_2 Pin=LED92-2
Added Pin To Net: NetName=NetLED92_2 Pin=LED93-4
Added Net: Name=NetLED92_2
Added Pin To Net: NetName=NetLED93_2 Pin=LED93-2
Added Pin To Net: NetName=NetLED93_2 Pin=LED94-4
Added Net: Name=NetLED93_2
Added Pin To Net: NetName=NetLED94_2 Pin=LED94-2
Added Pin To Net: NetName=NetLED94_2 Pin=LED95-4
Added Net: Name=NetLED94_2
Added Pin To Net: NetName=NetLED95_2 Pin=LED95-2
Added Pin To Net: NetName=NetLED95_2 Pin=LED96-4
Added Net: Name=NetLED95_2
Added Pin To Net: NetName=NetLED97_2 Pin=LED97-2
Added Pin To Net: NetName=NetLED97_2 Pin=LED98-4
Added Net: Name=NetLED97_2
Added Pin To Net: NetName=NetLED98_2 Pin=LED98-2
Added Pin To Net: NetName=NetLED98_2 Pin=LED99-4
Added Net: Name=NetLED98_2
Added Pin To Net: NetName=NetLED99_2 Pin=LED99-2
Added Pin To Net: NetName=NetLED99_2 Pin=LED100-4
Added Net: Name=NetLED99_2
Added Pin To Net: NetName=NetLED100_2 Pin=LED100-2
Added Pin To Net: NetName=NetLED100_2 Pin=LED101-4
Added Net: Name=NetLED100_2
Added Pin To Net: NetName=NetLED101_2 Pin=LED101-2
Added Pin To Net: NetName=NetLED101_2 Pin=LED102-4
Added Net: Name=NetLED101_2
Added Pin To Net: NetName=NetLED102_2 Pin=LED102-2
Added Pin To Net: NetName=NetLED102_2 Pin=LED103-4
Added Net: Name=NetLED102_2
Added Pin To Net: NetName=NetLED103_2 Pin=LED103-2
Added Pin To Net: NetName=NetLED103_2 Pin=LED104-4
Added Net: Name=NetLED103_2
Added Pin To Net: NetName=NetLED104_2 Pin=LED104-2
Added Pin To Net: NetName=NetLED104_2 Pin=LED105-4
Added Net: Name=NetLED104_2
Added Pin To Net: NetName=NetLED105_2 Pin=LED105-2
Added Pin To Net: NetName=NetLED105_2 Pin=LED106-4
Added Net: Name=NetLED105_2
Added Pin To Net: NetName=NetLED106_2 Pin=LED106-2
Added Pin To Net: NetName=NetLED106_2 Pin=LED107-4
Added Net: Name=NetLED106_2
Added Pin To Net: NetName=NetLED107_2 Pin=LED107-2
Added Pin To Net: NetName=NetLED107_2 Pin=LED108-4
Added Net: Name=NetLED107_2
Added Pin To Net: NetName=NetLED108_2 Pin=LED108-2
Added Pin To Net: NetName=NetLED108_2 Pin=LED109-4
Added Net: Name=NetLED108_2
Added Pin To Net: NetName=NetLED109_2 Pin=LED109-2
Added Pin To Net: NetName=NetLED109_2 Pin=LED110-4
Added Net: Name=NetLED109_2
Added Pin To Net: NetName=NetLED110_2 Pin=LED110-2
Added Pin To Net: NetName=NetLED110_2 Pin=LED111-4
Added Net: Name=NetLED110_2
Added Pin To Net: NetName=NetLED111_2 Pin=LED111-2
Added Pin To Net: NetName=NetLED111_2 Pin=LED112-4
Added Net: Name=NetLED111_2
Added Pin To Net: NetName=NetLED113_2 Pin=LED113-2
Added Pin To Net: NetName=NetLED113_2 Pin=LED114-4
Added Net: Name=NetLED113_2
Added Pin To Net: NetName=NetLED114_2 Pin=LED114-2
Added Pin To Net: NetName=NetLED114_2 Pin=LED115-4
Added Net: Name=NetLED114_2
Added Pin To Net: NetName=NetLED115_2 Pin=LED115-2
Added Pin To Net: NetName=NetLED115_2 Pin=LED116-4
Added Net: Name=NetLED115_2
Added Pin To Net: NetName=NetLED116_2 Pin=LED116-2
Added Pin To Net: NetName=NetLED116_2 Pin=LED117-4
Added Net: Name=NetLED116_2
Added Pin To Net: NetName=NetLED117_2 Pin=LED117-2
Added Pin To Net: NetName=NetLED117_2 Pin=LED118-4
Added Net: Name=NetLED117_2
Added Pin To Net: NetName=NetLED118_2 Pin=LED118-2
Added Pin To Net: NetName=NetLED118_2 Pin=LED119-4
Added Net: Name=NetLED118_2
Added Pin To Net: NetName=NetLED119_2 Pin=LED119-2
Added Pin To Net: NetName=NetLED119_2 Pin=LED120-4
Added Net: Name=NetLED119_2
Added Pin To Net: NetName=NetLED120_2 Pin=LED120-2
Added Pin To Net: NetName=NetLED120_2 Pin=LED121-4
Added Net: Name=NetLED120_2
Added Pin To Net: NetName=NetLED121_2 Pin=LED121-2
Added Pin To Net: NetName=NetLED121_2 Pin=LED122-4
Added Net: Name=NetLED121_2
Added Pin To Net: NetName=NetLED122_2 Pin=LED122-2
Added Pin To Net: NetName=NetLED122_2 Pin=LED123-4
Added Net: Name=NetLED122_2
Added Pin To Net: NetName=NetLED123_2 Pin=LED123-2
Added Pin To Net: NetName=NetLED123_2 Pin=LED124-4
Added Net: Name=NetLED123_2
Added Pin To Net: NetName=NetLED124_2 Pin=LED124-2
Added Pin To Net: NetName=NetLED124_2 Pin=LED125-4
Added Net: Name=NetLED124_2
Added Pin To Net: NetName=NetLED125_2 Pin=LED125-2
Added Pin To Net: NetName=NetLED125_2 Pin=LED126-4
Added Net: Name=NetLED125_2
Added Pin To Net: NetName=NetLED126_2 Pin=LED126-2
Added Pin To Net: NetName=NetLED126_2 Pin=LED127-4
Added Net: Name=NetLED126_2
Added Pin To Net: NetName=NetLED127_2 Pin=LED127-2
Added Pin To Net: NetName=NetLED127_2 Pin=LED128-4
Added Net: Name=NetLED127_2
Added Pin To Net: NetName=VCC Pin=LED1-1
Added Pin To Net: NetName=VCC Pin=LED2-1
Added Pin To Net: NetName=VCC Pin=LED3-1
Added Pin To Net: NetName=VCC Pin=LED4-1
Added Pin To Net: NetName=VCC Pin=LED5-1
Added Pin To Net: NetName=VCC Pin=LED6-1
Added Pin To Net: NetName=VCC Pin=LED7-1
Added Pin To Net: NetName=VCC Pin=LED8-1
Added Pin To Net: NetName=VCC Pin=LED9-1
Added Pin To Net: NetName=VCC Pin=LED10-1
Added Pin To Net: NetName=VCC Pin=LED11-1
Added Pin To Net: NetName=VCC Pin=LED12-1
Added Pin To Net: NetName=VCC Pin=LED13-1
Added Pin To Net: NetName=VCC Pin=LED14-1
Added Pin To Net: NetName=VCC Pin=LED15-1
Added Pin To Net: NetName=VCC Pin=LED16-1
Added Pin To Net: NetName=VCC Pin=LED17-1
Added Pin To Net: NetName=VCC Pin=LED18-1
Added Pin To Net: NetName=VCC Pin=LED19-1
Added Pin To Net: NetName=VCC Pin=LED20-1
Added Pin To Net: NetName=VCC Pin=LED21-1
Added Pin To Net: NetName=VCC Pin=LED22-1
Added Pin To Net: NetName=VCC Pin=LED23-1
Added Pin To Net: NetName=VCC Pin=LED24-1
Added Pin To Net: NetName=VCC Pin=LED25-1
Added Pin To Net: NetName=VCC Pin=LED26-1
Added Pin To Net: NetName=VCC Pin=LED27-1
Added Pin To Net: NetName=VCC Pin=LED28-1
Added Pin To Net: NetName=VCC Pin=LED29-1
Added Pin To Net: NetName=VCC Pin=LED30-1
Added Pin To Net: NetName=VCC Pin=LED31-1
Added Pin To Net: NetName=VCC Pin=LED32-1
Added Pin To Net: NetName=VCC Pin=LED33-1
Added Pin To Net: NetName=VCC Pin=LED34-1
Added Pin To Net: NetName=VCC Pin=LED35-1
Added Pin To Net: NetName=VCC Pin=LED36-1
Added Pin To Net: NetName=VCC Pin=LED37-1
Added Pin To Net: NetName=VCC Pin=LED38-1
Added Pin To Net: NetName=VCC Pin=LED39-1
Added Pin To Net: NetName=VCC Pin=LED40-1
Added Pin To Net: NetName=VCC Pin=LED41-1
Added Pin To Net: NetName=VCC Pin=LED42-1
Added Pin To Net: NetName=VCC Pin=LED43-1
Added Pin To Net: NetName=VCC Pin=LED44-1
Added Pin To Net: NetName=VCC Pin=LED45-1
Added Pin To Net: NetName=VCC Pin=LED46-1
Added Pin To Net: NetName=VCC Pin=LED47-1
Added Pin To Net: NetName=VCC Pin=LED48-1
Added Pin To Net: NetName=VCC Pin=LED49-1
Added Pin To Net: NetName=VCC Pin=LED50-1
Added Pin To Net: NetName=VCC Pin=LED51-1
Added Pin To Net: NetName=VCC Pin=LED52-1
Added Pin To Net: NetName=VCC Pin=LED53-1
Added Pin To Net: NetName=VCC Pin=LED54-1
Added Pin To Net: NetName=VCC Pin=LED55-1
Added Pin To Net: NetName=VCC Pin=LED56-1
Added Pin To Net: NetName=VCC Pin=LED57-1
Added Pin To Net: NetName=VCC Pin=LED58-1
Added Pin To Net: NetName=VCC Pin=LED59-1
Added Pin To Net: NetName=VCC Pin=LED60-1
Added Pin To Net: NetName=VCC Pin=LED61-1
Added Pin To Net: NetName=VCC Pin=LED62-1
Added Pin To Net: NetName=VCC Pin=LED63-1
Added Pin To Net: NetName=VCC Pin=LED64-1
Added Pin To Net: NetName=VCC Pin=LED65-1
Added Pin To Net: NetName=VCC Pin=LED66-1
Added Pin To Net: NetName=VCC Pin=LED67-1
Added Pin To Net: NetName=VCC Pin=LED68-1
Added Pin To Net: NetName=VCC Pin=LED69-1
Added Pin To Net: NetName=VCC Pin=LED70-1
Added Pin To Net: NetName=VCC Pin=LED71-1
Added Pin To Net: NetName=VCC Pin=LED72-1
Added Pin To Net: NetName=VCC Pin=LED73-1
Added Pin To Net: NetName=VCC Pin=LED74-1
Added Pin To Net: NetName=VCC Pin=LED75-1
Added Pin To Net: NetName=VCC Pin=LED76-1
Added Pin To Net: NetName=VCC Pin=LED77-1
Added Pin To Net: NetName=VCC Pin=LED78-1
Added Pin To Net: NetName=VCC Pin=LED79-1
Added Pin To Net: NetName=VCC Pin=LED80-1
Added Pin To Net: NetName=VCC Pin=LED81-1
Added Pin To Net: NetName=VCC Pin=LED82-1
Added Pin To Net: NetName=VCC Pin=LED83-1
Added Pin To Net: NetName=VCC Pin=LED84-1
Added Pin To Net: NetName=VCC Pin=LED85-1
Added Pin To Net: NetName=VCC Pin=LED86-1
Added Pin To Net: NetName=VCC Pin=LED87-1
Added Pin To Net: NetName=VCC Pin=LED88-1
Added Pin To Net: NetName=VCC Pin=LED89-1
Added Pin To Net: NetName=VCC Pin=LED90-1
Added Pin To Net: NetName=VCC Pin=LED91-1
Added Pin To Net: NetName=VCC Pin=LED92-1
Added Pin To Net: NetName=VCC Pin=LED93-1
Added Pin To Net: NetName=VCC Pin=LED94-1
Added Pin To Net: NetName=VCC Pin=LED95-1
Added Pin To Net: NetName=VCC Pin=LED96-1
Added Pin To Net: NetName=VCC Pin=LED97-1
Added Pin To Net: NetName=VCC Pin=LED98-1
Added Pin To Net: NetName=VCC Pin=LED99-1
Added Pin To Net: NetName=VCC Pin=LED100-1
Added Pin To Net: NetName=VCC Pin=LED101-1
Added Pin To Net: NetName=VCC Pin=LED102-1
Added Pin To Net: NetName=VCC Pin=LED103-1
Added Pin To Net: NetName=VCC Pin=LED104-1
Added Pin To Net: NetName=VCC Pin=LED105-1
Added Pin To Net: NetName=VCC Pin=LED106-1
Added Pin To Net: NetName=VCC Pin=LED107-1
Added Pin To Net: NetName=VCC Pin=LED108-1
Added Pin To Net: NetName=VCC Pin=LED109-1
Added Pin To Net: NetName=VCC Pin=LED110-1
Added Pin To Net: NetName=VCC Pin=LED111-1
Added Pin To Net: NetName=VCC Pin=LED112-1
Added Pin To Net: NetName=VCC Pin=LED113-1
Added Pin To Net: NetName=VCC Pin=LED114-1
Added Pin To Net: NetName=VCC Pin=LED115-1
Added Pin To Net: NetName=VCC Pin=LED116-1
Added Pin To Net: NetName=VCC Pin=LED117-1
Added Pin To Net: NetName=VCC Pin=LED118-1
Added Pin To Net: NetName=VCC Pin=LED119-1
Added Pin To Net: NetName=VCC Pin=LED120-1
Added Pin To Net: NetName=VCC Pin=LED121-1
Added Pin To Net: NetName=VCC Pin=LED122-1
Added Pin To Net: NetName=VCC Pin=LED123-1
Added Pin To Net: NetName=VCC Pin=LED124-1
Added Pin To Net: NetName=VCC Pin=LED125-1
Added Pin To Net: NetName=VCC Pin=LED126-1
Added Pin To Net: NetName=VCC Pin=LED127-1
Added Pin To Net: NetName=VCC Pin=LED128-1
Added Net: Name=VCC
Added Class: Name=ScreenRGB
Added Room: Name=ScreenRGB
