Added Component: Designator=LED225(LED_5050-SMD_4P-WS2812)
Added Component: Designator=LED226(LED_5050-SMD_4P-WS2812)
Added Component: Designator=LED227(LED_5050-SMD_4P-WS2812)
Added Component: Designator=LED228(LED_5050-SMD_4P-WS2812)
Added Component: Designator=LED229(LED_5050-SMD_4P-WS2812)
Added Component: Designator=LED230(LED_5050-SMD_4P-WS2812)
Added Component: Designator=LED231(LED_5050-SMD_4P-WS2812)
Added Component: Designator=LED232(LED_5050-SMD_4P-WS2812)
Added Component: Designator=LED233(LED_5050-SMD_4P-WS2812)
Added Component: Designator=LED234(LED_5050-SMD_4P-WS2812)
Added Component: Designator=LED235(LED_5050-SMD_4P-WS2812)
Added Component: Designator=LED236(LED_5050-SMD_4P-WS2812)
Added Component: Designator=LED237(LED_5050-SMD_4P-WS2812)
Added Component: Designator=LED238(LED_5050-SMD_4P-WS2812)
Added Component: Designator=LED239(LED_5050-SMD_4P-WS2812)
Added Component: Designator=LED240(LED_5050-SMD_4P-WS2812)
Added Component: Designator=LED241(LED_5050-SMD_4P-WS2812)
Added Component: Designator=LED242(LED_5050-SMD_4P-WS2812)
Added Component: Designator=LED243(LED_5050-SMD_4P-WS2812)
Added Component: Designator=LED244(LED_5050-SMD_4P-WS2812)
Added Component: Designator=LED245(LED_5050-SMD_4P-WS2812)
Added Component: Designator=LED246(LED_5050-SMD_4P-WS2812)
Added Component: Designator=LED247(LED_5050-SMD_4P-WS2812)
Added Component: Designator=LED248(LED_5050-SMD_4P-WS2812)
Added Component: Designator=LED249(LED_5050-SMD_4P-WS2812)
Added Component: Designator=LED250(LED_5050-SMD_4P-WS2812)
Added Component: Designator=LED251(LED_5050-SMD_4P-WS2812)
Added Component: Designator=LED252(LED_5050-SMD_4P-WS2812)
Added Component: Designator=LED253(LED_5050-SMD_4P-WS2812)
Added Component: Designator=LED254(LED_5050-SMD_4P-WS2812)
Added Component: Designator=LED255(LED_5050-SMD_4P-WS2812)
Added Component: Designator=LED256(LED_5050-SMD_4P-WS2812)
Added Pin To Net: NetName=VCC Pin=LED225-1
Added Pin To Net: NetName=GND Pin=LED225-3
Added Pin To Net: NetName=DOUT14 Pin=LED225-4
Added Pin To Net: NetName=VCC Pin=LED226-1
Added Pin To Net: NetName=GND Pin=LED226-3
Added Pin To Net: NetName=VCC Pin=LED227-1
Added Pin To Net: NetName=GND Pin=LED227-3
Added Pin To Net: NetName=VCC Pin=LED228-1
Added Pin To Net: NetName=GND Pin=LED228-3
Added Pin To Net: NetName=VCC Pin=LED229-1
Added Pin To Net: NetName=GND Pin=LED229-3
Added Pin To Net: NetName=VCC Pin=LED230-1
Added Pin To Net: NetName=GND Pin=LED230-3
Added Pin To Net: NetName=VCC Pin=LED231-1
Added Pin To Net: NetName=GND Pin=LED231-3
Added Pin To Net: NetName=VCC Pin=LED232-1
Added Pin To Net: NetName=GND Pin=LED232-3
Added Pin To Net: NetName=VCC Pin=LED233-1
Added Pin To Net: NetName=GND Pin=LED233-3
Added Pin To Net: NetName=VCC Pin=LED234-1
Added Pin To Net: NetName=GND Pin=LED234-3
Added Pin To Net: NetName=VCC Pin=LED235-1
Added Pin To Net: NetName=GND Pin=LED235-3
Added Pin To Net: NetName=VCC Pin=LED236-1
Added Pin To Net: NetName=GND Pin=LED236-3
Added Pin To Net: NetName=VCC Pin=LED237-1
Added Pin To Net: NetName=GND Pin=LED237-3
Added Pin To Net: NetName=VCC Pin=LED238-1
Added Pin To Net: NetName=GND Pin=LED238-3
Added Pin To Net: NetName=VCC Pin=LED239-1
Added Pin To Net: NetName=GND Pin=LED239-3
Added Pin To Net: NetName=VCC Pin=LED240-1
Added Pin To Net: NetName=GND Pin=LED240-3
Added Pin To Net: NetName=VCC Pin=LED241-1
Added Pin To Net: NetName=GND Pin=LED241-3
Added Pin To Net: NetName=VCC Pin=LED242-1
Added Pin To Net: NetName=GND Pin=LED242-3
Added Pin To Net: NetName=VCC Pin=LED243-1
Added Pin To Net: NetName=GND Pin=LED243-3
Added Pin To Net: NetName=VCC Pin=LED244-1
Added Pin To Net: NetName=GND Pin=LED244-3
Added Pin To Net: NetName=VCC Pin=LED245-1
Added Pin To Net: NetName=GND Pin=LED245-3
Added Pin To Net: NetName=VCC Pin=LED246-1
Added Pin To Net: NetName=GND Pin=LED246-3
Added Pin To Net: NetName=VCC Pin=LED247-1
Added Pin To Net: NetName=GND Pin=LED247-3
Added Pin To Net: NetName=VCC Pin=LED248-1
Added Pin To Net: NetName=GND Pin=LED248-3
Added Pin To Net: NetName=VCC Pin=LED249-1
Added Pin To Net: NetName=GND Pin=LED249-3
Added Pin To Net: NetName=VCC Pin=LED250-1
Added Pin To Net: NetName=GND Pin=LED250-3
Added Pin To Net: NetName=VCC Pin=LED251-1
Added Pin To Net: NetName=GND Pin=LED251-3
Added Pin To Net: NetName=VCC Pin=LED252-1
Added Pin To Net: NetName=GND Pin=LED252-3
Added Pin To Net: NetName=VCC Pin=LED253-1
Added Pin To Net: NetName=GND Pin=LED253-3
Added Pin To Net: NetName=VCC Pin=LED254-1
Added Pin To Net: NetName=GND Pin=LED254-3
Added Pin To Net: NetName=VCC Pin=LED255-1
Added Pin To Net: NetName=GND Pin=LED255-3
Added Pin To Net: NetName=VCC Pin=LED256-1
Added Pin To Net: NetName=GND Pin=LED256-3
Added Pin To Net: NetName=DOUT15 Pin=LED240-2
Added Pin To Net: NetName=DOUT15 Pin=LED241-4
Added Net: Name=DOUT15
Added Pin To Net: NetName=NetLED225_2 Pin=LED225-2
Added Pin To Net: NetName=NetLED225_2 Pin=LED226-4
Added Net: Name=NetLED225_2
Added Pin To Net: NetName=NetLED226_2 Pin=LED226-2
Added Pin To Net: NetName=NetLED226_2 Pin=LED227-4
Added Net: Name=NetLED226_2
Added Pin To Net: NetName=NetLED227_2 Pin=LED227-2
Added Pin To Net: NetName=NetLED227_2 Pin=LED228-4
Added Net: Name=NetLED227_2
Added Pin To Net: NetName=NetLED228_2 Pin=LED228-2
Added Pin To Net: NetName=NetLED228_2 Pin=LED229-4
Added Net: Name=NetLED228_2
Added Pin To Net: NetName=NetLED229_2 Pin=LED229-2
Added Pin To Net: NetName=NetLED229_2 Pin=LED230-4
Added Net: Name=NetLED229_2
Added Pin To Net: NetName=NetLED230_2 Pin=LED230-2
Added Pin To Net: NetName=NetLED230_2 Pin=LED231-4
Added Net: Name=NetLED230_2
Added Pin To Net: NetName=NetLED231_2 Pin=LED231-2
Added Pin To Net: NetName=NetLED231_2 Pin=LED232-4
Added Net: Name=NetLED231_2
Added Pin To Net: NetName=NetLED232_2 Pin=LED232-2
Added Pin To Net: NetName=NetLED232_2 Pin=LED233-4
Added Net: Name=NetLED232_2
Added Pin To Net: NetName=NetLED233_2 Pin=LED233-2
Added Pin To Net: NetName=NetLED233_2 Pin=LED234-4
Added Net: Name=NetLED233_2
Added Pin To Net: NetName=NetLED234_2 Pin=LED234-2
Added Pin To Net: NetName=NetLED234_2 Pin=LED235-4
Added Net: Name=NetLED234_2
Added Pin To Net: NetName=NetLED235_2 Pin=LED235-2
Added Pin To Net: NetName=NetLED235_2 Pin=LED236-4
Added Net: Name=NetLED235_2
Added Pin To Net: NetName=NetLED236_2 Pin=LED236-2
Added Pin To Net: NetName=NetLED236_2 Pin=LED237-4
Added Net: Name=NetLED236_2
Added Pin To Net: NetName=NetLED237_2 Pin=LED237-2
Added Pin To Net: NetName=NetLED237_2 Pin=LED238-4
Added Net: Name=NetLED237_2
Added Pin To Net: NetName=NetLED238_2 Pin=LED238-2
Added Pin To Net: NetName=NetLED238_2 Pin=LED239-4
Added Net: Name=NetLED238_2
Added Pin To Net: NetName=NetLED239_2 Pin=LED239-2
Added Pin To Net: NetName=NetLED239_2 Pin=LED240-4
Added Net: Name=NetLED239_2
Added Pin To Net: NetName=NetLED241_2 Pin=LED241-2
Added Pin To Net: NetName=NetLED241_2 Pin=LED242-4
Added Net: Name=NetLED241_2
Added Pin To Net: NetName=NetLED242_2 Pin=LED242-2
Added Pin To Net: NetName=NetLED242_2 Pin=LED243-4
Added Net: Name=NetLED242_2
Added Pin To Net: NetName=NetLED243_2 Pin=LED243-2
Added Pin To Net: NetName=NetLED243_2 Pin=LED244-4
Added Net: Name=NetLED243_2
Added Pin To Net: NetName=NetLED244_2 Pin=LED244-2
Added Pin To Net: NetName=NetLED244_2 Pin=LED245-4
Added Net: Name=NetLED244_2
Added Pin To Net: NetName=NetLED245_2 Pin=LED245-2
Added Pin To Net: NetName=NetLED245_2 Pin=LED246-4
Added Net: Name=NetLED245_2
Added Pin To Net: NetName=NetLED246_2 Pin=LED246-2
Added Pin To Net: NetName=NetLED246_2 Pin=LED247-4
Added Net: Name=NetLED246_2
Added Pin To Net: NetName=NetLED247_2 Pin=LED247-2
Added Pin To Net: NetName=NetLED247_2 Pin=LED248-4
Added Net: Name=NetLED247_2
Added Pin To Net: NetName=NetLED248_2 Pin=LED248-2
Added Pin To Net: NetName=NetLED248_2 Pin=LED249-4
Added Net: Name=NetLED248_2
Added Pin To Net: NetName=NetLED249_2 Pin=LED249-2
Added Pin To Net: NetName=NetLED249_2 Pin=LED250-4
Added Net: Name=NetLED249_2
Added Pin To Net: NetName=NetLED250_2 Pin=LED250-2
Added Pin To Net: NetName=NetLED250_2 Pin=LED251-4
Added Net: Name=NetLED250_2
Added Pin To Net: NetName=NetLED251_2 Pin=LED251-2
Added Pin To Net: NetName=NetLED251_2 Pin=LED252-4
Added Net: Name=NetLED251_2
Added Pin To Net: NetName=NetLED252_2 Pin=LED252-2
Added Pin To Net: NetName=NetLED252_2 Pin=LED253-4
Added Net: Name=NetLED252_2
Added Pin To Net: NetName=NetLED253_2 Pin=LED253-2
Added Pin To Net: NetName=NetLED253_2 Pin=LED254-4
Added Net: Name=NetLED253_2
Added Pin To Net: NetName=NetLED254_2 Pin=LED254-2
Added Pin To Net: NetName=NetLED254_2 Pin=LED255-4
Added Net: Name=NetLED254_2
Added Pin To Net: NetName=NetLED255_2 Pin=LED255-2
Added Pin To Net: NetName=NetLED255_2 Pin=LED256-4
Added Net: Name=NetLED255_2
Added Member To Class: ClassName=ScreenRGB Member=Component LED225 RGB_WS2812C
Added Member To Class: ClassName=ScreenRGB Member=Component LED226 RGB_WS2812C
Added Member To Class: ClassName=ScreenRGB Member=Component LED227 RGB_WS2812C
Added Member To Class: ClassName=ScreenRGB Member=Component LED228 RGB_WS2812C
Added Member To Class: ClassName=ScreenRGB Member=Component LED229 RGB_WS2812C
Added Member To Class: ClassName=ScreenRGB Member=Component LED230 RGB_WS2812C
Added Member To Class: ClassName=ScreenRGB Member=Component LED231 RGB_WS2812C
Added Member To Class: ClassName=ScreenRGB Member=Component LED232 RGB_WS2812C
Added Member To Class: ClassName=ScreenRGB Member=Component LED233 RGB_WS2812C
Added Member To Class: ClassName=ScreenRGB Member=Component LED234 RGB_WS2812C
Added Member To Class: ClassName=ScreenRGB Member=Component LED235 RGB_WS2812C
Added Member To Class: ClassName=ScreenRGB Member=Component LED236 RGB_WS2812C
Added Member To Class: ClassName=ScreenRGB Member=Component LED237 RGB_WS2812C
Added Member To Class: ClassName=ScreenRGB Member=Component LED238 RGB_WS2812C
Added Member To Class: ClassName=ScreenRGB Member=Component LED239 RGB_WS2812C
Added Member To Class: ClassName=ScreenRGB Member=Component LED240 RGB_WS2812C
Added Member To Class: ClassName=ScreenRGB Member=Component LED241 RGB_WS2812C
Added Member To Class: ClassName=ScreenRGB Member=Component LED242 RGB_WS2812C
Added Member To Class: ClassName=ScreenRGB Member=Component LED243 RGB_WS2812C
Added Member To Class: ClassName=ScreenRGB Member=Component LED244 RGB_WS2812C
Added Member To Class: ClassName=ScreenRGB Member=Component LED245 RGB_WS2812C
Added Member To Class: ClassName=ScreenRGB Member=Component LED246 RGB_WS2812C
Added Member To Class: ClassName=ScreenRGB Member=Component LED247 RGB_WS2812C
Added Member To Class: ClassName=ScreenRGB Member=Component LED248 RGB_WS2812C
Added Member To Class: ClassName=ScreenRGB Member=Component LED249 RGB_WS2812C
Added Member To Class: ClassName=ScreenRGB Member=Component LED250 RGB_WS2812C
Added Member To Class: ClassName=ScreenRGB Member=Component LED251 RGB_WS2812C
Added Member To Class: ClassName=ScreenRGB Member=Component LED252 RGB_WS2812C
Added Member To Class: ClassName=ScreenRGB Member=Component LED253 RGB_WS2812C
Added Member To Class: ClassName=ScreenRGB Member=Component LED254 RGB_WS2812C
Added Member To Class: ClassName=ScreenRGB Member=Component LED255 RGB_WS2812C
Added Member To Class: ClassName=ScreenRGB Member=Component LED256 RGB_WS2812C
