Added Component: Designator=LED129(LED_5050-SMD_4P-WS2812)
Added Component: Designator=LED130(LED_5050-SMD_4P-WS2812)
Added Component: Designator=LED131(LED_5050-SMD_4P-WS2812)
Added Component: Designator=LED132(LED_5050-SMD_4P-WS2812)
Added Component: Designator=LED133(LED_5050-SMD_4P-WS2812)
Added Component: Designator=LED134(LED_5050-SMD_4P-WS2812)
Added Component: Designator=LED135(LED_5050-SMD_4P-WS2812)
Added Component: Designator=LED136(LED_5050-SMD_4P-WS2812)
Added Component: Designator=LED137(LED_5050-SMD_4P-WS2812)
Added Component: Designator=LED138(LED_5050-SMD_4P-WS2812)
Added Component: Designator=LED139(LED_5050-SMD_4P-WS2812)
Added Component: Designator=LED140(LED_5050-SMD_4P-WS2812)
Added Component: Designator=LED141(LED_5050-SMD_4P-WS2812)
Added Component: Designator=LED142(LED_5050-SMD_4P-WS2812)
Added Component: Designator=LED143(LED_5050-SMD_4P-WS2812)
Added Component: Designator=LED144(LED_5050-SMD_4P-WS2812)
Added Component: Designator=LED145(LED_5050-SMD_4P-WS2812)
Added Component: Designator=LED146(LED_5050-SMD_4P-WS2812)
Added Component: Designator=LED147(LED_5050-SMD_4P-WS2812)
Added Component: Designator=LED148(LED_5050-SMD_4P-WS2812)
Added Component: Designator=LED149(LED_5050-SMD_4P-WS2812)
Added Component: Designator=LED150(LED_5050-SMD_4P-WS2812)
Added Component: Designator=LED151(LED_5050-SMD_4P-WS2812)
Added Component: Designator=LED152(LED_5050-SMD_4P-WS2812)
Added Component: Designator=LED153(LED_5050-SMD_4P-WS2812)
Added Component: Designator=LED154(LED_5050-SMD_4P-WS2812)
Added Component: Designator=LED155(LED_5050-SMD_4P-WS2812)
Added Component: Designator=LED156(LED_5050-SMD_4P-WS2812)
Added Component: Designator=LED157(LED_5050-SMD_4P-WS2812)
Added Component: Designator=LED158(LED_5050-SMD_4P-WS2812)
Added Component: Designator=LED159(LED_5050-SMD_4P-WS2812)
Added Component: Designator=LED160(LED_5050-SMD_4P-WS2812)
Added Component: Designator=LED161(LED_5050-SMD_4P-WS2812)
Added Component: Designator=LED162(LED_5050-SMD_4P-WS2812)
Added Component: Designator=LED163(LED_5050-SMD_4P-WS2812)
Added Component: Designator=LED164(LED_5050-SMD_4P-WS2812)
Added Component: Designator=LED165(LED_5050-SMD_4P-WS2812)
Added Component: Designator=LED166(LED_5050-SMD_4P-WS2812)
Added Component: Designator=LED167(LED_5050-SMD_4P-WS2812)
Added Component: Designator=LED168(LED_5050-SMD_4P-WS2812)
Added Component: Designator=LED169(LED_5050-SMD_4P-WS2812)
Added Component: Designator=LED170(LED_5050-SMD_4P-WS2812)
Added Component: Designator=LED171(LED_5050-SMD_4P-WS2812)
Added Component: Designator=LED172(LED_5050-SMD_4P-WS2812)
Added Component: Designator=LED173(LED_5050-SMD_4P-WS2812)
Added Component: Designator=LED174(LED_5050-SMD_4P-WS2812)
Added Component: Designator=LED175(LED_5050-SMD_4P-WS2812)
Added Component: Designator=LED176(LED_5050-SMD_4P-WS2812)
Added Component: Designator=LED177(LED_5050-SMD_4P-WS2812)
Added Component: Designator=LED178(LED_5050-SMD_4P-WS2812)
Added Component: Designator=LED179(LED_5050-SMD_4P-WS2812)
Added Component: Designator=LED180(LED_5050-SMD_4P-WS2812)
Added Component: Designator=LED181(LED_5050-SMD_4P-WS2812)
Added Component: Designator=LED182(LED_5050-SMD_4P-WS2812)
Added Component: Designator=LED183(LED_5050-SMD_4P-WS2812)
Added Component: Designator=LED184(LED_5050-SMD_4P-WS2812)
Added Component: Designator=LED185(LED_5050-SMD_4P-WS2812)
Added Component: Designator=LED186(LED_5050-SMD_4P-WS2812)
Added Component: Designator=LED187(LED_5050-SMD_4P-WS2812)
Added Component: Designator=LED188(LED_5050-SMD_4P-WS2812)
Added Component: Designator=LED189(LED_5050-SMD_4P-WS2812)
Added Component: Designator=LED190(LED_5050-SMD_4P-WS2812)
Added Component: Designator=LED191(LED_5050-SMD_4P-WS2812)
Added Component: Designator=LED192(LED_5050-SMD_4P-WS2812)
Added Component: Designator=LED193(LED_5050-SMD_4P-WS2812)
Added Component: Designator=LED194(LED_5050-SMD_4P-WS2812)
Added Component: Designator=LED195(LED_5050-SMD_4P-WS2812)
Added Component: Designator=LED196(LED_5050-SMD_4P-WS2812)
Added Component: Designator=LED197(LED_5050-SMD_4P-WS2812)
Added Component: Designator=LED198(LED_5050-SMD_4P-WS2812)
Added Component: Designator=LED199(LED_5050-SMD_4P-WS2812)
Added Component: Designator=LED200(LED_5050-SMD_4P-WS2812)
Added Component: Designator=LED201(LED_5050-SMD_4P-WS2812)
Added Component: Designator=LED202(LED_5050-SMD_4P-WS2812)
Added Component: Designator=LED203(LED_5050-SMD_4P-WS2812)
Added Component: Designator=LED204(LED_5050-SMD_4P-WS2812)
Added Component: Designator=LED205(LED_5050-SMD_4P-WS2812)
Added Component: Designator=LED206(LED_5050-SMD_4P-WS2812)
Added Component: Designator=LED207(LED_5050-SMD_4P-WS2812)
Added Component: Designator=LED208(LED_5050-SMD_4P-WS2812)
Added Component: Designator=LED209(LED_5050-SMD_4P-WS2812)
Added Component: Designator=LED210(LED_5050-SMD_4P-WS2812)
Added Component: Designator=LED211(LED_5050-SMD_4P-WS2812)
Added Component: Designator=LED212(LED_5050-SMD_4P-WS2812)
Added Component: Designator=LED213(LED_5050-SMD_4P-WS2812)
Added Component: Designator=LED214(LED_5050-SMD_4P-WS2812)
Added Component: Designator=LED215(LED_5050-SMD_4P-WS2812)
Added Component: Designator=LED216(LED_5050-SMD_4P-WS2812)
Added Component: Designator=LED217(LED_5050-SMD_4P-WS2812)
Added Component: Designator=LED218(LED_5050-SMD_4P-WS2812)
Added Component: Designator=LED219(LED_5050-SMD_4P-WS2812)
Added Component: Designator=LED220(LED_5050-SMD_4P-WS2812)
Added Component: Designator=LED221(LED_5050-SMD_4P-WS2812)
Added Component: Designator=LED222(LED_5050-SMD_4P-WS2812)
Added Component: Designator=LED223(LED_5050-SMD_4P-WS2812)
Added Component: Designator=LED224(LED_5050-SMD_4P-WS2812)
Added Component: Designator=LED225(LED_5050-SMD_4P-WS2812)
Added Component: Designator=LED226(LED_5050-SMD_4P-WS2812)
Added Component: Designator=LED227(LED_5050-SMD_4P-WS2812)
Added Component: Designator=LED228(LED_5050-SMD_4P-WS2812)
Added Component: Designator=LED229(LED_5050-SMD_4P-WS2812)
Added Component: Designator=LED230(LED_5050-SMD_4P-WS2812)
Added Component: Designator=LED231(LED_5050-SMD_4P-WS2812)
Added Component: Designator=LED232(LED_5050-SMD_4P-WS2812)
Added Component: Designator=LED233(LED_5050-SMD_4P-WS2812)
Added Component: Designator=LED234(LED_5050-SMD_4P-WS2812)
Added Component: Designator=LED235(LED_5050-SMD_4P-WS2812)
Added Component: Designator=LED236(LED_5050-SMD_4P-WS2812)
Added Component: Designator=LED237(LED_5050-SMD_4P-WS2812)
Added Component: Designator=LED238(LED_5050-SMD_4P-WS2812)
Added Component: Designator=LED239(LED_5050-SMD_4P-WS2812)
Added Component: Designator=LED240(LED_5050-SMD_4P-WS2812)
Added Component: Designator=LED241(LED_5050-SMD_4P-WS2812)
Added Component: Designator=LED242(LED_5050-SMD_4P-WS2812)
Added Component: Designator=LED243(LED_5050-SMD_4P-WS2812)
Added Component: Designator=LED244(LED_5050-SMD_4P-WS2812)
Added Component: Designator=LED245(LED_5050-SMD_4P-WS2812)
Added Component: Designator=LED246(LED_5050-SMD_4P-WS2812)
Added Component: Designator=LED247(LED_5050-SMD_4P-WS2812)
Added Component: Designator=LED248(LED_5050-SMD_4P-WS2812)
Added Component: Designator=LED249(LED_5050-SMD_4P-WS2812)
Added Component: Designator=LED250(LED_5050-SMD_4P-WS2812)
Added Component: Designator=LED251(LED_5050-SMD_4P-WS2812)
Added Component: Designator=LED252(LED_5050-SMD_4P-WS2812)
Added Component: Designator=LED253(LED_5050-SMD_4P-WS2812)
Added Component: Designator=LED254(LED_5050-SMD_4P-WS2812)
Added Component: Designator=LED255(LED_5050-SMD_4P-WS2812)
Added Component: Designator=LED256(LED_5050-SMD_4P-WS2812)
Added Pin To Net: NetName=VCC Pin=LED129-1
Added Pin To Net: NetName=GND Pin=LED129-3
Added Pin To Net: NetName=DOUT8 Pin=LED129-4
Added Pin To Net: NetName=VCC Pin=LED130-1
Added Pin To Net: NetName=GND Pin=LED130-3
Added Pin To Net: NetName=VCC Pin=LED131-1
Added Pin To Net: NetName=GND Pin=LED131-3
Added Pin To Net: NetName=VCC Pin=LED132-1
Added Pin To Net: NetName=GND Pin=LED132-3
Added Pin To Net: NetName=VCC Pin=LED133-1
Added Pin To Net: NetName=GND Pin=LED133-3
Added Pin To Net: NetName=VCC Pin=LED134-1
Added Pin To Net: NetName=GND Pin=LED134-3
Added Pin To Net: NetName=VCC Pin=LED135-1
Added Pin To Net: NetName=GND Pin=LED135-3
Added Pin To Net: NetName=VCC Pin=LED136-1
Added Pin To Net: NetName=GND Pin=LED136-3
Added Pin To Net: NetName=VCC Pin=LED137-1
Added Pin To Net: NetName=GND Pin=LED137-3
Added Pin To Net: NetName=VCC Pin=LED138-1
Added Pin To Net: NetName=GND Pin=LED138-3
Added Pin To Net: NetName=VCC Pin=LED139-1
Added Pin To Net: NetName=GND Pin=LED139-3
Added Pin To Net: NetName=VCC Pin=LED140-1
Added Pin To Net: NetName=GND Pin=LED140-3
Added Pin To Net: NetName=VCC Pin=LED141-1
Added Pin To Net: NetName=GND Pin=LED141-3
Added Pin To Net: NetName=VCC Pin=LED142-1
Added Pin To Net: NetName=GND Pin=LED142-3
Added Pin To Net: NetName=VCC Pin=LED143-1
Added Pin To Net: NetName=GND Pin=LED143-3
Added Pin To Net: NetName=VCC Pin=LED144-1
Added Pin To Net: NetName=GND Pin=LED144-3
Added Pin To Net: NetName=VCC Pin=LED145-1
Added Pin To Net: NetName=GND Pin=LED145-3
Added Pin To Net: NetName=VCC Pin=LED146-1
Added Pin To Net: NetName=GND Pin=LED146-3
Added Pin To Net: NetName=VCC Pin=LED147-1
Added Pin To Net: NetName=GND Pin=LED147-3
Added Pin To Net: NetName=VCC Pin=LED148-1
Added Pin To Net: NetName=GND Pin=LED148-3
Added Pin To Net: NetName=VCC Pin=LED149-1
Added Pin To Net: NetName=GND Pin=LED149-3
Added Pin To Net: NetName=VCC Pin=LED150-1
Added Pin To Net: NetName=GND Pin=LED150-3
Added Pin To Net: NetName=VCC Pin=LED151-1
Added Pin To Net: NetName=GND Pin=LED151-3
Added Pin To Net: NetName=VCC Pin=LED152-1
Added Pin To Net: NetName=GND Pin=LED152-3
Added Pin To Net: NetName=VCC Pin=LED153-1
Added Pin To Net: NetName=GND Pin=LED153-3
Added Pin To Net: NetName=VCC Pin=LED154-1
Added Pin To Net: NetName=GND Pin=LED154-3
Added Pin To Net: NetName=VCC Pin=LED155-1
Added Pin To Net: NetName=GND Pin=LED155-3
Added Pin To Net: NetName=VCC Pin=LED156-1
Added Pin To Net: NetName=GND Pin=LED156-3
Added Pin To Net: NetName=VCC Pin=LED157-1
Added Pin To Net: NetName=GND Pin=LED157-3
Added Pin To Net: NetName=VCC Pin=LED158-1
Added Pin To Net: NetName=GND Pin=LED158-3
Added Pin To Net: NetName=VCC Pin=LED159-1
Added Pin To Net: NetName=GND Pin=LED159-3
Added Pin To Net: NetName=VCC Pin=LED160-1
Added Pin To Net: NetName=GND Pin=LED160-3
Added Pin To Net: NetName=VCC Pin=LED161-1
Added Pin To Net: NetName=GND Pin=LED161-3
Added Pin To Net: NetName=VCC Pin=LED162-1
Added Pin To Net: NetName=GND Pin=LED162-3
Added Pin To Net: NetName=VCC Pin=LED163-1
Added Pin To Net: NetName=GND Pin=LED163-3
Added Pin To Net: NetName=VCC Pin=LED164-1
Added Pin To Net: NetName=GND Pin=LED164-3
Added Pin To Net: NetName=VCC Pin=LED165-1
Added Pin To Net: NetName=GND Pin=LED165-3
Added Pin To Net: NetName=VCC Pin=LED166-1
Added Pin To Net: NetName=GND Pin=LED166-3
Added Pin To Net: NetName=VCC Pin=LED167-1
Added Pin To Net: NetName=GND Pin=LED167-3
Added Pin To Net: NetName=VCC Pin=LED168-1
Added Pin To Net: NetName=GND Pin=LED168-3
Added Pin To Net: NetName=VCC Pin=LED169-1
Added Pin To Net: NetName=GND Pin=LED169-3
Added Pin To Net: NetName=VCC Pin=LED170-1
Added Pin To Net: NetName=GND Pin=LED170-3
Added Pin To Net: NetName=VCC Pin=LED171-1
Added Pin To Net: NetName=GND Pin=LED171-3
Added Pin To Net: NetName=VCC Pin=LED172-1
Added Pin To Net: NetName=GND Pin=LED172-3
Added Pin To Net: NetName=VCC Pin=LED173-1
Added Pin To Net: NetName=GND Pin=LED173-3
Added Pin To Net: NetName=VCC Pin=LED174-1
Added Pin To Net: NetName=GND Pin=LED174-3
Added Pin To Net: NetName=VCC Pin=LED175-1
Added Pin To Net: NetName=GND Pin=LED175-3
Added Pin To Net: NetName=VCC Pin=LED176-1
Added Pin To Net: NetName=GND Pin=LED176-3
Added Pin To Net: NetName=VCC Pin=LED177-1
Added Pin To Net: NetName=GND Pin=LED177-3
Added Pin To Net: NetName=VCC Pin=LED178-1
Added Pin To Net: NetName=GND Pin=LED178-3
Added Pin To Net: NetName=VCC Pin=LED179-1
Added Pin To Net: NetName=GND Pin=LED179-3
Added Pin To Net: NetName=VCC Pin=LED180-1
Added Pin To Net: NetName=GND Pin=LED180-3
Added Pin To Net: NetName=VCC Pin=LED181-1
Added Pin To Net: NetName=GND Pin=LED181-3
Added Pin To Net: NetName=VCC Pin=LED182-1
Added Pin To Net: NetName=GND Pin=LED182-3
Added Pin To Net: NetName=VCC Pin=LED183-1
Added Pin To Net: NetName=GND Pin=LED183-3
Added Pin To Net: NetName=VCC Pin=LED184-1
Added Pin To Net: NetName=GND Pin=LED184-3
Added Pin To Net: NetName=VCC Pin=LED185-1
Added Pin To Net: NetName=GND Pin=LED185-3
Added Pin To Net: NetName=VCC Pin=LED186-1
Added Pin To Net: NetName=GND Pin=LED186-3
Added Pin To Net: NetName=VCC Pin=LED187-1
Added Pin To Net: NetName=GND Pin=LED187-3
Added Pin To Net: NetName=VCC Pin=LED188-1
Added Pin To Net: NetName=GND Pin=LED188-3
Added Pin To Net: NetName=VCC Pin=LED189-1
Added Pin To Net: NetName=GND Pin=LED189-3
Added Pin To Net: NetName=VCC Pin=LED190-1
Added Pin To Net: NetName=GND Pin=LED190-3
Added Pin To Net: NetName=VCC Pin=LED191-1
Added Pin To Net: NetName=GND Pin=LED191-3
Added Pin To Net: NetName=VCC Pin=LED192-1
Added Pin To Net: NetName=GND Pin=LED192-3
Added Pin To Net: NetName=VCC Pin=LED193-1
Added Pin To Net: NetName=GND Pin=LED193-3
Added Pin To Net: NetName=VCC Pin=LED194-1
Added Pin To Net: NetName=GND Pin=LED194-3
Added Pin To Net: NetName=VCC Pin=LED195-1
Added Pin To Net: NetName=GND Pin=LED195-3
Added Pin To Net: NetName=VCC Pin=LED196-1
Added Pin To Net: NetName=GND Pin=LED196-3
Added Pin To Net: NetName=VCC Pin=LED197-1
Added Pin To Net: NetName=GND Pin=LED197-3
Added Pin To Net: NetName=VCC Pin=LED198-1
Added Pin To Net: NetName=GND Pin=LED198-3
Added Pin To Net: NetName=VCC Pin=LED199-1
Added Pin To Net: NetName=GND Pin=LED199-3
Added Pin To Net: NetName=VCC Pin=LED200-1
Added Pin To Net: NetName=GND Pin=LED200-3
Added Pin To Net: NetName=VCC Pin=LED201-1
Added Pin To Net: NetName=GND Pin=LED201-3
Added Pin To Net: NetName=VCC Pin=LED202-1
Added Pin To Net: NetName=GND Pin=LED202-3
Added Pin To Net: NetName=VCC Pin=LED203-1
Added Pin To Net: NetName=GND Pin=LED203-3
Added Pin To Net: NetName=VCC Pin=LED204-1
Added Pin To Net: NetName=GND Pin=LED204-3
Added Pin To Net: NetName=VCC Pin=LED205-1
Added Pin To Net: NetName=GND Pin=LED205-3
Added Pin To Net: NetName=VCC Pin=LED206-1
Added Pin To Net: NetName=GND Pin=LED206-3
Added Pin To Net: NetName=VCC Pin=LED207-1
Added Pin To Net: NetName=GND Pin=LED207-3
Added Pin To Net: NetName=VCC Pin=LED208-1
Added Pin To Net: NetName=GND Pin=LED208-3
Added Pin To Net: NetName=VCC Pin=LED209-1
Added Pin To Net: NetName=GND Pin=LED209-3
Added Pin To Net: NetName=VCC Pin=LED210-1
Added Pin To Net: NetName=GND Pin=LED210-3
Added Pin To Net: NetName=VCC Pin=LED211-1
Added Pin To Net: NetName=GND Pin=LED211-3
Added Pin To Net: NetName=VCC Pin=LED212-1
Added Pin To Net: NetName=GND Pin=LED212-3
Added Pin To Net: NetName=VCC Pin=LED213-1
Added Pin To Net: NetName=GND Pin=LED213-3
Added Pin To Net: NetName=VCC Pin=LED214-1
Added Pin To Net: NetName=GND Pin=LED214-3
Added Pin To Net: NetName=VCC Pin=LED215-1
Added Pin To Net: NetName=GND Pin=LED215-3
Added Pin To Net: NetName=VCC Pin=LED216-1
Added Pin To Net: NetName=GND Pin=LED216-3
Added Pin To Net: NetName=VCC Pin=LED217-1
Added Pin To Net: NetName=GND Pin=LED217-3
Added Pin To Net: NetName=VCC Pin=LED218-1
Added Pin To Net: NetName=GND Pin=LED218-3
Added Pin To Net: NetName=VCC Pin=LED219-1
Added Pin To Net: NetName=GND Pin=LED219-3
Added Pin To Net: NetName=VCC Pin=LED220-1
Added Pin To Net: NetName=GND Pin=LED220-3
Added Pin To Net: NetName=VCC Pin=LED221-1
Added Pin To Net: NetName=GND Pin=LED221-3
Added Pin To Net: NetName=VCC Pin=LED222-1
Added Pin To Net: NetName=GND Pin=LED222-3
Added Pin To Net: NetName=VCC Pin=LED223-1
Added Pin To Net: NetName=GND Pin=LED223-3
Added Pin To Net: NetName=VCC Pin=LED224-1
Added Pin To Net: NetName=GND Pin=LED224-3
Added Pin To Net: NetName=VCC Pin=LED225-1
Added Pin To Net: NetName=GND Pin=LED225-3
Added Pin To Net: NetName=VCC Pin=LED226-1
Added Pin To Net: NetName=GND Pin=LED226-3
Added Pin To Net: NetName=VCC Pin=LED227-1
Added Pin To Net: NetName=GND Pin=LED227-3
Added Pin To Net: NetName=VCC Pin=LED228-1
Added Pin To Net: NetName=GND Pin=LED228-3
Added Pin To Net: NetName=VCC Pin=LED229-1
Added Pin To Net: NetName=GND Pin=LED229-3
Added Pin To Net: NetName=VCC Pin=LED230-1
Added Pin To Net: NetName=GND Pin=LED230-3
Added Pin To Net: NetName=VCC Pin=LED231-1
Added Pin To Net: NetName=GND Pin=LED231-3
Added Pin To Net: NetName=VCC Pin=LED232-1
Added Pin To Net: NetName=GND Pin=LED232-3
Added Pin To Net: NetName=VCC Pin=LED233-1
Added Pin To Net: NetName=GND Pin=LED233-3
Added Pin To Net: NetName=VCC Pin=LED234-1
Added Pin To Net: NetName=GND Pin=LED234-3
Added Pin To Net: NetName=VCC Pin=LED235-1
Added Pin To Net: NetName=GND Pin=LED235-3
Added Pin To Net: NetName=VCC Pin=LED236-1
Added Pin To Net: NetName=GND Pin=LED236-3
Added Pin To Net: NetName=VCC Pin=LED237-1
Added Pin To Net: NetName=GND Pin=LED237-3
Added Pin To Net: NetName=VCC Pin=LED238-1
Added Pin To Net: NetName=GND Pin=LED238-3
Added Pin To Net: NetName=VCC Pin=LED239-1
Added Pin To Net: NetName=GND Pin=LED239-3
Added Pin To Net: NetName=VCC Pin=LED240-1
Added Pin To Net: NetName=GND Pin=LED240-3
Added Pin To Net: NetName=VCC Pin=LED241-1
Added Pin To Net: NetName=GND Pin=LED241-3
Added Pin To Net: NetName=VCC Pin=LED242-1
Added Pin To Net: NetName=GND Pin=LED242-3
Added Pin To Net: NetName=VCC Pin=LED243-1
Added Pin To Net: NetName=GND Pin=LED243-3
Added Pin To Net: NetName=VCC Pin=LED244-1
Added Pin To Net: NetName=GND Pin=LED244-3
Added Pin To Net: NetName=VCC Pin=LED245-1
Added Pin To Net: NetName=GND Pin=LED245-3
Added Pin To Net: NetName=VCC Pin=LED246-1
Added Pin To Net: NetName=GND Pin=LED246-3
Added Pin To Net: NetName=VCC Pin=LED247-1
Added Pin To Net: NetName=GND Pin=LED247-3
Added Pin To Net: NetName=VCC Pin=LED248-1
Added Pin To Net: NetName=GND Pin=LED248-3
Added Pin To Net: NetName=VCC Pin=LED249-1
Added Pin To Net: NetName=GND Pin=LED249-3
Added Pin To Net: NetName=VCC Pin=LED250-1
Added Pin To Net: NetName=GND Pin=LED250-3
Added Pin To Net: NetName=VCC Pin=LED251-1
Added Pin To Net: NetName=GND Pin=LED251-3
Added Pin To Net: NetName=VCC Pin=LED252-1
Added Pin To Net: NetName=GND Pin=LED252-3
Added Pin To Net: NetName=VCC Pin=LED253-1
Added Pin To Net: NetName=GND Pin=LED253-3
Added Pin To Net: NetName=VCC Pin=LED254-1
Added Pin To Net: NetName=GND Pin=LED254-3
Added Pin To Net: NetName=VCC Pin=LED255-1
Added Pin To Net: NetName=GND Pin=LED255-3
Added Pin To Net: NetName=VCC Pin=LED256-1
Added Pin To Net: NetName=GND Pin=LED256-3
Added Pin To Net: NetName=DOUT9 Pin=LED144-2
Added Pin To Net: NetName=DOUT9 Pin=LED145-4
Added Net: Name=DOUT9
Added Pin To Net: NetName=DOUT10 Pin=LED160-2
Added Pin To Net: NetName=DOUT10 Pin=LED161-4
Added Net: Name=DOUT10
Added Pin To Net: NetName=DOUT11 Pin=LED176-2
Added Pin To Net: NetName=DOUT11 Pin=LED177-4
Added Net: Name=DOUT11
Added Pin To Net: NetName=DOUT12 Pin=LED192-2
Added Pin To Net: NetName=DOUT12 Pin=LED193-4
Added Net: Name=DOUT12
Added Pin To Net: NetName=DOUT13 Pin=LED208-2
Added Pin To Net: NetName=DOUT13 Pin=LED209-4
Added Net: Name=DOUT13
Added Pin To Net: NetName=DOUT14 Pin=LED224-2
Added Pin To Net: NetName=DOUT14 Pin=LED225-4
Added Net: Name=DOUT14
Added Pin To Net: NetName=DOUT15 Pin=LED240-2
Added Pin To Net: NetName=DOUT15 Pin=LED241-4
Added Net: Name=DOUT15
Added Pin To Net: NetName=NetLED129_2 Pin=LED129-2
Added Pin To Net: NetName=NetLED129_2 Pin=LED130-4
Added Net: Name=NetLED129_2
Added Pin To Net: NetName=NetLED130_2 Pin=LED130-2
Added Pin To Net: NetName=NetLED130_2 Pin=LED131-4
Added Net: Name=NetLED130_2
Added Pin To Net: NetName=NetLED131_2 Pin=LED131-2
Added Pin To Net: NetName=NetLED131_2 Pin=LED132-4
Added Net: Name=NetLED131_2
Added Pin To Net: NetName=NetLED132_2 Pin=LED132-2
Added Pin To Net: NetName=NetLED132_2 Pin=LED133-4
Added Net: Name=NetLED132_2
Added Pin To Net: NetName=NetLED133_2 Pin=LED133-2
Added Pin To Net: NetName=NetLED133_2 Pin=LED134-4
Added Net: Name=NetLED133_2
Added Pin To Net: NetName=NetLED134_2 Pin=LED134-2
Added Pin To Net: NetName=NetLED134_2 Pin=LED135-4
Added Net: Name=NetLED134_2
Added Pin To Net: NetName=NetLED135_2 Pin=LED135-2
Added Pin To Net: NetName=NetLED135_2 Pin=LED136-4
Added Net: Name=NetLED135_2
Added Pin To Net: NetName=NetLED136_2 Pin=LED136-2
Added Pin To Net: NetName=NetLED136_2 Pin=LED137-4
Added Net: Name=NetLED136_2
Added Pin To Net: NetName=NetLED137_2 Pin=LED137-2
Added Pin To Net: NetName=NetLED137_2 Pin=LED138-4
Added Net: Name=NetLED137_2
Added Pin To Net: NetName=NetLED138_2 Pin=LED138-2
Added Pin To Net: NetName=NetLED138_2 Pin=LED139-4
Added Net: Name=NetLED138_2
Added Pin To Net: NetName=NetLED139_2 Pin=LED139-2
Added Pin To Net: NetName=NetLED139_2 Pin=LED140-4
Added Net: Name=NetLED139_2
Added Pin To Net: NetName=NetLED140_2 Pin=LED140-2
Added Pin To Net: NetName=NetLED140_2 Pin=LED141-4
Added Net: Name=NetLED140_2
Added Pin To Net: NetName=NetLED141_2 Pin=LED141-2
Added Pin To Net: NetName=NetLED141_2 Pin=LED142-4
Added Net: Name=NetLED141_2
Added Pin To Net: NetName=NetLED142_2 Pin=LED142-2
Added Pin To Net: NetName=NetLED142_2 Pin=LED143-4
Added Net: Name=NetLED142_2
Added Pin To Net: NetName=NetLED143_2 Pin=LED143-2
Added Pin To Net: NetName=NetLED143_2 Pin=LED144-4
Added Net: Name=NetLED143_2
Added Pin To Net: NetName=NetLED145_2 Pin=LED145-2
Added Pin To Net: NetName=NetLED145_2 Pin=LED146-4
Added Net: Name=NetLED145_2
Added Pin To Net: NetName=NetLED146_2 Pin=LED146-2
Added Pin To Net: NetName=NetLED146_2 Pin=LED147-4
Added Net: Name=NetLED146_2
Added Pin To Net: NetName=NetLED147_2 Pin=LED147-2
Added Pin To Net: NetName=NetLED147_2 Pin=LED148-4
Added Net: Name=NetLED147_2
Added Pin To Net: NetName=NetLED148_2 Pin=LED148-2
Added Pin To Net: NetName=NetLED148_2 Pin=LED149-4
Added Net: Name=NetLED148_2
Added Pin To Net: NetName=NetLED149_2 Pin=LED149-2
Added Pin To Net: NetName=NetLED149_2 Pin=LED150-4
Added Net: Name=NetLED149_2
Added Pin To Net: NetName=NetLED150_2 Pin=LED150-2
Added Pin To Net: NetName=NetLED150_2 Pin=LED151-4
Added Net: Name=NetLED150_2
Added Pin To Net: NetName=NetLED151_2 Pin=LED151-2
Added Pin To Net: NetName=NetLED151_2 Pin=LED152-4
Added Net: Name=NetLED151_2
Added Pin To Net: NetName=NetLED152_2 Pin=LED152-2
Added Pin To Net: NetName=NetLED152_2 Pin=LED153-4
Added Net: Name=NetLED152_2
Added Pin To Net: NetName=NetLED153_2 Pin=LED153-2
Added Pin To Net: NetName=NetLED153_2 Pin=LED154-4
Added Net: Name=NetLED153_2
Added Pin To Net: NetName=NetLED154_2 Pin=LED154-2
Added Pin To Net: NetName=NetLED154_2 Pin=LED155-4
Added Net: Name=NetLED154_2
Added Pin To Net: NetName=NetLED155_2 Pin=LED155-2
Added Pin To Net: NetName=NetLED155_2 Pin=LED156-4
Added Net: Name=NetLED155_2
Added Pin To Net: NetName=NetLED156_2 Pin=LED156-2
Added Pin To Net: NetName=NetLED156_2 Pin=LED157-4
Added Net: Name=NetLED156_2
Added Pin To Net: NetName=NetLED157_2 Pin=LED157-2
Added Pin To Net: NetName=NetLED157_2 Pin=LED158-4
Added Net: Name=NetLED157_2
Added Pin To Net: NetName=NetLED158_2 Pin=LED158-2
Added Pin To Net: NetName=NetLED158_2 Pin=LED159-4
Added Net: Name=NetLED158_2
Added Pin To Net: NetName=NetLED159_2 Pin=LED159-2
Added Pin To Net: NetName=NetLED159_2 Pin=LED160-4
Added Net: Name=NetLED159_2
Added Pin To Net: NetName=NetLED161_2 Pin=LED161-2
Added Pin To Net: NetName=NetLED161_2 Pin=LED162-4
Added Net: Name=NetLED161_2
Added Pin To Net: NetName=NetLED162_2 Pin=LED162-2
Added Pin To Net: NetName=NetLED162_2 Pin=LED163-4
Added Net: Name=NetLED162_2
Added Pin To Net: NetName=NetLED163_2 Pin=LED163-2
Added Pin To Net: NetName=NetLED163_2 Pin=LED164-4
Added Net: Name=NetLED163_2
Added Pin To Net: NetName=NetLED164_2 Pin=LED164-2
Added Pin To Net: NetName=NetLED164_2 Pin=LED165-4
Added Net: Name=NetLED164_2
Added Pin To Net: NetName=NetLED165_2 Pin=LED165-2
Added Pin To Net: NetName=NetLED165_2 Pin=LED166-4
Added Net: Name=NetLED165_2
Added Pin To Net: NetName=NetLED166_2 Pin=LED166-2
Added Pin To Net: NetName=NetLED166_2 Pin=LED167-4
Added Net: Name=NetLED166_2
Added Pin To Net: NetName=NetLED167_2 Pin=LED167-2
Added Pin To Net: NetName=NetLED167_2 Pin=LED168-4
Added Net: Name=NetLED167_2
Added Pin To Net: NetName=NetLED168_2 Pin=LED168-2
Added Pin To Net: NetName=NetLED168_2 Pin=LED169-4
Added Net: Name=NetLED168_2
Added Pin To Net: NetName=NetLED169_2 Pin=LED169-2
Added Pin To Net: NetName=NetLED169_2 Pin=LED170-4
Added Net: Name=NetLED169_2
Added Pin To Net: NetName=NetLED170_2 Pin=LED170-2
Added Pin To Net: NetName=NetLED170_2 Pin=LED171-4
Added Net: Name=NetLED170_2
Added Pin To Net: NetName=NetLED171_2 Pin=LED171-2
Added Pin To Net: NetName=NetLED171_2 Pin=LED172-4
Added Net: Name=NetLED171_2
Added Pin To Net: NetName=NetLED172_2 Pin=LED172-2
Added Pin To Net: NetName=NetLED172_2 Pin=LED173-4
Added Net: Name=NetLED172_2
Added Pin To Net: NetName=NetLED173_2 Pin=LED173-2
Added Pin To Net: NetName=NetLED173_2 Pin=LED174-4
Added Net: Name=NetLED173_2
Added Pin To Net: NetName=NetLED174_2 Pin=LED174-2
Added Pin To Net: NetName=NetLED174_2 Pin=LED175-4
Added Net: Name=NetLED174_2
Added Pin To Net: NetName=NetLED175_2 Pin=LED175-2
Added Pin To Net: NetName=NetLED175_2 Pin=LED176-4
Added Net: Name=NetLED175_2
Added Pin To Net: NetName=NetLED177_2 Pin=LED177-2
Added Pin To Net: NetName=NetLED177_2 Pin=LED178-4
Added Net: Name=NetLED177_2
Added Pin To Net: NetName=NetLED178_2 Pin=LED178-2
Added Pin To Net: NetName=NetLED178_2 Pin=LED179-4
Added Net: Name=NetLED178_2
Added Pin To Net: NetName=NetLED179_2 Pin=LED179-2
Added Pin To Net: NetName=NetLED179_2 Pin=LED180-4
Added Net: Name=NetLED179_2
Added Pin To Net: NetName=NetLED180_2 Pin=LED180-2
Added Pin To Net: NetName=NetLED180_2 Pin=LED181-4
Added Net: Name=NetLED180_2
Added Pin To Net: NetName=NetLED181_2 Pin=LED181-2
Added Pin To Net: NetName=NetLED181_2 Pin=LED182-4
Added Net: Name=NetLED181_2
Added Pin To Net: NetName=NetLED182_2 Pin=LED182-2
Added Pin To Net: NetName=NetLED182_2 Pin=LED183-4
Added Net: Name=NetLED182_2
Added Pin To Net: NetName=NetLED183_2 Pin=LED183-2
Added Pin To Net: NetName=NetLED183_2 Pin=LED184-4
Added Net: Name=NetLED183_2
Added Pin To Net: NetName=NetLED184_2 Pin=LED184-2
Added Pin To Net: NetName=NetLED184_2 Pin=LED185-4
Added Net: Name=NetLED184_2
Added Pin To Net: NetName=NetLED185_2 Pin=LED185-2
Added Pin To Net: NetName=NetLED185_2 Pin=LED186-4
Added Net: Name=NetLED185_2
Added Pin To Net: NetName=NetLED186_2 Pin=LED186-2
Added Pin To Net: NetName=NetLED186_2 Pin=LED187-4
Added Net: Name=NetLED186_2
Added Pin To Net: NetName=NetLED187_2 Pin=LED187-2
Added Pin To Net: NetName=NetLED187_2 Pin=LED188-4
Added Net: Name=NetLED187_2
Added Pin To Net: NetName=NetLED188_2 Pin=LED188-2
Added Pin To Net: NetName=NetLED188_2 Pin=LED189-4
Added Net: Name=NetLED188_2
Added Pin To Net: NetName=NetLED189_2 Pin=LED189-2
Added Pin To Net: NetName=NetLED189_2 Pin=LED190-4
Added Net: Name=NetLED189_2
Added Pin To Net: NetName=NetLED190_2 Pin=LED190-2
Added Pin To Net: NetName=NetLED190_2 Pin=LED191-4
Added Net: Name=NetLED190_2
Added Pin To Net: NetName=NetLED191_2 Pin=LED191-2
Added Pin To Net: NetName=NetLED191_2 Pin=LED192-4
Added Net: Name=NetLED191_2
Added Pin To Net: NetName=NetLED193_2 Pin=LED193-2
Added Pin To Net: NetName=NetLED193_2 Pin=LED194-4
Added Net: Name=NetLED193_2
Added Pin To Net: NetName=NetLED194_2 Pin=LED194-2
Added Pin To Net: NetName=NetLED194_2 Pin=LED195-4
Added Net: Name=NetLED194_2
Added Pin To Net: NetName=NetLED195_2 Pin=LED195-2
Added Pin To Net: NetName=NetLED195_2 Pin=LED196-4
Added Net: Name=NetLED195_2
Added Pin To Net: NetName=NetLED196_2 Pin=LED196-2
Added Pin To Net: NetName=NetLED196_2 Pin=LED197-4
Added Net: Name=NetLED196_2
Added Pin To Net: NetName=NetLED197_2 Pin=LED197-2
Added Pin To Net: NetName=NetLED197_2 Pin=LED198-4
Added Net: Name=NetLED197_2
Added Pin To Net: NetName=NetLED198_2 Pin=LED198-2
Added Pin To Net: NetName=NetLED198_2 Pin=LED199-4
Added Net: Name=NetLED198_2
Added Pin To Net: NetName=NetLED199_2 Pin=LED199-2
Added Pin To Net: NetName=NetLED199_2 Pin=LED200-4
Added Net: Name=NetLED199_2
Added Pin To Net: NetName=NetLED200_2 Pin=LED200-2
Added Pin To Net: NetName=NetLED200_2 Pin=LED201-4
Added Net: Name=NetLED200_2
Added Pin To Net: NetName=NetLED201_2 Pin=LED201-2
Added Pin To Net: NetName=NetLED201_2 Pin=LED202-4
Added Net: Name=NetLED201_2
Added Pin To Net: NetName=NetLED202_2 Pin=LED202-2
Added Pin To Net: NetName=NetLED202_2 Pin=LED203-4
Added Net: Name=NetLED202_2
Added Pin To Net: NetName=NetLED203_2 Pin=LED203-2
Added Pin To Net: NetName=NetLED203_2 Pin=LED204-4
Added Net: Name=NetLED203_2
Added Pin To Net: NetName=NetLED204_2 Pin=LED204-2
Added Pin To Net: NetName=NetLED204_2 Pin=LED205-4
Added Net: Name=NetLED204_2
Added Pin To Net: NetName=NetLED205_2 Pin=LED205-2
Added Pin To Net: NetName=NetLED205_2 Pin=LED206-4
Added Net: Name=NetLED205_2
Added Pin To Net: NetName=NetLED206_2 Pin=LED206-2
Added Pin To Net: NetName=NetLED206_2 Pin=LED207-4
Added Net: Name=NetLED206_2
Added Pin To Net: NetName=NetLED207_2 Pin=LED207-2
Added Pin To Net: NetName=NetLED207_2 Pin=LED208-4
Added Net: Name=NetLED207_2
Added Pin To Net: NetName=NetLED209_2 Pin=LED209-2
Added Pin To Net: NetName=NetLED209_2 Pin=LED210-4
Added Net: Name=NetLED209_2
Added Pin To Net: NetName=NetLED210_2 Pin=LED210-2
Added Pin To Net: NetName=NetLED210_2 Pin=LED211-4
Added Net: Name=NetLED210_2
Added Pin To Net: NetName=NetLED211_2 Pin=LED211-2
Added Pin To Net: NetName=NetLED211_2 Pin=LED212-4
Added Net: Name=NetLED211_2
Added Pin To Net: NetName=NetLED212_2 Pin=LED212-2
Added Pin To Net: NetName=NetLED212_2 Pin=LED213-4
Added Net: Name=NetLED212_2
Added Pin To Net: NetName=NetLED213_2 Pin=LED213-2
Added Pin To Net: NetName=NetLED213_2 Pin=LED214-4
Added Net: Name=NetLED213_2
Added Pin To Net: NetName=NetLED214_2 Pin=LED214-2
Added Pin To Net: NetName=NetLED214_2 Pin=LED215-4
Added Net: Name=NetLED214_2
Added Pin To Net: NetName=NetLED215_2 Pin=LED215-2
Added Pin To Net: NetName=NetLED215_2 Pin=LED216-4
Added Net: Name=NetLED215_2
Added Pin To Net: NetName=NetLED216_2 Pin=LED216-2
Added Pin To Net: NetName=NetLED216_2 Pin=LED217-4
Added Net: Name=NetLED216_2
Added Pin To Net: NetName=NetLED217_2 Pin=LED217-2
Added Pin To Net: NetName=NetLED217_2 Pin=LED218-4
Added Net: Name=NetLED217_2
Added Pin To Net: NetName=NetLED218_2 Pin=LED218-2
Added Pin To Net: NetName=NetLED218_2 Pin=LED219-4
Added Net: Name=NetLED218_2
Added Pin To Net: NetName=NetLED219_2 Pin=LED219-2
Added Pin To Net: NetName=NetLED219_2 Pin=LED220-4
Added Net: Name=NetLED219_2
Added Pin To Net: NetName=NetLED220_2 Pin=LED220-2
Added Pin To Net: NetName=NetLED220_2 Pin=LED221-4
Added Net: Name=NetLED220_2
Added Pin To Net: NetName=NetLED221_2 Pin=LED221-2
Added Pin To Net: NetName=NetLED221_2 Pin=LED222-4
Added Net: Name=NetLED221_2
Added Pin To Net: NetName=NetLED222_2 Pin=LED222-2
Added Pin To Net: NetName=NetLED222_2 Pin=LED223-4
Added Net: Name=NetLED222_2
Added Pin To Net: NetName=NetLED223_2 Pin=LED223-2
Added Pin To Net: NetName=NetLED223_2 Pin=LED224-4
Added Net: Name=NetLED223_2
Added Pin To Net: NetName=NetLED225_2 Pin=LED225-2
Added Pin To Net: NetName=NetLED225_2 Pin=LED226-4
Added Net: Name=NetLED225_2
Added Pin To Net: NetName=NetLED226_2 Pin=LED226-2
Added Pin To Net: NetName=NetLED226_2 Pin=LED227-4
Added Net: Name=NetLED226_2
Added Pin To Net: NetName=NetLED227_2 Pin=LED227-2
Added Pin To Net: NetName=NetLED227_2 Pin=LED228-4
Added Net: Name=NetLED227_2
Added Pin To Net: NetName=NetLED228_2 Pin=LED228-2
Added Pin To Net: NetName=NetLED228_2 Pin=LED229-4
Added Net: Name=NetLED228_2
Added Pin To Net: NetName=NetLED229_2 Pin=LED229-2
Added Pin To Net: NetName=NetLED229_2 Pin=LED230-4
Added Net: Name=NetLED229_2
Added Pin To Net: NetName=NetLED230_2 Pin=LED230-2
Added Pin To Net: NetName=NetLED230_2 Pin=LED231-4
Added Net: Name=NetLED230_2
Added Pin To Net: NetName=NetLED231_2 Pin=LED231-2
Added Pin To Net: NetName=NetLED231_2 Pin=LED232-4
Added Net: Name=NetLED231_2
Added Pin To Net: NetName=NetLED232_2 Pin=LED232-2
Added Pin To Net: NetName=NetLED232_2 Pin=LED233-4
Added Net: Name=NetLED232_2
Added Pin To Net: NetName=NetLED233_2 Pin=LED233-2
Added Pin To Net: NetName=NetLED233_2 Pin=LED234-4
Added Net: Name=NetLED233_2
Added Pin To Net: NetName=NetLED234_2 Pin=LED234-2
Added Pin To Net: NetName=NetLED234_2 Pin=LED235-4
Added Net: Name=NetLED234_2
Added Pin To Net: NetName=NetLED235_2 Pin=LED235-2
Added Pin To Net: NetName=NetLED235_2 Pin=LED236-4
Added Net: Name=NetLED235_2
Added Pin To Net: NetName=NetLED236_2 Pin=LED236-2
Added Pin To Net: NetName=NetLED236_2 Pin=LED237-4
Added Net: Name=NetLED236_2
Added Pin To Net: NetName=NetLED237_2 Pin=LED237-2
Added Pin To Net: NetName=NetLED237_2 Pin=LED238-4
Added Net: Name=NetLED237_2
Added Pin To Net: NetName=NetLED238_2 Pin=LED238-2
Added Pin To Net: NetName=NetLED238_2 Pin=LED239-4
Added Net: Name=NetLED238_2
Added Pin To Net: NetName=NetLED239_2 Pin=LED239-2
Added Pin To Net: NetName=NetLED239_2 Pin=LED240-4
Added Net: Name=NetLED239_2
Added Pin To Net: NetName=NetLED241_2 Pin=LED241-2
Added Pin To Net: NetName=NetLED241_2 Pin=LED242-4
Added Net: Name=NetLED241_2
Added Pin To Net: NetName=NetLED242_2 Pin=LED242-2
Added Pin To Net: NetName=NetLED242_2 Pin=LED243-4
Added Net: Name=NetLED242_2
Added Pin To Net: NetName=NetLED243_2 Pin=LED243-2
Added Pin To Net: NetName=NetLED243_2 Pin=LED244-4
Added Net: Name=NetLED243_2
Added Pin To Net: NetName=NetLED244_2 Pin=LED244-2
Added Pin To Net: NetName=NetLED244_2 Pin=LED245-4
Added Net: Name=NetLED244_2
Added Pin To Net: NetName=NetLED245_2 Pin=LED245-2
Added Pin To Net: NetName=NetLED245_2 Pin=LED246-4
Added Net: Name=NetLED245_2
Added Pin To Net: NetName=NetLED246_2 Pin=LED246-2
Added Pin To Net: NetName=NetLED246_2 Pin=LED247-4
Added Net: Name=NetLED246_2
Added Pin To Net: NetName=NetLED247_2 Pin=LED247-2
Added Pin To Net: NetName=NetLED247_2 Pin=LED248-4
Added Net: Name=NetLED247_2
Added Pin To Net: NetName=NetLED248_2 Pin=LED248-2
Added Pin To Net: NetName=NetLED248_2 Pin=LED249-4
Added Net: Name=NetLED248_2
Added Pin To Net: NetName=NetLED249_2 Pin=LED249-2
Added Pin To Net: NetName=NetLED249_2 Pin=LED250-4
Added Net: Name=NetLED249_2
Added Pin To Net: NetName=NetLED250_2 Pin=LED250-2
Added Pin To Net: NetName=NetLED250_2 Pin=LED251-4
Added Net: Name=NetLED250_2
Added Pin To Net: NetName=NetLED251_2 Pin=LED251-2
Added Pin To Net: NetName=NetLED251_2 Pin=LED252-4
Added Net: Name=NetLED251_2
Added Pin To Net: NetName=NetLED252_2 Pin=LED252-2
Added Pin To Net: NetName=NetLED252_2 Pin=LED253-4
Added Net: Name=NetLED252_2
Added Pin To Net: NetName=NetLED253_2 Pin=LED253-2
Added Pin To Net: NetName=NetLED253_2 Pin=LED254-4
Added Net: Name=NetLED253_2
Added Pin To Net: NetName=NetLED254_2 Pin=LED254-2
Added Pin To Net: NetName=NetLED254_2 Pin=LED255-4
Added Net: Name=NetLED254_2
Added Pin To Net: NetName=NetLED255_2 Pin=LED255-2
Added Pin To Net: NetName=NetLED255_2 Pin=LED256-4
Added Net: Name=NetLED255_2
Added Member To Class: ClassName=ScreenRGB Member=Component LED129 RGB_WS2812C
Added Member To Class: ClassName=ScreenRGB Member=Component LED130 RGB_WS2812C
Added Member To Class: ClassName=ScreenRGB Member=Component LED131 RGB_WS2812C
Added Member To Class: ClassName=ScreenRGB Member=Component LED132 RGB_WS2812C
Added Member To Class: ClassName=ScreenRGB Member=Component LED133 RGB_WS2812C
Added Member To Class: ClassName=ScreenRGB Member=Component LED134 RGB_WS2812C
Added Member To Class: ClassName=ScreenRGB Member=Component LED135 RGB_WS2812C
Added Member To Class: ClassName=ScreenRGB Member=Component LED136 RGB_WS2812C
Added Member To Class: ClassName=ScreenRGB Member=Component LED137 RGB_WS2812C
Added Member To Class: ClassName=ScreenRGB Member=Component LED138 RGB_WS2812C
Added Member To Class: ClassName=ScreenRGB Member=Component LED139 RGB_WS2812C
Added Member To Class: ClassName=ScreenRGB Member=Component LED140 RGB_WS2812C
Added Member To Class: ClassName=ScreenRGB Member=Component LED141 RGB_WS2812C
Added Member To Class: ClassName=ScreenRGB Member=Component LED142 RGB_WS2812C
Added Member To Class: ClassName=ScreenRGB Member=Component LED143 RGB_WS2812C
Added Member To Class: ClassName=ScreenRGB Member=Component LED144 RGB_WS2812C
Added Member To Class: ClassName=ScreenRGB Member=Component LED145 RGB_WS2812C
Added Member To Class: ClassName=ScreenRGB Member=Component LED146 RGB_WS2812C
Added Member To Class: ClassName=ScreenRGB Member=Component LED147 RGB_WS2812C
Added Member To Class: ClassName=ScreenRGB Member=Component LED148 RGB_WS2812C
Added Member To Class: ClassName=ScreenRGB Member=Component LED149 RGB_WS2812C
Added Member To Class: ClassName=ScreenRGB Member=Component LED150 RGB_WS2812C
Added Member To Class: ClassName=ScreenRGB Member=Component LED151 RGB_WS2812C
Added Member To Class: ClassName=ScreenRGB Member=Component LED152 RGB_WS2812C
Added Member To Class: ClassName=ScreenRGB Member=Component LED153 RGB_WS2812C
Added Member To Class: ClassName=ScreenRGB Member=Component LED154 RGB_WS2812C
Added Member To Class: ClassName=ScreenRGB Member=Component LED155 RGB_WS2812C
Added Member To Class: ClassName=ScreenRGB Member=Component LED156 RGB_WS2812C
Added Member To Class: ClassName=ScreenRGB Member=Component LED157 RGB_WS2812C
Added Member To Class: ClassName=ScreenRGB Member=Component LED158 RGB_WS2812C
Added Member To Class: ClassName=ScreenRGB Member=Component LED159 RGB_WS2812C
Added Member To Class: ClassName=ScreenRGB Member=Component LED160 RGB_WS2812C
Added Member To Class: ClassName=ScreenRGB Member=Component LED161 RGB_WS2812C
Added Member To Class: ClassName=ScreenRGB Member=Component LED162 RGB_WS2812C
Added Member To Class: ClassName=ScreenRGB Member=Component LED163 RGB_WS2812C
Added Member To Class: ClassName=ScreenRGB Member=Component LED164 RGB_WS2812C
Added Member To Class: ClassName=ScreenRGB Member=Component LED165 RGB_WS2812C
Added Member To Class: ClassName=ScreenRGB Member=Component LED166 RGB_WS2812C
Added Member To Class: ClassName=ScreenRGB Member=Component LED167 RGB_WS2812C
Added Member To Class: ClassName=ScreenRGB Member=Component LED168 RGB_WS2812C
Added Member To Class: ClassName=ScreenRGB Member=Component LED169 RGB_WS2812C
Added Member To Class: ClassName=ScreenRGB Member=Component LED170 RGB_WS2812C
Added Member To Class: ClassName=ScreenRGB Member=Component LED171 RGB_WS2812C
Added Member To Class: ClassName=ScreenRGB Member=Component LED172 RGB_WS2812C
Added Member To Class: ClassName=ScreenRGB Member=Component LED173 RGB_WS2812C
Added Member To Class: ClassName=ScreenRGB Member=Component LED174 RGB_WS2812C
Added Member To Class: ClassName=ScreenRGB Member=Component LED175 RGB_WS2812C
Added Member To Class: ClassName=ScreenRGB Member=Component LED176 RGB_WS2812C
Added Member To Class: ClassName=ScreenRGB Member=Component LED177 RGB_WS2812C
Added Member To Class: ClassName=ScreenRGB Member=Component LED178 RGB_WS2812C
Added Member To Class: ClassName=ScreenRGB Member=Component LED179 RGB_WS2812C
Added Member To Class: ClassName=ScreenRGB Member=Component LED180 RGB_WS2812C
Added Member To Class: ClassName=ScreenRGB Member=Component LED181 RGB_WS2812C
Added Member To Class: ClassName=ScreenRGB Member=Component LED182 RGB_WS2812C
Added Member To Class: ClassName=ScreenRGB Member=Component LED183 RGB_WS2812C
Added Member To Class: ClassName=ScreenRGB Member=Component LED184 RGB_WS2812C
Added Member To Class: ClassName=ScreenRGB Member=Component LED185 RGB_WS2812C
Added Member To Class: ClassName=ScreenRGB Member=Component LED186 RGB_WS2812C
Added Member To Class: ClassName=ScreenRGB Member=Component LED187 RGB_WS2812C
Added Member To Class: ClassName=ScreenRGB Member=Component LED188 RGB_WS2812C
Added Member To Class: ClassName=ScreenRGB Member=Component LED189 RGB_WS2812C
Added Member To Class: ClassName=ScreenRGB Member=Component LED190 RGB_WS2812C
Added Member To Class: ClassName=ScreenRGB Member=Component LED191 RGB_WS2812C
Added Member To Class: ClassName=ScreenRGB Member=Component LED192 RGB_WS2812C
Added Member To Class: ClassName=ScreenRGB Member=Component LED193 RGB_WS2812C
Added Member To Class: ClassName=ScreenRGB Member=Component LED194 RGB_WS2812C
Added Member To Class: ClassName=ScreenRGB Member=Component LED195 RGB_WS2812C
Added Member To Class: ClassName=ScreenRGB Member=Component LED196 RGB_WS2812C
Added Member To Class: ClassName=ScreenRGB Member=Component LED197 RGB_WS2812C
Added Member To Class: ClassName=ScreenRGB Member=Component LED198 RGB_WS2812C
Added Member To Class: ClassName=ScreenRGB Member=Component LED199 RGB_WS2812C
Added Member To Class: ClassName=ScreenRGB Member=Component LED200 RGB_WS2812C
Added Member To Class: ClassName=ScreenRGB Member=Component LED201 RGB_WS2812C
Added Member To Class: ClassName=ScreenRGB Member=Component LED202 RGB_WS2812C
Added Member To Class: ClassName=ScreenRGB Member=Component LED203 RGB_WS2812C
Added Member To Class: ClassName=ScreenRGB Member=Component LED204 RGB_WS2812C
Added Member To Class: ClassName=ScreenRGB Member=Component LED205 RGB_WS2812C
Added Member To Class: ClassName=ScreenRGB Member=Component LED206 RGB_WS2812C
Added Member To Class: ClassName=ScreenRGB Member=Component LED207 RGB_WS2812C
Added Member To Class: ClassName=ScreenRGB Member=Component LED208 RGB_WS2812C
Added Member To Class: ClassName=ScreenRGB Member=Component LED209 RGB_WS2812C
Added Member To Class: ClassName=ScreenRGB Member=Component LED210 RGB_WS2812C
Added Member To Class: ClassName=ScreenRGB Member=Component LED211 RGB_WS2812C
Added Member To Class: ClassName=ScreenRGB Member=Component LED212 RGB_WS2812C
Added Member To Class: ClassName=ScreenRGB Member=Component LED213 RGB_WS2812C
Added Member To Class: ClassName=ScreenRGB Member=Component LED214 RGB_WS2812C
Added Member To Class: ClassName=ScreenRGB Member=Component LED215 RGB_WS2812C
Added Member To Class: ClassName=ScreenRGB Member=Component LED216 RGB_WS2812C
Added Member To Class: ClassName=ScreenRGB Member=Component LED217 RGB_WS2812C
Added Member To Class: ClassName=ScreenRGB Member=Component LED218 RGB_WS2812C
Added Member To Class: ClassName=ScreenRGB Member=Component LED219 RGB_WS2812C
Added Member To Class: ClassName=ScreenRGB Member=Component LED220 RGB_WS2812C
Added Member To Class: ClassName=ScreenRGB Member=Component LED221 RGB_WS2812C
Added Member To Class: ClassName=ScreenRGB Member=Component LED222 RGB_WS2812C
Added Member To Class: ClassName=ScreenRGB Member=Component LED223 RGB_WS2812C
Added Member To Class: ClassName=ScreenRGB Member=Component LED224 RGB_WS2812C
Added Member To Class: ClassName=ScreenRGB Member=Component LED225 RGB_WS2812C
Added Member To Class: ClassName=ScreenRGB Member=Component LED226 RGB_WS2812C
Added Member To Class: ClassName=ScreenRGB Member=Component LED227 RGB_WS2812C
Added Member To Class: ClassName=ScreenRGB Member=Component LED228 RGB_WS2812C
Added Member To Class: ClassName=ScreenRGB Member=Component LED229 RGB_WS2812C
Added Member To Class: ClassName=ScreenRGB Member=Component LED230 RGB_WS2812C
Added Member To Class: ClassName=ScreenRGB Member=Component LED231 RGB_WS2812C
Added Member To Class: ClassName=ScreenRGB Member=Component LED232 RGB_WS2812C
Added Member To Class: ClassName=ScreenRGB Member=Component LED233 RGB_WS2812C
Added Member To Class: ClassName=ScreenRGB Member=Component LED234 RGB_WS2812C
Added Member To Class: ClassName=ScreenRGB Member=Component LED235 RGB_WS2812C
Added Member To Class: ClassName=ScreenRGB Member=Component LED236 RGB_WS2812C
Added Member To Class: ClassName=ScreenRGB Member=Component LED237 RGB_WS2812C
Added Member To Class: ClassName=ScreenRGB Member=Component LED238 RGB_WS2812C
Added Member To Class: ClassName=ScreenRGB Member=Component LED239 RGB_WS2812C
Added Member To Class: ClassName=ScreenRGB Member=Component LED240 RGB_WS2812C
Added Member To Class: ClassName=ScreenRGB Member=Component LED241 RGB_WS2812C
Added Member To Class: ClassName=ScreenRGB Member=Component LED242 RGB_WS2812C
Added Member To Class: ClassName=ScreenRGB Member=Component LED243 RGB_WS2812C
Added Member To Class: ClassName=ScreenRGB Member=Component LED244 RGB_WS2812C
Added Member To Class: ClassName=ScreenRGB Member=Component LED245 RGB_WS2812C
Added Member To Class: ClassName=ScreenRGB Member=Component LED246 RGB_WS2812C
Added Member To Class: ClassName=ScreenRGB Member=Component LED247 RGB_WS2812C
Added Member To Class: ClassName=ScreenRGB Member=Component LED248 RGB_WS2812C
Added Member To Class: ClassName=ScreenRGB Member=Component LED249 RGB_WS2812C
Added Member To Class: ClassName=ScreenRGB Member=Component LED250 RGB_WS2812C
Added Member To Class: ClassName=ScreenRGB Member=Component LED251 RGB_WS2812C
Added Member To Class: ClassName=ScreenRGB Member=Component LED252 RGB_WS2812C
Added Member To Class: ClassName=ScreenRGB Member=Component LED253 RGB_WS2812C
Added Member To Class: ClassName=ScreenRGB Member=Component LED254 RGB_WS2812C
Added Member To Class: ClassName=ScreenRGB Member=Component LED255 RGB_WS2812C
Added Member To Class: ClassName=ScreenRGB Member=Component LED256 RGB_WS2812C
Added Room: Name=ScreenRGB
