Added Component: Designator=C38(CAP_0603)
Added Component: Designator=C39(CAP_0603)
Added Component: Designator=C40(CAP_0603)
Added Component: Designator=C41(CAP_0603)
Added Component: Designator=C42(CAP_0603)
Added Component: Designator=C43(CAP_0603)
Added Component: Designator=U1(SOIC-8_150MIL)
Added Component: Designator=U2(LQFP_48_7X7)
Added Component: Designator=Y1(OSC-SMD_L5.0-W3.2)
Added Pin To Net: NetName=GND Pin=C38-1
Added Pin To Net: NetName=GND Pin=C39-1
Added Pin To Net: NetName=GND Pin=C40-1
Added Pin To Net: NetName=GND Pin=C41-1
Added Pin To Net: NetName=GND Pin=C42-1
Added Pin To Net: NetName=GND Pin=C43-1
Added Pin To Net: NetName=GND Pin=U2-8
Added Pin To Net: NetName=GND Pin=U2-23
Added Pin To Net: NetName=GND Pin=U2-35
Added Pin To Net: NetName=GND Pin=U2-47
Added Pin To Net: NetName=GND Pin=USB1-1
Added Pin To Net: NetName=GND Pin=USB1-2
Added Pin To Net: NetName=GND Pin=USB1-3
Added Pin To Net: NetName=GND Pin=USB1-4
Added Pin To Net: NetName=GND Pin=USB1-A12
Added Pin To Net: NetName=GND Pin=USB1-B12
Added Pin To Net: NetName=NetC38_2 Pin=C38-2
Added Pin To Net: NetName=NetC38_2 Pin=U2-5
Added Pin To Net: NetName=NetC38_2 Pin=Y1-1
Added Net: Name=NetC38_2
Added Pin To Net: NetName=NetC39_2 Pin=C39-2
Added Pin To Net: NetName=NetC39_2 Pin=U2-6
Added Pin To Net: NetName=NetC39_2 Pin=Y1-2
Added Net: Name=NetC39_2
Added Pin To Net: NetName=VBUS Pin=USB1-A9
Added Pin To Net: NetName=VBUS Pin=USB1-B9
Added Net: Name=VBUS
Added Pin To Net: NetName=VCC_MCU Pin=C40-2
Added Pin To Net: NetName=VCC_MCU Pin=C41-2
Added Pin To Net: NetName=VCC_MCU Pin=C42-2
Added Pin To Net: NetName=VCC_MCU Pin=C43-2
Added Pin To Net: NetName=VCC_MCU Pin=U2-1
Added Pin To Net: NetName=VCC_MCU Pin=U2-9
Added Pin To Net: NetName=VCC_MCU Pin=U2-24
Added Pin To Net: NetName=VCC_MCU Pin=U2-36
Added Pin To Net: NetName=VCC_MCU Pin=U2-48
Added Net: Name=VCC_MCU
Added Member To Class: ClassName=WS2812RGB Member=Component C38 22p
Added Member To Class: ClassName=WS2812RGB Member=Component C39 22p
Added Member To Class: ClassName=WS2812RGB Member=Component C40 104
Added Member To Class: ClassName=WS2812RGB Member=Component C41 104
Added Member To Class: ClassName=WS2812RGB Member=Component C42 104
Added Member To Class: ClassName=WS2812RGB Member=Component C43 104
Added Member To Class: ClassName=WS2812RGB Member=Component U1 LMV358IDR
Added Member To Class: ClassName=WS2812RGB Member=Component U2 STM32F103C8T6
Added Member To Class: ClassName=WS2812RGB Member=Component Y1 8MHz
