Change Component Designator: OldDesignator=C18 NewDesignator=C44
Change Component Designator: OldDesignator=C19 NewDesignator=C18
Change Component Designator: OldDesignator=C20 NewDesignator=C19
Change Component Designator: OldDesignator=C21 NewDesignator=C20
Change Component Designator: OldDesignator=C22 NewDesignator=C21
Change Component Designator: OldDesignator=C23 NewDesignator=C47
Change Component Designator: OldDesignator=C24 NewDesignator=C22
Change Component Designator: OldDesignator=C25 NewDesignator=C50
Change Component Designator: OldDesignator=C26 NewDesignator=C23
Change Component Designator: OldDesignator=C27 NewDesignator=C24
Change Component Designator: OldDesignator=C28 NewDesignator=C25
Change Component Designator: OldDesignator=C29 NewDesignator=C26
Change Component Designator: OldDesignator=C30 NewDesignator=C27
Change Component Designator: OldDesignator=C31 NewDesignator=C28
Change Component Designator: OldDesignator=C32 NewDesignator=C40
Change Component Designator: OldDesignator=C33 NewDesignator=C29
Change Component Designator: OldDesignator=C34 NewDesignator=C41
Change Component Designator: OldDesignator=C35 NewDesignator=C42
Change Component Designator: OldDesignator=C36 NewDesignator=C43
Change Component Designator: OldDesignator=C37 NewDesignator=C30
Change Component Designator: OldDesignator=C38 NewDesignator=C48
Change Component Designator: OldDesignator=C39 NewDesignator=C31
Change Component Designator: OldDesignator=C40 NewDesignator=C32
Change Component Designator: OldDesignator=C41 NewDesignator=C52
Change Component Designator: OldDesignator=C42 NewDesignator=C53
Change Component Designator: OldDesignator=C43 NewDesignator=C54
Change Component Designator: OldDesignator=C44 NewDesignator=C33
Change Component Designator: OldDesignator=C45 NewDesignator=C34
Change Component Designator: OldDesignator=C46 NewDesignator=C55
Change Component Designator: OldDesignator=C47 NewDesignator=C35
Change Component Designator: OldDesignator=C48 NewDesignator=C36
Change Component Designator: OldDesignator=C49 NewDesignator=C37
Change Component Designator: OldDesignator=C50 NewDesignator=C38
Change Component Designator: OldDesignator=C51 NewDesignator=C39
Change Component Designator: OldDesignator=C52 NewDesignator=C45
Change Component Designator: OldDesignator=C53 NewDesignator=C46
Change Component Designator: OldDesignator=C54 NewDesignator=C49
Change Component Designator: OldDesignator=C55 NewDesignator=C51
Change Component Designator: OldDesignator=U1 NewDesignator=U2
Change Component Designator: OldDesignator=U2 NewDesignator=U3
Change Component Designator: OldDesignator=U3 NewDesignator=U1
Change Net Name : Old Net Name=NetC18_1 New Net Name=NetC44_1
Change Net Name : Old Net Name=NetC23_1 New Net Name=NetC47_1
Change Net Name : Old Net Name=NetC25_1 New Net Name=NetC50_1
Change Net Name : Old Net Name=NetC32_2 New Net Name=NetC40_2
Change Net Name : Old Net Name=NetC36_2 New Net Name=NetC43_2
Change Net Name : Old Net Name=NetC38_1 New Net Name=NetC48_1
Change Net Name : Old Net Name=NetC38_2 New Net Name=NetC48_2
Change Net Name : Old Net Name=NetC41_2 New Net Name=NetC52_2
Change Net Name : Old Net Name=NetC42_1 New Net Name=NetC53_1
Change Net Name : Old Net Name=NetC42_2 New Net Name=NetC53_2
Change Net Name : Old Net Name=NetC50_2 New Net Name=NetC38_2
Change Net Name : Old Net Name=NetC51_2 New Net Name=NetC39_2
Added Member To Class: ClassName=WS2812RGB Member=Component C32 104
Added Member To Class: ClassName=WS2812RGB Member=Component C40 104
Added Member To Class: ClassName=WS2812RGB Member=Component C41 100uF
Added Member To Class: ClassName=WS2812RGB Member=Component C42 104
Added Member To Class: ClassName=WS2812RGB Member=Component C43 1uF
Added Member To Class: ClassName=WS2812RGB Member=Component C44 104
Added Member To Class: ClassName=WS2812RGB Member=Component C47 106
Added Member To Class: ClassName=WS2812RGB Member=Component C48 10u
Added Member To Class: ClassName=WS2812RGB Member=Component C50 104
Added Member To Class: ClassName=WS2812RGB Member=Component C52 104
Added Member To Class: ClassName=WS2812RGB Member=Component C53 30pF
Added Member To Class: ClassName=WS2812RGB Member=Component C55 220uF
Added Member To Class: ClassName=WS2812RGB Member=Component MIC1 MIC-GMI6027P-2C44DB
Added Member To Class: ClassName=WS2812RGB Member=Component R1 510
Added Member To Class: ClassName=WS2812RGB Member=Component R2 5k
Added Member To Class: ClassName=WS2812RGB Member=Component R3 5k
Added Member To Class: ClassName=WS2812RGB Member=Component R4 1.2k
Added Member To Class: ClassName=WS2812RGB Member=Component R5 10R
Added Member To Class: ClassName=WS2812RGB Member=Component U2 SGM2028-3.3YN5G/TR
