Removed Pin From Net: NetName=NetLED35_2 Pin=LED35-2
Change Component Designator: OldDesignator=LED31 NewDesignator=LED32
Change Component Designator: OldDesignator=LED32 NewDesignator=LED33
Change Component Designator: OldDesignator=LED33 NewDesignator=LED34
Change Component Designator: OldDesignator=LED34 NewDesignator=LED35
Change Component Designator: OldDesignator=LED35 NewDesignator=LED31
Added Pin To Net: NetName=GND Pin=LED31-3
Added Pin To Net: NetName=GND Pin=LED32-3
Added Pin To Net: NetName=GND Pin=LED33-3
Added Pin To Net: NetName=GND Pin=LED34-3
Added Pin To Net: NetName=NetLED35_2 Pin=LED35-2
Added Pin To Net: NetName=GND Pin=LED35-3
Added Pin To Net: NetName=VBUS Pin=LED36-1
Added Pin To Net: NetName=GND Pin=LED36-3
Change Net Name : Old Net Name=NetLED31_2 New Net Name=NetLED32_2
Change Net Name : Old Net Name=NetLED32_2 New Net Name=NetLED33_2
Added Pin To Net: NetName=NetLED31_2 Pin=LED31-2
Added Pin To Net: NetName=NetLED31_2 Pin=LED35-4
Added Net: Name=NetLED31_2
Added Pin To Net: NetName=NetLED31_4 Pin=LED31-4
Added Pin To Net: NetName=NetLED31_4 Pin=LED34-2
Added Net: Name=NetLED31_4
