Removed Pin From Net: NetName=GND Pin=C36-2
Removed Pin From Net: NetName=GND Pin=C37-1
Removed Pin From Net: NetName=GND Pin=C38-2
Removed Pin From Net: NetName=GND Pin=MIC1-2
Removed Pin From Net: NetName=GND Pin=Q1-2
Removed Pin From Net: NetName=VCC_3.3V Pin=R1-1
Removed Pin From Net: NetName=VCC_3.3V Pin=R3-1
Removed Pin From Net: NetName=GND Pin=R4-2
Removed Pin From Net: NetName=GND Pin=R6-1
Removed Pin From Net: NetName=VCC_3.3V Pin=R7-1
Removed Pin From Net: NetName=GND Pin=SW2-3
Removed Pin From Net: NetName=GND Pin=SW2-4
Removed Pin From Net: NetName=VCC_3.3V Pin=U1-5
Removed Pin From Net: NetName=DIN_6 Pin=U1-6
Removed Pin From Net: NetName=KEY1 Pin=U1-7
Removed Pin From Net: NetName=DIN_1 Pin=U1-9
Removed Pin From Net: NetName=DIN_2 Pin=U1-10
Removed Pin From Net: NetName=DIN_3 Pin=U1-12
Removed Pin From Net: NetName=DIN_4 Pin=U1-14
Removed Pin From Net: NetName=GND Pin=U1-15
Removed Pin From Net: NetName=VCC_3.3V Pin=U1-16
Removed Pin From Net: NetName=KEY2 Pin=U1-17
Removed Pin From Net: NetName=DIN_5 Pin=U1-18
Removed Pin From Net: NetName=VCC Pin=USB1-A9
Removed Pin From Net: NetName=VCC Pin=USB1-B9
Removed Pin From Net: NetName=GND Pin=X1-2
Removed Pin From Net: NetName=GND Pin=X1-4
Removed Member From Class: ClassName=WS2812RGB Member=C35
Removed Member From Class: ClassName=WS2812RGB Member=C36
Removed Member From Class: ClassName=WS2812RGB Member=C37
Removed Member From Class: ClassName=WS2812RGB Member=C38
Removed Member From Class: ClassName=WS2812RGB Member=C39
Removed Member From Class: ClassName=WS2812RGB Member=MIC1
Removed Member From Class: ClassName=WS2812RGB Member=Q1
Removed Member From Class: ClassName=WS2812RGB Member=X1
Change Component Designator: OldDesignator=C17 NewDesignator=C18
Change Component Designator: OldDesignator=C18 NewDesignator=C19
Change Component Designator: OldDesignator=C19 NewDesignator=C20
Change Component Designator: OldDesignator=C20 NewDesignator=C21
Change Component Designator: OldDesignator=C21 NewDesignator=C22
Change Component Designator: OldDesignator=C22 NewDesignator=C23
Change Component Designator: OldDesignator=C23 NewDesignator=C24
Change Component Designator: OldDesignator=C24 NewDesignator=C25
Change Component Designator: OldDesignator=C25 NewDesignator=C26
Change Component Designator: OldDesignator=C26 NewDesignator=C27
Change Component Designator: OldDesignator=C27 NewDesignator=C28
Change Component Designator: OldDesignator=C28 NewDesignator=C29
Change Component Designator: OldDesignator=C29 NewDesignator=C30
Change Component Designator: OldDesignator=C30 NewDesignator=C31
Change Component Designator: OldDesignator=C35 NewDesignator=C32
Change Component Designator: OldDesignator=C39 NewDesignator=C33
Change Component Designator: OldDesignator=C40 NewDesignator=C34
Change Component Designator: OldDesignator=LED25 NewDesignator=LED26
Change Component Designator: OldDesignator=LED26 NewDesignator=LED27
Change Component Designator: OldDesignator=LED27 NewDesignator=LED28
Change Component Designator: OldDesignator=LED28 NewDesignator=LED29
Change Component Designator: OldDesignator=LED29 NewDesignator=LED30
Change Component Designator: OldDesignator=LED30 NewDesignator=LED25
Change Component Designator: OldDesignator=R5 NewDesignator=R7
Change Component Designator: OldDesignator=R8 NewDesignator=R9
Change Component Designator: OldDesignator=SW3 NewDesignator=SW2
Added Component: Designator=C17(CAP_0603)
Added Component: Designator=D1(LED_0603_B)
Added Component: Designator=F1(FUSE_1210)
Added Component: Designator=JP1(CAP_0805)
Added Component: Designator=JP2(CAP_0805)
Added Component: Designator=JP3(CAP_0805)
Added Component: Designator=R1(RES_0402)
Added Component: Designator=R2(RES_0402)
Added Component: Designator=R3(RES_0402)
Added Component: Designator=R4(RES_0402)
Added Component: Designator=R5(RES_0402)
Added Component: Designator=R6(RES_0402)
Added Component: Designator=R8(RES_0402)
Added Component: Designator=R10(RES_0402)
Added Component: Designator=R11(RES_0402)
Added Component: Designator=SW3(SW-SMD_TS-1086E-16)
Added Component: Designator=SW4(SW-SMD_TS-1086E-16)
Added Component: Designator=U1(WIFIM-SMD_ESP-12F-ESP8266MOD)
Added Pin To Net: NetName=VCC_3.3V Pin=C17-1
Added Pin To Net: NetName=GND Pin=C17-2
Added Pin To Net: NetName=GND Pin=D1-C
Added Pin To Net: NetName=VCC Pin=F1-1
Added Pin To Net: NetName=VCC Pin=JP1-1
Added Pin To Net: NetName=GND Pin=JP3-2
Added Pin To Net: NetName=DIN_2 Pin=LED6-2
Added Pin To Net: NetName=DIN_3 Pin=LED12-2
Added Pin To Net: NetName=DIN_4 Pin=LED18-2
Added Pin To Net: NetName=DIN_5 Pin=LED24-2
Added Pin To Net: NetName=DIN_6 Pin=LED30-2
Added Pin To Net: NetName=DIN_1 Pin=LED37-2
Added Pin To Net: NetName=VCC_3.3V Pin=R1-1
Added Pin To Net: NetName=VCC_3.3V Pin=R2-1
Added Pin To Net: NetName=GND Pin=R4-2
Added Pin To Net: NetName=VCC_3.3V Pin=R5-2
Added Pin To Net: NetName=VCC_3.3V Pin=R6-2
Added Pin To Net: NetName=VCC_3.3V Pin=R8-1
Added Pin To Net: NetName=VCC_3.3V Pin=R10-1
Added Pin To Net: NetName=KEY2 Pin=R10-2
Added Pin To Net: NetName=VCC_3.3V Pin=R11-1
Added Pin To Net: NetName=GND Pin=SW3-1
Added Pin To Net: NetName=KEY2 Pin=SW3-2
Added Pin To Net: NetName=GND Pin=SW4-1
Added Pin To Net: NetName=VCC_3.3V Pin=U1-8
Added Pin To Net: NetName=GND Pin=U1-9
Change Net Name : Old Net Name=NetC39_1 New Net Name=NetC33_1
Change Net Name : Old Net Name=NetLED25_2 New Net Name=NetLED26_2
Change Net Name : Old Net Name=NetLED25_4 New Net Name=NetLED25_2
Change Net Name : Old Net Name=NetLED26_2 New Net Name=NetLED27_2
Change Net Name : Old Net Name=NetLED27_2 New Net Name=NetLED28_2
Change Net Name : Old Net Name=NetLED28_2 New Net Name=NetLED29_2
Added Pin To Net: NetName=DIN Pin=LED37-4
Added Pin To Net: NetName=DIN Pin=U1-13
Added Net: Name=DIN
Added Pin To Net: NetName=IO0 Pin=R6-1
Added Pin To Net: NetName=IO0 Pin=U1-12
Added Net: Name=IO0
Added Pin To Net: NetName=KEY3 Pin=R11-2
Added Pin To Net: NetName=KEY3 Pin=SW4-2
Added Net: Name=KEY3
Added Pin To Net: NetName=NetD1_A Pin=D1-A
Added Pin To Net: NetName=NetD1_A Pin=R8-2
Added Net: Name=NetD1_A
Added Pin To Net: NetName=NetF1_2 Pin=F1-2
Added Pin To Net: NetName=NetF1_2 Pin=USB1-A9
Added Pin To Net: NetName=NetF1_2 Pin=USB1-B9
Added Net: Name=NetF1_2
Added Pin To Net: NetName=NetR1_2 Pin=R1-2
Added Pin To Net: NetName=NetR1_2 Pin=U1-3
Added Net: Name=NetR1_2
Added Pin To Net: NetName=NetR3_1 Pin=R3-1
Added Pin To Net: NetName=NetR3_1 Pin=U1-15
Added Net: Name=NetR3_1
Added Pin To Net: NetName=NetR4_1 Pin=R4-1
Added Pin To Net: NetName=NetR4_1 Pin=U1-10
Added Net: Name=NetR4_1
Added Pin To Net: NetName=NetR5_1 Pin=R5-1
Added Pin To Net: NetName=NetR5_1 Pin=U1-11
Added Net: Name=NetR5_1
Added Pin To Net: NetName=RST Pin=JP3-1
Added Pin To Net: NetName=RST Pin=R2-2
Added Pin To Net: NetName=RST Pin=U1-1
Added Net: Name=RST
Added Pin To Net: NetName=RXD Pin=JP2-2
Added Pin To Net: NetName=RXD Pin=R3-2
Added Net: Name=RXD
Added Pin To Net: NetName=TXD Pin=JP2-1
Added Pin To Net: NetName=TXD Pin=U1-16
Added Net: Name=TXD
Added Member To Class: ClassName=WS2812RGB Member=Component D1 LED
Added Member To Class: ClassName=WS2812RGB Member=Component F1 2A/6V
Added Member To Class: ClassName=WS2812RGB Member=Component JP1 104
Added Member To Class: ClassName=WS2812RGB Member=Component JP2 104
Added Member To Class: ClassName=WS2812RGB Member=Component JP3 104
Added Member To Class: ClassName=WS2812RGB Member=Component R9 4.7k
Added Member To Class: ClassName=WS2812RGB Member=Component R10 4.7k
Added Member To Class: ClassName=WS2812RGB Member=Component R11 4.7k
Added Member To Class: ClassName=WS2812RGB Member=Component SW4 TS-1086E-16
Added Room: Name=WS2812RGB
