Change Component Designator: OldDesignator=C18 NewDesignator=C19
Change Component Designator: OldDesignator=C19 NewDesignator=C20
Change Component Designator: OldDesignator=C20 NewDesignator=C21
Change Component Designator: OldDesignator=C21 NewDesignator=C22
Change Component Designator: OldDesignator=C22 NewDesignator=C24
Change Component Designator: OldDesignator=C23 NewDesignator=C26
Change Component Designator: OldDesignator=C24 NewDesignator=C27
Change Component Designator: OldDesignator=C25 NewDesignator=C28
Change Component Designator: OldDesignator=C26 NewDesignator=C29
Change Component Designator: OldDesignator=C27 NewDesignator=C30
Change Component Designator: OldDesignator=C28 NewDesignator=C31
Change Component Designator: OldDesignator=C29 NewDesignator=C32
Change Component Designator: OldDesignator=C30 NewDesignator=C33
Change Component Designator: OldDesignator=C31 NewDesignator=C35
Change Component Designator: OldDesignator=C32 NewDesignator=C36
Change Component Designator: OldDesignator=C33 NewDesignator=C37
Change Component Designator: OldDesignator=C34 NewDesignator=C38
Change Component Designator: OldDesignator=C35 NewDesignator=C39
Change Component Designator: OldDesignator=C36 NewDesignator=C40
Change Component Designator: OldDesignator=C37 NewDesignator=C41
Change Component Designator: OldDesignator=C38 NewDesignator=C43
Change Component Designator: OldDesignator=C39 NewDesignator=C44
Change Component Designator: OldDesignator=C40 NewDesignator=C45
Change Component Designator: OldDesignator=C41 NewDesignator=C46
Change Component Designator: OldDesignator=C42 NewDesignator=C47
Change Component Designator: OldDesignator=C43 NewDesignator=C48
Change Component Designator: OldDesignator=U1 NewDesignator=U2
Change Component Designator: OldDesignator=U2 NewDesignator=U3
Added Component: Designator=C18(CAP_0805)
Added Component: Designator=C23(CAP_0603)
Added Component: Designator=C25(CAP_0603)
Added Component: Designator=C34(CAP_0603)
Added Component: Designator=C42(CAP_0603)
Added Component: Designator=F1(FUSE_1206)
Added Component: Designator=F2(Fuse_0805)
Added Component: Designator=MIC1(MIC-TH_BD6.0-P1.90-D0.4-L)
Added Component: Designator=R1(RES_0603)
Added Component: Designator=R2(RES_0603)
Added Component: Designator=R3(RES_0603)
Added Component: Designator=R4(RES_0603)
Added Component: Designator=R5(RES_0603)
Added Component: Designator=R6(RES_0603)
Added Component: Designator=U1(SOT23_5)
Added Pin To Net: NetName=GND Pin=C18-2
Added Pin To Net: NetName=GND Pin=C23-2
Added Pin To Net: NetName=GND Pin=C25-2
Added Pin To Net: NetName=GND Pin=C42-2
Added Pin To Net: NetName=VBUS Pin=F1-1
Added Pin To Net: NetName=GND Pin=MIC1-2
Added Pin To Net: NetName=GND Pin=R1-1
Added Pin To Net: NetName=GND Pin=R3-1
Added Pin To Net: NetName=GND Pin=R4-1
Added Pin To Net: NetName=GND Pin=R6-1
Added Pin To Net: NetName=GND Pin=U1-2
Added Pin To Net: NetName=GND Pin=U2-4
Added Pin To Net: NetName=VCC Pin=U2-8
Change Net Name : Old Net Name=NetC38_2 New Net Name=NetC43_2
Change Net Name : Old Net Name=NetC39_2 New Net Name=NetC44_2
Added Pin To Net: NetName=NetC18_1 Pin=C18-1
Added Pin To Net: NetName=NetC18_1 Pin=F1-2
Added Pin To Net: NetName=NetC18_1 Pin=U1-1
Added Pin To Net: NetName=NetC18_1 Pin=U1-3
Added Net: Name=NetC18_1
Added Pin To Net: NetName=NetC23_1 Pin=C23-1
Added Pin To Net: NetName=NetC23_1 Pin=U1-4
Added Net: Name=NetC23_1
Added Pin To Net: NetName=NetC25_1 Pin=C25-1
Added Pin To Net: NetName=NetC25_1 Pin=F2-1
Added Pin To Net: NetName=NetC25_1 Pin=U1-5
Added Net: Name=NetC25_1
Added Pin To Net: NetName=NetC34_2 Pin=C34-2
Added Pin To Net: NetName=NetC34_2 Pin=R2-2
Added Pin To Net: NetName=NetC34_2 Pin=U2-1
Added Net: Name=NetC34_2
Added Pin To Net: NetName=NetMIC1_1 Pin=MIC1-1
Added Pin To Net: NetName=NetMIC1_1 Pin=U2-3
Added Net: Name=NetMIC1_1
Added Pin To Net: NetName=NetR1_2 Pin=R1-2
Added Pin To Net: NetName=NetR1_2 Pin=R2-1
Added Pin To Net: NetName=NetR1_2 Pin=U2-2
Added Net: Name=NetR1_2
Added Pin To Net: NetName=NetR4_2 Pin=R4-2
Added Pin To Net: NetName=NetR4_2 Pin=R5-2
Added Pin To Net: NetName=NetR4_2 Pin=U2-6
Added Net: Name=NetR4_2
Added Pin To Net: NetName=OP1 Pin=C34-1
Added Pin To Net: NetName=OP1 Pin=R3-2
Added Pin To Net: NetName=OP1 Pin=U2-5
Added Net: Name=OP1
Added Pin To Net: NetName=VCC_3.3V Pin=F2-2
Added Net: Name=VCC_3.3V
Added Pin To Net: NetName=VOICEOUT Pin=C42-1
Added Pin To Net: NetName=VOICEOUT Pin=R5-1
Added Pin To Net: NetName=VOICEOUT Pin=R6-2
Added Pin To Net: NetName=VOICEOUT Pin=U2-7
Added Net: Name=VOICEOUT
Added Member To Class: ClassName=WS2812RGB Member=Component C44 22p
Added Member To Class: ClassName=WS2812RGB Member=Component C45 104
Added Member To Class: ClassName=WS2812RGB Member=Component C46 104
Added Member To Class: ClassName=WS2812RGB Member=Component C47 104
Added Member To Class: ClassName=WS2812RGB Member=Component C48 104
Added Member To Class: ClassName=WS2812RGB Member=Component F1 2A/6V/(1206)
Added Member To Class: ClassName=WS2812RGB Member=Component F2 0.75A/6V (0805)
Added Member To Class: ClassName=WS2812RGB Member=Component MIC1 MIC-GMI6027P-2C44DB
Added Member To Class: ClassName=WS2812RGB Member=Component R1 510
Added Member To Class: ClassName=WS2812RGB Member=Component R2 510
Added Member To Class: ClassName=WS2812RGB Member=Component R3 4.7k
Added Member To Class: ClassName=WS2812RGB Member=Component R4 4.7k
Added Member To Class: ClassName=WS2812RGB Member=Component R5 unknow
Added Member To Class: ClassName=WS2812RGB Member=Component R6 4.7k
Added Member To Class: ClassName=WS2812RGB Member=Component U3 STM32F103C8T6
