Removed Pin From Net: NetName=VOICEOUT Pin=C42-1
Removed Pin From Net: NetName=GND Pin=C42-2
Removed Pin From Net: NetName=GND Pin=MIC1-2
Removed Pin From Net: NetName=GND Pin=R1-1
Removed Pin From Net: NetName=GND Pin=R3-1
Removed Pin From Net: NetName=GND Pin=R4-1
Removed Pin From Net: NetName=VOICEOUT Pin=R5-1
Removed Pin From Net: NetName=GND Pin=R6-1
Removed Pin From Net: NetName=VOICEOUT Pin=R6-2
Removed Pin From Net: NetName=GND Pin=U2-4
Removed Pin From Net: NetName=VOICEOUT Pin=U2-7
Removed Pin From Net: NetName=VCC Pin=U2-8
Removed Member From Class: ClassName=WS2812RGB Member=R6
Change Component Designator: OldDesignator=C32 NewDesignator=C33
Change Component Designator: OldDesignator=C33 NewDesignator=C37
Change Component Designator: OldDesignator=C35 NewDesignator=C39
Change Component Designator: OldDesignator=C36 NewDesignator=C40
Change Component Designator: OldDesignator=C37 NewDesignator=C44
Change Component Designator: OldDesignator=C38 NewDesignator=C45
Change Component Designator: OldDesignator=C39 NewDesignator=C47
Change Component Designator: OldDesignator=C40 NewDesignator=C48
Change Component Designator: OldDesignator=C41 NewDesignator=C49
Change Component Designator: OldDesignator=C43 NewDesignator=C50
Change Component Designator: OldDesignator=C44 NewDesignator=C51
Change Component Designator: OldDesignator=C45 NewDesignator=C52
Change Component Designator: OldDesignator=C46 NewDesignator=C53
Change Component Designator: OldDesignator=C47 NewDesignator=C54
Change Component Designator: OldDesignator=C48 NewDesignator=C55
Added Component: Designator=C32(CAP_0603)
Added Component: Designator=C34(CAP_0805)
Added Component: Designator=C35(CAP_0603)
Added Component: Designator=C36(CAP_0603)
Added Component: Designator=C38(CAP_0603)
Added Component: Designator=C41(CAP_0603)
Added Component: Designator=C42(CAP_0603)
Added Component: Designator=C43(CAP_0603)
Added Component: Designator=C46(CAPT_6032_C)
Added Component: Designator=MIC1(MIC-TH_BD6.0-P1.90-D0.4-L)
Added Component: Designator=R1(RES_0603)
Added Component: Designator=R2(RES_0603)
Added Component: Designator=R3(RES_0603)
Added Component: Designator=R4(RES_0603)
Added Component: Designator=R5(RES_0603)
Added Component: Designator=U2(SOIC-8_150MIL)
Added Pin To Net: NetName=GND Pin=C32-1
Added Pin To Net: NetName=VCC Pin=C34-1
Added Pin To Net: NetName=GND Pin=C34-2
Added Pin To Net: NetName=GND Pin=C35-1
Added Pin To Net: NetName=VCC Pin=C35-2
Added Pin To Net: NetName=GND Pin=C41-1
Added Pin To Net: NetName=GND Pin=C43-1
Added Pin To Net: NetName=VCC Pin=C43-2
Added Pin To Net: NetName=VOICEOUT Pin=C46-2
Added Pin To Net: NetName=GND Pin=MIC1-2
Added Pin To Net: NetName=VCC Pin=R1-2
Added Pin To Net: NetName=GND Pin=R3-1
Added Pin To Net: NetName=GND Pin=R5-1
Added Pin To Net: NetName=GND Pin=U2-2
Added Pin To Net: NetName=GND Pin=U2-4
Added Pin To Net: NetName=VCC Pin=U2-6
Change Net Name : Old Net Name=NetC43_2 New Net Name=NetC50_2
Change Net Name : Old Net Name=NetC44_2 New Net Name=NetC51_2
Added Pin To Net: NetName=NetC32_2 Pin=C32-2
Added Pin To Net: NetName=NetC32_2 Pin=C36-1
Added Pin To Net: NetName=NetC32_2 Pin=MIC1-1
Added Pin To Net: NetName=NetC32_2 Pin=R1-1
Added Net: Name=NetC32_2
Added Pin To Net: NetName=NetC36_2 Pin=C36-2
Added Pin To Net: NetName=NetC36_2 Pin=R2-1
Added Net: Name=NetC36_2
Added Pin To Net: NetName=NetC38_1 Pin=C38-1
Added Pin To Net: NetName=NetC38_1 Pin=U2-8
Added Net: Name=NetC38_1
Added Pin To Net: NetName=NetC38_2 Pin=C38-2
Added Pin To Net: NetName=NetC38_2 Pin=R4-2
Added Net: Name=NetC38_2
Added Pin To Net: NetName=NetC41_2 Pin=C41-2
Added Pin To Net: NetName=NetC41_2 Pin=U2-7
Added Net: Name=NetC41_2
Added Pin To Net: NetName=NetC42_1 Pin=C42-1
Added Pin To Net: NetName=NetC42_1 Pin=R5-2
Added Net: Name=NetC42_1
Added Pin To Net: NetName=NetC42_2 Pin=C42-2
Added Pin To Net: NetName=NetC42_2 Pin=C46-1
Added Pin To Net: NetName=NetC42_2 Pin=U2-5
Added Net: Name=NetC42_2
Added Pin To Net: NetName=NetR2_2 Pin=R2-2
Added Pin To Net: NetName=NetR2_2 Pin=R3-2
Added Pin To Net: NetName=NetR2_2 Pin=U2-3
Added Net: Name=NetR2_2
Added Pin To Net: NetName=NetR4_1 Pin=R4-1
Added Pin To Net: NetName=NetR4_1 Pin=U2-1
Added Net: Name=NetR4_1
Added Member To Class: ClassName=WS2812RGB Member=Component C18 104
Added Member To Class: ClassName=WS2812RGB Member=Component C23 106
Added Member To Class: ClassName=WS2812RGB Member=Component C25 104
Added Member To Class: ClassName=WS2812RGB Member=Component C34 100uF
Added Member To Class: ClassName=WS2812RGB Member=Component C42 30pF
Added Member To Class: ClassName=WS2812RGB Member=Component C49 104
Added Member To Class: ClassName=WS2812RGB Member=Component C50 22p
Added Member To Class: ClassName=WS2812RGB Member=Component C51 22p
Added Member To Class: ClassName=WS2812RGB Member=Component C52 104
Added Member To Class: ClassName=WS2812RGB Member=Component C53 104
Added Member To Class: ClassName=WS2812RGB Member=Component C54 104
Added Member To Class: ClassName=WS2812RGB Member=Component C55 104
Added Member To Class: ClassName=WS2812RGB Member=Component U1 SGM2028-3.3YN5G/TR
