Removed Pin From Net: NetName=GND Pin=R6-2
Removed Pin From Net: NetName=GND Pin=R7-2
Removed Member From Class: ClassName=WS2812RGB Member=R9
Removed Member From Class: ClassName=WS2812RGB Member=R10
Change Component Designator: OldDesignator=C38 NewDesignator=C40
Change Component Designator: OldDesignator=C39 NewDesignator=C41
Change Component Designator: OldDesignator=R8 NewDesignator=R6
Change Component Designator: OldDesignator=R9 NewDesignator=R7
Change Component Designator: OldDesignator=R10 NewDesignator=R8
Added Component: Designator=C38(CAP_0402)
Added Component: Designator=C39(CAP_0402)
Added Component: Designator=X1(XTAL_SMD_3225)
Added Pin To Net: NetName=GND Pin=C39-2
Added Pin To Net: NetName=GND Pin=X1-4
Change Net Name : Old Net Name=NetC38_1 New Net Name=NetC40_1
Change Net Name : Old Net Name=NetR8_2 New Net Name=NetR6_2
Added Pin To Net: NetName=NetC38_1 Pin=C38-1
Added Pin To Net: NetName=NetC38_1 Pin=C39-1
Added Pin To Net: NetName=NetC38_1 Pin=U1-2
Added Pin To Net: NetName=NetC38_1 Pin=X1-1
Added Pin To Net: NetName=NetC38_1 Pin=X1-2
Added Net: Name=NetC38_1
Added Pin To Net: NetName=NetC38_2 Pin=C38-2
Added Pin To Net: NetName=NetC38_2 Pin=U1-3
Added Pin To Net: NetName=NetC38_2 Pin=X1-3
Added Net: Name=NetC38_2
Added Member To Class: ClassName=WS2812RGB Member=Component C31 104
Added Member To Class: ClassName=WS2812RGB Member=Component C32 104
Added Member To Class: ClassName=WS2812RGB Member=Component C33 104
Added Member To Class: ClassName=WS2812RGB Member=Component C34 104
Added Member To Class: ClassName=WS2812RGB Member=Component C40 106
Added Member To Class: ClassName=WS2812RGB Member=Component C41 104
Added Member To Class: ClassName=WS2812RGB Member=Component R1 1k
Added Member To Class: ClassName=WS2812RGB Member=Component R2 1M
Added Member To Class: ClassName=WS2812RGB Member=Component R3 1k
Added Member To Class: ClassName=WS2812RGB Member=Component R4 1k
Added Member To Class: ClassName=WS2812RGB Member=Component U1 STM32F031F6P6
Added Member To Class: ClassName=WS2812RGB Member=Component X1 8MHz
