Removed Pin From Net: NetName=GND Pin=C31-1
Removed Pin From Net: NetName=GND Pin=C32-1
Removed Pin From Net: NetName=GND Pin=C33-1
Removed Pin From Net: NetName=VBUS Pin=C34-1
Removed Pin From Net: NetName=GND Pin=C34-2
Removed Pin From Net: NetName=GND Pin=C35-1
Removed Pin From Net: NetName=VBUS Pin=C35-2
Removed Pin From Net: NetName=GND Pin=C38-1
Removed Pin From Net: NetName=GND Pin=C39-1
Removed Pin From Net: NetName=GND Pin=C42-1
Removed Pin From Net: NetName=GND Pin=C44-1
Removed Pin From Net: NetName=GND Pin=C45-1
Removed Pin From Net: NetName=GND Pin=C47-1
Removed Pin From Net: NetName=VBUS Pin=C47-2
Removed Pin From Net: NetName=VBUS Pin=F1-1
Removed Pin From Net: NetName=VBUS Pin=F1-2
Removed Pin From Net: NetName=VCC_3.3V Pin=F2-2
Removed Pin From Net: NetName=GND Pin=J1-1
Removed Pin From Net: NetName=GND Pin=J2-1
Removed Pin From Net: NetName=GND Pin=MIC1-2
Removed Pin From Net: NetName=VBUS Pin=R1-2
Removed Pin From Net: NetName=GND Pin=R3-1
Removed Pin From Net: NetName=GND Pin=R5-1
Removed Pin From Net: NetName=GND Pin=U1-8
Removed Pin From Net: NetName=GND Pin=U1-23
Removed Pin From Net: NetName=GND Pin=U1-35
Removed Pin From Net: NetName=GND Pin=U1-47
Removed Pin From Net: NetName=GND Pin=U3-2
Removed Pin From Net: NetName=GND Pin=U3-4
Removed Pin From Net: NetName=VBUS Pin=U3-6
Removed Member From Class: ClassName=WS2812RGB Member=C34
Removed Member From Class: ClassName=WS2812RGB Member=C35
Removed Member From Class: ClassName=WS2812RGB Member=C36
Removed Member From Class: ClassName=WS2812RGB Member=C37
Removed Member From Class: ClassName=WS2812RGB Member=C38
Removed Member From Class: ClassName=WS2812RGB Member=C39
Removed Member From Class: ClassName=WS2812RGB Member=C40
Removed Member From Class: ClassName=WS2812RGB Member=C41
Removed Member From Class: ClassName=WS2812RGB Member=C42
Removed Member From Class: ClassName=WS2812RGB Member=C43
Removed Member From Class: ClassName=WS2812RGB Member=C44
Removed Member From Class: ClassName=WS2812RGB Member=C45
Removed Member From Class: ClassName=WS2812RGB Member=C46
Removed Member From Class: ClassName=WS2812RGB Member=C47
Removed Member From Class: ClassName=WS2812RGB Member=C48
Removed Member From Class: ClassName=WS2812RGB Member=F1
Removed Member From Class: ClassName=WS2812RGB Member=F2
Removed Member From Class: ClassName=WS2812RGB Member=J1
Removed Member From Class: ClassName=WS2812RGB Member=J2
Removed Member From Class: ClassName=WS2812RGB Member=MIC1
Removed Member From Class: ClassName=WS2812RGB Member=R1
Removed Member From Class: ClassName=WS2812RGB Member=R2
Removed Member From Class: ClassName=WS2812RGB Member=R3
Removed Member From Class: ClassName=WS2812RGB Member=R4
Removed Member From Class: ClassName=WS2812RGB Member=R5
Removed Member From Class: ClassName=WS2812RGB Member=U2
Removed Member From Class: ClassName=WS2812RGB Member=U3
Removed Member From Class: ClassName=WS2812RGB Member=Y1
Change Component Designator: OldDesignator=C37 NewDesignator=C31
Change Component Designator: OldDesignator=C40 NewDesignator=C32
Change Component Designator: OldDesignator=C43 NewDesignator=C33
Change Component Designator: OldDesignator=U2 NewDesignator=U1
Added Pin To Net: NetName=VCC_3.3V Pin=C33-1
Added Pin To Net: NetName=VCC_3.3V Pin=U1-5
Change Net Name : Old Net Name=NetC40_1 New Net Name=NetC32_1
Change Net Name : Old Net Name=VBUS New Net Name=VCC
