Removed Pin From Net: NetName=VCC_3.3V Pin=C31-1
Removed Pin From Net: NetName=GND Pin=C31-2
Removed Pin From Net: NetName=VCC_3.3V Pin=C32-1
Removed Pin From Net: NetName=GND Pin=C32-2
Change Component Designator: OldDesignator=C33 NewDesignator=C36
Change Component Designator: OldDesignator=C34 NewDesignator=C37
Change Component Designator: OldDesignator=C35 NewDesignator=C38
Change Component Designator: OldDesignator=C36 NewDesignator=C39
Change Component Designator: OldDesignator=R1 NewDesignator=R6
Change Component Designator: OldDesignator=R2 NewDesignator=R7
Change Component Designator: OldDesignator=R3 NewDesignator=R8
Change Component Designator: OldDesignator=R4 NewDesignator=R9
Change Component Designator: OldDesignator=U2 NewDesignator=U1
Change Component Designator: OldDesignator=U3 NewDesignator=U2
Added Component: Designator=C31(CAP_0603)
Added Component: Designator=C32(CAP_0603)
Added Component: Designator=C33(CAP_0603)
Added Component: Designator=C34(CAP_0402)
Added Component: Designator=C35(CAP_0402)
Added Component: Designator=Q1(SOT-23-3)
Added Component: Designator=R1(RES_0402)
Added Component: Designator=R2(RES_0402)
Added Component: Designator=R3(RES_0402)
Added Component: Designator=R4(RES_0402)
Added Component: Designator=R5(RES_0402)
Added Component: Designator=R10(RES_0402)
Added Pin To Net: NetName=VCC_3.3V Pin=C34-1
Added Pin To Net: NetName=GND Pin=C34-2
Added Pin To Net: NetName=VCC_3.3V Pin=C35-1
Added Pin To Net: NetName=GND Pin=C35-2
Added Pin To Net: NetName=GND Pin=MIC1-2
Added Pin To Net: NetName=GND Pin=Q1-2
Added Pin To Net: NetName=VCC_3.3V Pin=R1-1
Added Pin To Net: NetName=VCC_3.3V Pin=R3-1
Added Pin To Net: NetName=GND Pin=R4-2
Added Pin To Net: NetName=VCC_3.3V Pin=R5-1
Added Pin To Net: NetName=VCC_3.3V Pin=R10-1
Added Pin To Net: NetName=GND Pin=SW1-1
Added Pin To Net: NetName=GND Pin=SW3-1
Change Net Name : Old Net Name=NetC34_1 New Net Name=NetC37_1
Change Net Name : Old Net Name=NetC35_1 New Net Name=NetC38_1
Change Net Name : Old Net Name=NetR1_1 New Net Name=NetR6_1
Change Net Name : Old Net Name=NetR2_1 New Net Name=NetR7_1
Change Net Name : Old Net Name=NetR3_2 New Net Name=NetR8_2
Added Pin To Net: NetName=ADC_VOICE Pin=C32-2
Added Pin To Net: NetName=ADC_VOICE Pin=C33-2
Added Net: Name=ADC_VOICE
Added Pin To Net: NetName=KEY1 Pin=R5-2
Added Pin To Net: NetName=KEY1 Pin=SW1-2
Added Net: Name=KEY1
Added Pin To Net: NetName=KEY2 Pin=R10-2
Added Pin To Net: NetName=KEY2 Pin=SW3-2
Added Net: Name=KEY2
Added Pin To Net: NetName=NetC31_1 Pin=C31-1
Added Pin To Net: NetName=NetC31_1 Pin=MIC1-1
Added Pin To Net: NetName=NetC31_1 Pin=R1-2
Added Net: Name=NetC31_1
Added Pin To Net: NetName=NetC31_2 Pin=C31-2
Added Pin To Net: NetName=NetC31_2 Pin=Q1-1
Added Pin To Net: NetName=NetC31_2 Pin=R2-1
Added Net: Name=NetC31_2
Added Pin To Net: NetName=NetC32_1 Pin=C32-1
Added Pin To Net: NetName=NetC32_1 Pin=Q1-3
Added Pin To Net: NetName=NetC32_1 Pin=R2-2
Added Pin To Net: NetName=NetC32_1 Pin=R3-2
Added Net: Name=NetC32_1
Added Pin To Net: NetName=NetC33_1 Pin=C33-1
Added Pin To Net: NetName=NetC33_1 Pin=R4-1
Added Net: Name=NetC33_1
Added Member To Class: ClassName=WS2812RGB Member=Component C31 104
Added Member To Class: ClassName=WS2812RGB Member=Component C32 104
Added Member To Class: ClassName=WS2812RGB Member=Component C37 104
Added Member To Class: ClassName=WS2812RGB Member=Component C38 106
Added Member To Class: ClassName=WS2812RGB Member=Component C39 104
Added Member To Class: ClassName=WS2812RGB Member=Component Q1 MMBT9014C
Added Member To Class: ClassName=WS2812RGB Member=Component R5 4.7k
Added Member To Class: ClassName=WS2812RGB Member=Component R6 10k
Added Member To Class: ClassName=WS2812RGB Member=Component R7 10k
Added Member To Class: ClassName=WS2812RGB Member=Component R8 10k
Added Member To Class: ClassName=WS2812RGB Member=Component R9 10k
Added Member To Class: ClassName=WS2812RGB Member=Component R10 4.7k
Added Member To Class: ClassName=WS2812RGB Member=Component U1 STM32F031F6P6
