Change Component Designator: Old Designator=C19 New Designator=C34
Change Component Designator: Old Designator=C32 New Designator=C33
Change Component Designator: Old Designator=C33 New Designator=C37
Change Component Designator: Old Designator=C35 New Designator=C36
Change Component Designator: Old Designator=C35 New Designator=C39
Change Component Designator: Old Designator=C36 New Designator=C32
Change Component Designator: Old Designator=C36 New Designator=C40
Change Component Designator: Old Designator=C36 New Designator=C42
Change Component Designator: Old Designator=C37 New Designator=C35
Change Component Designator: Old Designator=C37 New Designator=C38
Change Component Designator: Old Designator=C37 New Designator=C44
Change Component Designator: Old Designator=C38 New Designator=C41
Change Component Designator: Old Designator=C38 New Designator=C45
Change Component Designator: Old Designator=C39 New Designator=C43
Change Component Designator: Old Designator=C39 New Designator=C47
Change Component Designator: Old Designator=C40 New Designator=C48
Change Component Designator: Old Designator=C41 New Designator=C49
Change Component Designator: Old Designator=C43 New Designator=C50
Change Component Designator: Old Designator=C44 New Designator=C51
Change Component Designator: Old Designator=C45 New Designator=C52
Change Component Designator: Old Designator=C46 New Designator=C53
Change Component Designator: Old Designator=C47 New Designator=C54
Change Component Designator: Old Designator=C48 New Designator=C55
Change Component Designator: Old Designator=C New Designator=C46
Change Component Designator: Old Designator=MIC2 New Designator=MIC1
Change Component Designator: Old Designator=R2 New Designator=R1
Change Component Designator: Old Designator=R3 New Designator=R2
Change Component Designator: Old Designator=R4 New Designator=R3
Change Component Designator: Old Designator=R4 New Designator=R5
Change Component Designator: Old Designator=U? New Designator=U2
