Removed Pin From Net: NetName=NetLED1_2 Pin=LED4-4
Removed Pin From Net: NetName=VCC Pin=LED6-1
Removed Pin From Net: NetName=NetLED6_2 Pin=LED6-2
Removed Pin From Net: NetName=GND Pin=LED6-3
Removed Pin From Net: NetName=VCC Pin=LED7-1
Removed Pin From Net: NetName=NetLED7_2 Pin=LED7-2
Removed Pin From Net: NetName=GND Pin=LED7-3
Removed Pin From Net: NetName=VCC Pin=LED8-1
Removed Pin From Net: NetName=GND Pin=LED8-3
Removed Pin From Net: NetName=VCC Pin=LED9-1
Removed Pin From Net: NetName=GND Pin=LED9-3
Removed Pin From Net: NetName=NetLED6_2 Pin=LED9-4
Removed Pin From Net: NetName=VCC Pin=LED10-1
Removed Pin From Net: NetName=GND Pin=LED10-3
Removed Pin From Net: NetName=NetLED7_2 Pin=LED10-4
Removed Pin From Net: NetName=VCC Pin=LED11-1
Removed Pin From Net: NetName=NetLED11_2 Pin=LED11-2
Removed Pin From Net: NetName=GND Pin=LED11-3
Removed Pin From Net: NetName=VCC Pin=LED12-1
Removed Pin From Net: NetName=NetLED12_2 Pin=LED12-2
Removed Pin From Net: NetName=GND Pin=LED12-3
Removed Pin From Net: NetName=VCC Pin=LED13-1
Removed Pin From Net: NetName=GND Pin=LED13-3
Removed Pin From Net: NetName=VCC Pin=LED14-1
Removed Pin From Net: NetName=GND Pin=LED14-3
Removed Pin From Net: NetName=NetLED11_2 Pin=LED14-4
Removed Pin From Net: NetName=VCC Pin=LED15-1
Removed Pin From Net: NetName=GND Pin=LED15-3
Removed Pin From Net: NetName=NetLED12_2 Pin=LED15-4
Removed Pin From Net: NetName=VCC Pin=LED16-1
Removed Pin From Net: NetName=NetLED16_2 Pin=LED16-2
Removed Pin From Net: NetName=GND Pin=LED16-3
Removed Pin From Net: NetName=VCC Pin=LED17-1
Removed Pin From Net: NetName=NetLED17_2 Pin=LED17-2
Removed Pin From Net: NetName=GND Pin=LED17-3
Removed Pin From Net: NetName=VCC Pin=LED18-1
Removed Pin From Net: NetName=GND Pin=LED18-3
Removed Pin From Net: NetName=VCC Pin=LED19-1
Removed Pin From Net: NetName=GND Pin=LED19-3
Removed Pin From Net: NetName=NetLED16_2 Pin=LED19-4
Removed Pin From Net: NetName=VCC Pin=LED20-1
Removed Pin From Net: NetName=GND Pin=LED20-3
Removed Pin From Net: NetName=NetLED17_2 Pin=LED20-4
Removed Pin From Net: NetName=VCC Pin=LED21-1
Removed Pin From Net: NetName=NetLED21_2 Pin=LED21-2
Removed Pin From Net: NetName=GND Pin=LED21-3
Removed Pin From Net: NetName=VCC Pin=LED22-1
Removed Pin From Net: NetName=NetLED22_2 Pin=LED22-2
Removed Pin From Net: NetName=GND Pin=LED22-3
Removed Pin From Net: NetName=VCC Pin=LED23-1
Removed Pin From Net: NetName=GND Pin=LED23-3
Removed Pin From Net: NetName=VCC Pin=LED24-1
Removed Pin From Net: NetName=GND Pin=LED24-3
Removed Pin From Net: NetName=NetLED21_2 Pin=LED24-4
Removed Pin From Net: NetName=VCC Pin=LED25-1
Removed Pin From Net: NetName=GND Pin=LED25-3
Removed Pin From Net: NetName=NetLED22_2 Pin=LED25-4
Removed Pin From Net: NetName=VCC Pin=LED26-1
Removed Pin From Net: NetName=NetLED26_2 Pin=LED26-2
Removed Pin From Net: NetName=GND Pin=LED26-3
Removed Pin From Net: NetName=VCC Pin=LED27-1
Removed Pin From Net: NetName=NetLED27_2 Pin=LED27-2
Removed Pin From Net: NetName=GND Pin=LED27-3
Removed Pin From Net: NetName=VCC Pin=LED28-1
Removed Pin From Net: NetName=GND Pin=LED28-3
Removed Pin From Net: NetName=VCC Pin=LED29-1
Removed Pin From Net: NetName=GND Pin=LED29-3
Removed Pin From Net: NetName=NetLED26_2 Pin=LED29-4
Removed Pin From Net: NetName=VCC Pin=LED30-1
Removed Pin From Net: NetName=GND Pin=LED30-3
Removed Pin From Net: NetName=NetLED27_2 Pin=LED30-4
Removed Pin From Net: NetName=NetLED31_2 Pin=LED33-4
Change Component Designator: OldDesignator=LED2 NewDesignator=LED4
Change Component Designator: OldDesignator=LED3 NewDesignator=LED2
Change Component Designator: OldDesignator=LED4 NewDesignator=LED3
Change Component Designator: OldDesignator=LED32 NewDesignator=LED34
Change Component Designator: OldDesignator=LED34 NewDesignator=LED35
Change Component Designator: OldDesignator=LED35 NewDesignator=LED36
Change Component Designator: OldDesignator=LED36 NewDesignator=LED32
Added Component: Designator=LED6(LED_5050-SMD_4P-WS2812)
Added Component: Designator=LED7(LED_5050-SMD_4P-WS2812)
Added Component: Designator=LED8(LED_5050-SMD_4P-WS2812)
Added Component: Designator=LED9(LED_5050-SMD_4P-WS2812)
Added Component: Designator=LED10(LED_5050-SMD_4P-WS2812)
Added Component: Designator=LED11(LED_5050-SMD_4P-WS2812)
Added Component: Designator=LED12(LED_5050-SMD_4P-WS2812)
Added Component: Designator=LED13(LED_5050-SMD_4P-WS2812)
Added Component: Designator=LED14(LED_5050-SMD_4P-WS2812)
Added Component: Designator=LED15(LED_5050-SMD_4P-WS2812)
Added Component: Designator=LED16(LED_5050-SMD_4P-WS2812)
Added Component: Designator=LED17(LED_5050-SMD_4P-WS2812)
Added Component: Designator=LED18(LED_5050-SMD_4P-WS2812)
Added Component: Designator=LED19(LED_5050-SMD_4P-WS2812)
Added Component: Designator=LED20(LED_5050-SMD_4P-WS2812)
Added Component: Designator=LED21(LED_5050-SMD_4P-WS2812)
Added Component: Designator=LED22(LED_5050-SMD_4P-WS2812)
Added Component: Designator=LED23(LED_5050-SMD_4P-WS2812)
Added Component: Designator=LED24(LED_5050-SMD_4P-WS2812)
Added Component: Designator=LED25(LED_5050-SMD_4P-WS2812)
Added Component: Designator=LED26(LED_5050-SMD_4P-WS2812)
Added Component: Designator=LED27(LED_5050-SMD_4P-WS2812)
Added Component: Designator=LED28(LED_5050-SMD_4P-WS2812)
Added Component: Designator=LED29(LED_5050-SMD_4P-WS2812)
Added Component: Designator=LED30(LED_5050-SMD_4P-WS2812)
Added Pin To Net: NetName=NetLED1_2 Pin=LED2-4
Added Pin To Net: NetName=VCC Pin=LED6-1
Added Pin To Net: NetName=NetLED6_2 Pin=LED6-2
Added Pin To Net: NetName=GND Pin=LED6-3
Added Pin To Net: NetName=VCC Pin=LED7-1
Added Pin To Net: NetName=NetLED7_2 Pin=LED7-2
Added Pin To Net: NetName=GND Pin=LED7-3
Added Pin To Net: NetName=NetLED6_2 Pin=LED7-4
Added Pin To Net: NetName=VCC Pin=LED8-1
Added Pin To Net: NetName=GND Pin=LED8-3
Added Pin To Net: NetName=NetLED7_2 Pin=LED8-4
Added Pin To Net: NetName=VCC Pin=LED9-1
Added Pin To Net: NetName=GND Pin=LED9-3
Added Pin To Net: NetName=VCC Pin=LED10-1
Added Pin To Net: NetName=GND Pin=LED10-3
Added Pin To Net: NetName=VCC Pin=LED11-1
Added Pin To Net: NetName=NetLED11_2 Pin=LED11-2
Added Pin To Net: NetName=GND Pin=LED11-3
Added Pin To Net: NetName=VCC Pin=LED12-1
Added Pin To Net: NetName=NetLED12_2 Pin=LED12-2
Added Pin To Net: NetName=GND Pin=LED12-3
Added Pin To Net: NetName=NetLED11_2 Pin=LED12-4
Added Pin To Net: NetName=VCC Pin=LED13-1
Added Pin To Net: NetName=GND Pin=LED13-3
Added Pin To Net: NetName=NetLED12_2 Pin=LED13-4
Added Pin To Net: NetName=VCC Pin=LED14-1
Added Pin To Net: NetName=GND Pin=LED14-3
Added Pin To Net: NetName=VCC Pin=LED15-1
Added Pin To Net: NetName=GND Pin=LED15-3
Added Pin To Net: NetName=VCC Pin=LED16-1
Added Pin To Net: NetName=NetLED16_2 Pin=LED16-2
Added Pin To Net: NetName=GND Pin=LED16-3
Added Pin To Net: NetName=VCC Pin=LED17-1
Added Pin To Net: NetName=NetLED17_2 Pin=LED17-2
Added Pin To Net: NetName=GND Pin=LED17-3
Added Pin To Net: NetName=NetLED16_2 Pin=LED17-4
Added Pin To Net: NetName=VCC Pin=LED18-1
Added Pin To Net: NetName=GND Pin=LED18-3
Added Pin To Net: NetName=NetLED17_2 Pin=LED18-4
Added Pin To Net: NetName=VCC Pin=LED19-1
Added Pin To Net: NetName=GND Pin=LED19-3
Added Pin To Net: NetName=VCC Pin=LED20-1
Added Pin To Net: NetName=GND Pin=LED20-3
Added Pin To Net: NetName=VCC Pin=LED21-1
Added Pin To Net: NetName=NetLED21_2 Pin=LED21-2
Added Pin To Net: NetName=GND Pin=LED21-3
Added Pin To Net: NetName=VCC Pin=LED22-1
Added Pin To Net: NetName=NetLED22_2 Pin=LED22-2
Added Pin To Net: NetName=GND Pin=LED22-3
Added Pin To Net: NetName=NetLED21_2 Pin=LED22-4
Added Pin To Net: NetName=VCC Pin=LED23-1
Added Pin To Net: NetName=GND Pin=LED23-3
Added Pin To Net: NetName=NetLED22_2 Pin=LED23-4
Added Pin To Net: NetName=VCC Pin=LED24-1
Added Pin To Net: NetName=GND Pin=LED24-3
Added Pin To Net: NetName=VCC Pin=LED25-1
Added Pin To Net: NetName=GND Pin=LED25-3
Added Pin To Net: NetName=VCC Pin=LED26-1
Added Pin To Net: NetName=NetLED26_2 Pin=LED26-2
Added Pin To Net: NetName=GND Pin=LED26-3
Added Pin To Net: NetName=VCC Pin=LED27-1
Added Pin To Net: NetName=NetLED27_2 Pin=LED27-2
Added Pin To Net: NetName=GND Pin=LED27-3
Added Pin To Net: NetName=NetLED26_2 Pin=LED27-4
Added Pin To Net: NetName=VCC Pin=LED28-1
Added Pin To Net: NetName=GND Pin=LED28-3
Added Pin To Net: NetName=NetLED27_2 Pin=LED28-4
Added Pin To Net: NetName=VCC Pin=LED29-1
Added Pin To Net: NetName=GND Pin=LED29-3
Added Pin To Net: NetName=VCC Pin=LED30-1
Added Pin To Net: NetName=GND Pin=LED30-3
Added Pin To Net: NetName=NetLED31_2 Pin=LED32-4
Change Net Name : Old Net Name=NetLED2_2 New Net Name=NetLED4_2
Change Net Name : Old Net Name=NetLED2_4 New Net Name=NetLED3_2
Added Pin To Net: NetName=DIN_1 Pin=LED1-4
Added Pin To Net: NetName=DIN_1 Pin=LED6-4
Added Pin To Net: NetName=DIN_1 Pin=LED11-4
Added Pin To Net: NetName=DIN_1 Pin=LED16-4
Added Pin To Net: NetName=DIN_1 Pin=LED21-4
Added Pin To Net: NetName=DIN_1 Pin=LED26-4
Added Pin To Net: NetName=DIN_1 Pin=LED31-4
Added Pin To Net: NetName=DIN_1 Pin=LED37-4
Added Net: Name=DIN_1
Added Pin To Net: NetName=NetLED2_2 Pin=LED2-2
Added Pin To Net: NetName=NetLED2_2 Pin=LED3-4
Added Net: Name=NetLED2_2
Added Pin To Net: NetName=NetLED8_2 Pin=LED8-2
Added Pin To Net: NetName=NetLED8_2 Pin=LED9-4
Added Net: Name=NetLED8_2
Added Pin To Net: NetName=NetLED9_2 Pin=LED9-2
Added Pin To Net: NetName=NetLED9_2 Pin=LED10-4
Added Net: Name=NetLED9_2
Added Pin To Net: NetName=NetLED13_2 Pin=LED13-2
Added Pin To Net: NetName=NetLED13_2 Pin=LED14-4
Added Net: Name=NetLED13_2
Added Pin To Net: NetName=NetLED14_2 Pin=LED14-2
Added Pin To Net: NetName=NetLED14_2 Pin=LED15-4
Added Net: Name=NetLED14_2
Added Pin To Net: NetName=NetLED18_2 Pin=LED18-2
Added Pin To Net: NetName=NetLED18_2 Pin=LED19-4
Added Net: Name=NetLED18_2
Added Pin To Net: NetName=NetLED19_2 Pin=LED19-2
Added Pin To Net: NetName=NetLED19_2 Pin=LED20-4
Added Net: Name=NetLED19_2
Added Pin To Net: NetName=NetLED23_2 Pin=LED23-2
Added Pin To Net: NetName=NetLED23_2 Pin=LED24-4
Added Net: Name=NetLED23_2
Added Pin To Net: NetName=NetLED24_2 Pin=LED24-2
Added Pin To Net: NetName=NetLED24_2 Pin=LED25-4
Added Net: Name=NetLED24_2
Added Pin To Net: NetName=NetLED28_2 Pin=LED28-2
Added Pin To Net: NetName=NetLED28_2 Pin=LED29-4
Added Net: Name=NetLED28_2
Added Pin To Net: NetName=NetLED29_2 Pin=LED29-2
Added Pin To Net: NetName=NetLED29_2 Pin=LED30-4
Added Net: Name=NetLED29_2
Added Room: Name=WS2812RGB
